<?xml version="1.0" encoding="utf-8"?>
<!DOCTYPE coverage SYSTEM "http://cobertura.sourceforge.net/xml/coverage-04.dtd">
<coverage line-rate="0.513149847094801" branch-rate="0.334507042253521" lines-covered="839" lines-valid="1635" branches-covered="95" branches-valid="284" complexity="436" version="0" timestamp="1671484616">
  <sources>
    <source>C:\Users\viliu\</source>
  </sources>
  <packages>
    <package name="SpendLess.Client" line-rate="0.356368563685637" branch-rate="0.284313725490196" complexity="208">
      <classes>
        <class name="Program" filename="C:\Users\viliu\Documents\GitHub\SpendLess\SpendLess\Client\Program.cs" line-rate="0" branch-rate="1" complexity="1">
          <methods>
            <method name="&lt;Main&gt;$" signature="()" line-rate="0" branch-rate="1" complexity="1">
              <lines>
                <line number="11" hits="0" branch="false" />
                <line number="12" hits="0" branch="false" />
                <line number="13" hits="0" branch="false" />
                <line number="14" hits="0" branch="false" />
                <line number="15" hits="0" branch="false" />
                <line number="16" hits="0" branch="false" />
                <line number="17" hits="0" branch="false" />
                <line number="18" hits="0" branch="false" />
                <line number="19" hits="0" branch="false" />
                <line number="20" hits="0" branch="false" />
                <line number="21" hits="0" branch="false" />
                <line number="22" hits="0" branch="false" />
                <line number="23" hits="0" branch="false" />
                <line number="24" hits="0" branch="false" />
                <line number="25" hits="0" branch="false" />
                <line number="26" hits="0" branch="false" />
                <line number="27" hits="0" branch="false" />
                <line number="28" hits="0" branch="false" />
                <line number="30" hits="0" branch="false" />
              </lines>
            </method>
          </methods>
          <lines>
            <line number="11" hits="0" branch="false" />
            <line number="12" hits="0" branch="false" />
            <line number="13" hits="0" branch="false" />
            <line number="14" hits="0" branch="false" />
            <line number="15" hits="0" branch="false" />
            <line number="16" hits="0" branch="false" />
            <line number="17" hits="0" branch="false" />
            <line number="18" hits="0" branch="false" />
            <line number="19" hits="0" branch="false" />
            <line number="20" hits="0" branch="false" />
            <line number="21" hits="0" branch="false" />
            <line number="22" hits="0" branch="false" />
            <line number="23" hits="0" branch="false" />
            <line number="24" hits="0" branch="false" />
            <line number="25" hits="0" branch="false" />
            <line number="26" hits="0" branch="false" />
            <line number="27" hits="0" branch="false" />
            <line number="28" hits="0" branch="false" />
            <line number="30" hits="0" branch="false" />
          </lines>
        </class>
        <class name="SpendLess.Client.CustomAuthenticationStateProvider" filename="C:\Users\viliu\Documents\GitHub\SpendLess\SpendLess\Client\CustomAuthenticationStateProvider.cs" line-rate="0.85" branch-rate="0.75" complexity="10">
          <methods>
            <method name="ParseClaimsFromJwt" signature="(...)" line-rate="1" branch-rate="1" complexity="1">
              <lines>
                <line number="57" hits="1" branch="false" />
                <line number="58" hits="1" branch="false" />
                <line number="59" hits="1" branch="false" />
                <line number="60" hits="1" branch="false" />
                <line number="61" hits="2" branch="false" />
                <line number="62" hits="1" branch="false" />
              </lines>
            </method>
            <method name="ParseBase64WithoutPadding" signature="(...)" line-rate="0.833333333333333" branch-rate="0.75" complexity="4">
              <lines>
                <line number="65" hits="1" branch="false" />
                <line number="66" hits="1" branch="true" condition-coverage="75% (3/4)" />
                <line number="68" hits="0" branch="false" />
                <line number="69" hits="2" branch="false" />
                <line number="71" hits="1" branch="false" />
                <line number="72" hits="1" branch="false" />
              </lines>
            </method>
            <method name=".ctor" signature="(...)" line-rate="1" branch-rate="1" complexity="1">
              <lines>
                <line number="13" hits="44" branch="false" />
                <line number="14" hits="44" branch="false" />
                <line number="15" hits="44" branch="false" />
                <line number="17" hits="44" branch="false" />
                <line number="18" hits="44" branch="false" />
              </lines>
            </method>
            <method name="GetAuthenticationStateAsync" signature="()" line-rate="0.782608695652174" branch-rate="0.75" complexity="4">
              <lines>
                <line number="21" hits="1" branch="false" />
                <line number="25" hits="1" branch="false" />
                <line number="27" hits="1" branch="false" />
                <line number="28" hits="1" branch="false" />
                <line number="31" hits="1" branch="false" />
                <line number="33" hits="1" branch="true" condition-coverage="100% (2/2)" />
                <line number="34" hits="1" branch="false" />
                <line number="35" hits="1" branch="false" />
                <line number="36" hits="1" branch="false" />
                <line number="37" hits="4" branch="false" />
                <line number="38" hits="1" branch="false" />
                <line number="40" hits="1" branch="true" condition-coverage="50% (1/2)" />
                <line number="41" hits="0" branch="false" />
                <line number="42" hits="0" branch="false" />
                <line number="43" hits="0" branch="false" />
                <line number="44" hits="0" branch="false" />
                <line number="45" hits="0" branch="false" />
                <line number="46" hits="1" branch="false" />
                <line number="48" hits="1" branch="false" />
                <line number="49" hits="1" branch="false" />
                <line number="51" hits="1" branch="false" />
                <line number="53" hits="1" branch="false" />
                <line number="54" hits="1" branch="false" />
              </lines>
            </method>
          </methods>
          <lines>
            <line number="13" hits="44" branch="false" />
            <line number="14" hits="44" branch="false" />
            <line number="15" hits="44" branch="false" />
            <line number="17" hits="44" branch="false" />
            <line number="18" hits="44" branch="false" />
            <line number="21" hits="1" branch="false" />
            <line number="25" hits="1" branch="false" />
            <line number="27" hits="1" branch="false" />
            <line number="28" hits="1" branch="false" />
            <line number="31" hits="1" branch="false" />
            <line number="33" hits="1" branch="true" condition-coverage="100% (2/2)" />
            <line number="34" hits="1" branch="false" />
            <line number="35" hits="1" branch="false" />
            <line number="36" hits="1" branch="false" />
            <line number="37" hits="4" branch="false" />
            <line number="38" hits="1" branch="false" />
            <line number="40" hits="1" branch="true" condition-coverage="50% (1/2)" />
            <line number="41" hits="0" branch="false" />
            <line number="42" hits="0" branch="false" />
            <line number="43" hits="0" branch="false" />
            <line number="44" hits="0" branch="false" />
            <line number="45" hits="0" branch="false" />
            <line number="46" hits="1" branch="false" />
            <line number="48" hits="1" branch="false" />
            <line number="49" hits="1" branch="false" />
            <line number="51" hits="1" branch="false" />
            <line number="53" hits="1" branch="false" />
            <line number="54" hits="1" branch="false" />
            <line number="57" hits="1" branch="false" />
            <line number="58" hits="1" branch="false" />
            <line number="59" hits="1" branch="false" />
            <line number="60" hits="1" branch="false" />
            <line number="61" hits="2" branch="false" />
            <line number="62" hits="1" branch="false" />
            <line number="65" hits="1" branch="false" />
            <line number="66" hits="1" branch="true" condition-coverage="75% (3/4)" />
            <line number="68" hits="0" branch="false" />
            <line number="69" hits="2" branch="false" />
            <line number="71" hits="1" branch="false" />
            <line number="72" hits="1" branch="false" />
          </lines>
        </class>
        <class name="SpendLess.Client.Pages.Goals" filename="C:\Users\viliu\Documents\GitHub\SpendLess\SpendLess\Client\Pages\Goals.razor" line-rate="0" branch-rate="0" complexity="20">
          <methods>
            <method name=".ctor" signature="()" line-rate="0" branch-rate="1" complexity="1">
              <lines>
                <line number="24" hits="0" branch="false" />
                <line number="25" hits="0" branch="false" />
                <line number="26" hits="0" branch="false" />
                <line number="27" hits="0" branch="false" />
              </lines>
            </method>
            <method name="OnInitializedAsync" signature="()" line-rate="0" branch-rate="1" complexity="1">
              <lines>
                <line number="155" hits="0" branch="false" />
                <line number="156" hits="0" branch="false" />
                <line number="157" hits="0" branch="false" />
              </lines>
            </method>
            <method name="Savelist" signature="()" line-rate="0" branch-rate="0" complexity="6">
              <lines>
                <line number="117" hits="0" branch="false" />
                <line number="118" hits="0" branch="true" condition-coverage="0% (0/4)" />
                <line number="119" hits="0" branch="false" />
                <line number="121" hits="0" branch="false" />
                <line number="124" hits="0" branch="true" condition-coverage="0% (0/2)" />
                <line number="126" hits="0" branch="false" />
                <line number="127" hits="0" branch="false" />
                <line number="129" hits="0" branch="false" />
              </lines>
            </method>
            <method name="UpdateCurrentAmount" signature="()" line-rate="0" branch-rate="0" complexity="12">
              <lines>
                <line number="132" hits="0" branch="false" />
                <line number="133" hits="0" branch="true" condition-coverage="0% (0/2)" />
                <line number="134" hits="0" branch="false" />
                <line number="135" hits="0" branch="false" />
                <line number="136" hits="0" branch="false" />
                <line number="139" hits="0" branch="true" condition-coverage="0% (0/2)" />
                <line number="140" hits="0" branch="false" />
                <line number="141" hits="0" branch="true" condition-coverage="0% (0/2)" />
                <line number="142" hits="0" branch="false" />
                <line number="143" hits="0" branch="true" condition-coverage="0% (0/4)" />
                <line number="144" hits="0" branch="true" condition-coverage="0% (0/2)" />
                <line number="146" hits="0" branch="false" />
                <line number="147" hits="0" branch="false" />
                <line number="148" hits="0" branch="false" />
                <line number="149" hits="0" branch="false" />
                <line number="150" hits="0" branch="false" />
                <line number="151" hits="0" branch="false" />
                <line number="152" hits="0" branch="false" />
              </lines>
            </method>
          </methods>
          <lines>
            <line number="24" hits="0" branch="false" />
            <line number="25" hits="0" branch="false" />
            <line number="26" hits="0" branch="false" />
            <line number="27" hits="0" branch="false" />
            <line number="38" hits="0" branch="true" condition-coverage="0% (0/2)" />
            <line number="39" hits="0" branch="false" />
            <line number="40" hits="0" branch="true" condition-coverage="0% (0/2)" />
            <line number="41" hits="0" branch="false" />
            <line number="48" hits="0" branch="true" condition-coverage="0% (0/4)" />
            <line number="52" hits="0" branch="false" />
            <line number="53" hits="0" branch="false" />
            <line number="58" hits="0" branch="false" />
            <line number="61" hits="0" branch="true" condition-coverage="0% (0/2)" />
            <line number="62" hits="0" branch="false" />
            <line number="67" hits="0" branch="false" />
            <line number="68" hits="0" branch="true" condition-coverage="0% (0/2)" />
            <line number="69" hits="0" branch="false" />
            <line number="72" hits="0" branch="false" />
            <line number="74" hits="0" branch="false" />
            <line number="77" hits="0" branch="false" />
            <line number="81" hits="0" branch="false" />
            <line number="84" hits="0" branch="false" />
            <line number="90" hits="0" branch="true" condition-coverage="0% (0/2)" />
            <line number="91" hits="0" branch="false" />
            <line number="92" hits="0" branch="true" condition-coverage="0% (0/2)" />
            <line number="93" hits="0" branch="false" />
            <line number="94" hits="0" branch="false" />
            <line number="96" hits="0" branch="false" />
            <line number="97" hits="0" branch="false" />
            <line number="104" hits="0" branch="false" />
            <line number="107" hits="0" branch="false" />
            <line number="117" hits="0" branch="false" />
            <line number="118" hits="0" branch="true" condition-coverage="0% (0/4)" />
            <line number="119" hits="0" branch="false" />
            <line number="121" hits="0" branch="false" />
            <line number="124" hits="0" branch="true" condition-coverage="0% (0/2)" />
            <line number="126" hits="0" branch="false" />
            <line number="127" hits="0" branch="false" />
            <line number="129" hits="0" branch="false" />
            <line number="132" hits="0" branch="false" />
            <line number="133" hits="0" branch="true" condition-coverage="0% (0/2)" />
            <line number="134" hits="0" branch="false" />
            <line number="135" hits="0" branch="false" />
            <line number="136" hits="0" branch="false" />
            <line number="139" hits="0" branch="true" condition-coverage="0% (0/2)" />
            <line number="140" hits="0" branch="false" />
            <line number="141" hits="0" branch="true" condition-coverage="0% (0/2)" />
            <line number="142" hits="0" branch="false" />
            <line number="143" hits="0" branch="true" condition-coverage="0% (0/4)" />
            <line number="144" hits="0" branch="true" condition-coverage="0% (0/2)" />
            <line number="146" hits="0" branch="false" />
            <line number="147" hits="0" branch="false" />
            <line number="148" hits="0" branch="false" />
            <line number="149" hits="0" branch="false" />
            <line number="150" hits="0" branch="false" />
            <line number="151" hits="0" branch="false" />
            <line number="152" hits="0" branch="false" />
            <line number="155" hits="0" branch="false" />
            <line number="156" hits="0" branch="false" />
            <line number="157" hits="0" branch="false" />
          </lines>
        </class>
        <class name="SpendLess.Client.Pages.Index" filename="C:\Users\viliu\Documents\GitHub\SpendLess\SpendLess\Client\Pages\Index.razor" line-rate="0" branch-rate="1" complexity="1">
          <methods>
            <method name=".ctor" signature="()" line-rate="0" branch-rate="1" complexity="1">
              <lines>
                <line number="39" hits="0" branch="false" />
                <line number="40" hits="0" branch="false" />
              </lines>
            </method>
          </methods>
          <lines>
            <line number="22" hits="0" branch="false" />
            <line number="39" hits="0" branch="false" />
            <line number="40" hits="0" branch="false" />
          </lines>
        </class>
        <class name="SpendLess.Client.Pages.Login" filename="C:\Users\viliu\Documents\GitHub\SpendLess\SpendLess\Client\Pages\Login.razor" line-rate="0" branch-rate="0" complexity="9">
          <methods>
            <method name="register" signature="()" line-rate="0" branch-rate="1" complexity="1">
              <lines>
                <line number="233" hits="0" branch="false" />
                <line number="234" hits="0" branch="false" />
                <line number="235" hits="0" branch="false" />
                <line number="236" hits="0" branch="false" />
                <line number="237" hits="0" branch="false" />
                <line number="238" hits="0" branch="false" />
              </lines>
            </method>
            <method name="login" signature="()" line-rate="0" branch-rate="1" complexity="1">
              <lines>
                <line number="240" hits="0" branch="false" />
                <line number="241" hits="0" branch="false" />
                <line number="242" hits="0" branch="false" />
                <line number="243" hits="0" branch="false" />
                <line number="244" hits="0" branch="false" />
                <line number="245" hits="0" branch="false" />
              </lines>
            </method>
            <method name=".ctor" signature="()" line-rate="0" branch-rate="0" complexity="1">
              <lines>
                <line number="193" hits="0" branch="false" />
                <line number="194" hits="0" branch="false" />
                <line number="195" hits="0" branch="false" />
                <line number="200" hits="0" branch="false" />
                <line number="201" hits="0" branch="true" condition-coverage="0% (0/2)" />
                <line number="202" hits="0" branch="false" />
                <line number="203" hits="0" branch="false" />
                <line number="204" hits="0" branch="false" />
                <line number="205" hits="0" branch="false" />
                <line number="210" hits="0" branch="false" />
                <line number="212" hits="0" branch="true" condition-coverage="0% (0/2)" />
                <line number="213" hits="0" branch="false" />
                <line number="214" hits="0" branch="false" />
                <line number="215" hits="0" branch="false" />
                <line number="216" hits="0" branch="false" />
                <line number="217" hits="0" branch="false" />
                <line number="218" hits="0" branch="false" />
                <line number="219" hits="0" branch="false" />
                <line number="220" hits="0" branch="true" condition-coverage="0% (0/2)" />
                <line number="221" hits="0" branch="false" />
                <line number="222" hits="0" branch="false" />
                <line number="223" hits="0" branch="false" />
                <line number="224" hits="0" branch="false" />
                <line number="227" hits="0" branch="false" />
                <line number="229" hits="0" branch="false" />
                <line number="230" hits="0" branch="false" />
                <line number="231" hits="0" branch="false" />
              </lines>
            </method>
            <method name="RegisterAccount" signature="()" line-rate="0" branch-rate="0" complexity="4">
              <lines>
                <line number="210" hits="0" branch="false" />
                <line number="212" hits="0" branch="true" condition-coverage="0% (0/2)" />
                <line number="213" hits="0" branch="false" />
                <line number="214" hits="0" branch="false" />
                <line number="215" hits="0" branch="false" />
                <line number="216" hits="0" branch="false" />
                <line number="217" hits="0" branch="false" />
                <line number="218" hits="0" branch="false" />
                <line number="219" hits="0" branch="false" />
                <line number="220" hits="0" branch="true" condition-coverage="0% (0/2)" />
                <line number="221" hits="0" branch="false" />
                <line number="222" hits="0" branch="false" />
                <line number="223" hits="0" branch="false" />
                <line number="224" hits="0" branch="false" />
                <line number="227" hits="0" branch="false" />
              </lines>
            </method>
            <method name="ValidateUser" signature="()" line-rate="0" branch-rate="0" complexity="2">
              <lines>
                <line number="200" hits="0" branch="false" />
                <line number="201" hits="0" branch="true" condition-coverage="0% (0/2)" />
                <line number="202" hits="0" branch="false" />
                <line number="203" hits="0" branch="false" />
                <line number="204" hits="0" branch="false" />
                <line number="205" hits="0" branch="false" />
              </lines>
            </method>
          </methods>
          <lines>
            <line number="157" hits="0" branch="false" />
            <line number="169" hits="0" branch="false" />
            <line number="193" hits="0" branch="false" />
            <line number="194" hits="0" branch="false" />
            <line number="195" hits="0" branch="false" />
            <line number="200" hits="0" branch="false" />
            <line number="201" hits="0" branch="true" condition-coverage="0% (0/2)" />
            <line number="202" hits="0" branch="false" />
            <line number="203" hits="0" branch="false" />
            <line number="204" hits="0" branch="false" />
            <line number="205" hits="0" branch="false" />
            <line number="210" hits="0" branch="false" />
            <line number="212" hits="0" branch="true" condition-coverage="0% (0/2)" />
            <line number="213" hits="0" branch="false" />
            <line number="214" hits="0" branch="false" />
            <line number="215" hits="0" branch="false" />
            <line number="216" hits="0" branch="false" />
            <line number="217" hits="0" branch="false" />
            <line number="218" hits="0" branch="false" />
            <line number="219" hits="0" branch="false" />
            <line number="220" hits="0" branch="true" condition-coverage="0% (0/2)" />
            <line number="221" hits="0" branch="false" />
            <line number="222" hits="0" branch="false" />
            <line number="223" hits="0" branch="false" />
            <line number="224" hits="0" branch="false" />
            <line number="227" hits="0" branch="false" />
            <line number="229" hits="0" branch="false" />
            <line number="230" hits="0" branch="false" />
            <line number="231" hits="0" branch="false" />
            <line number="233" hits="0" branch="false" />
            <line number="234" hits="0" branch="false" />
            <line number="235" hits="0" branch="false" />
            <line number="236" hits="0" branch="false" />
            <line number="237" hits="0" branch="false" />
            <line number="238" hits="0" branch="false" />
            <line number="240" hits="0" branch="false" />
            <line number="241" hits="0" branch="false" />
            <line number="242" hits="0" branch="false" />
            <line number="243" hits="0" branch="false" />
            <line number="244" hits="0" branch="false" />
            <line number="245" hits="0" branch="false" />
          </lines>
        </class>
        <class name="SpendLess.Client.Pages.Profile" filename="C:\Users\viliu\Documents\GitHub\SpendLess\SpendLess\Client\Pages\Profile.razor" line-rate="0" branch-rate="1" complexity="NaN">
          <methods />
          <lines>
            <line number="18" hits="0" branch="false" />
          </lines>
        </class>
        <class name="SpendLess.Client.Pages.Register" filename="C:\Users\viliu\Documents\GitHub\SpendLess\SpendLess\Client\Pages\Register.razor" line-rate="0" branch-rate="0" complexity="4">
          <methods>
            <method name="RegisterAccount" signature="()" line-rate="0" branch-rate="0" complexity="4">
              <lines>
                <line number="42" hits="0" branch="false" />
                <line number="44" hits="0" branch="true" condition-coverage="0% (0/2)" />
                <line number="45" hits="0" branch="false" />
                <line number="46" hits="0" branch="false" />
                <line number="47" hits="0" branch="false" />
                <line number="48" hits="0" branch="false" />
                <line number="49" hits="0" branch="false" />
                <line number="50" hits="0" branch="false" />
                <line number="51" hits="0" branch="false" />
                <line number="52" hits="0" branch="true" condition-coverage="0% (0/2)" />
                <line number="53" hits="0" branch="false" />
                <line number="54" hits="0" branch="false" />
                <line number="55" hits="0" branch="false" />
                <line number="56" hits="0" branch="false" />
                <line number="59" hits="0" branch="false" />
              </lines>
            </method>
          </methods>
          <lines>
            <line number="22" hits="0" branch="false" />
            <line number="42" hits="0" branch="false" />
            <line number="44" hits="0" branch="true" condition-coverage="0% (0/2)" />
            <line number="45" hits="0" branch="false" />
            <line number="46" hits="0" branch="false" />
            <line number="47" hits="0" branch="false" />
            <line number="48" hits="0" branch="false" />
            <line number="49" hits="0" branch="false" />
            <line number="50" hits="0" branch="false" />
            <line number="51" hits="0" branch="false" />
            <line number="52" hits="0" branch="true" condition-coverage="0% (0/2)" />
            <line number="53" hits="0" branch="false" />
            <line number="54" hits="0" branch="false" />
            <line number="55" hits="0" branch="false" />
            <line number="56" hits="0" branch="false" />
            <line number="59" hits="0" branch="false" />
          </lines>
        </class>
        <class name="SpendLess.Client.Pages.Stats" filename="C:\Users\viliu\Documents\GitHub\SpendLess\SpendLess\Client\Pages\Stats.razor" line-rate="0" branch-rate="0" complexity="13">
          <methods>
            <method name="get_YearMonth" signature="()" line-rate="0" branch-rate="1" complexity="1">
              <lines>
                <line number="107" hits="0" branch="false" />
                <line number="108" hits="0" branch="false" />
                <line number="109" hits="0" branch="false" />
              </lines>
            </method>
            <method name="set_YearMonth" signature="(...)" line-rate="0" branch-rate="0" complexity="6">
              <lines>
                <line number="111" hits="0" branch="false" />
                <line number="112" hits="0" branch="true" condition-coverage="0% (0/6)" />
                <line number="113" hits="0" branch="false" />
                <line number="114" hits="0" branch="false" />
                <line number="115" hits="0" branch="false" />
                <line number="116" hits="0" branch="false" />
                <line number="117" hits="0" branch="false" />
              </lines>
            </method>
            <method name="get_YearMonthChanged" signature="()" line-rate="0" branch-rate="1" complexity="1">
              <lines>
                <line number="121" hits="0" branch="false" />
              </lines>
            </method>
            <method name="InitDateLabels" signature="()" line-rate="0" branch-rate="1" complexity="1">
              <lines>
                <line number="152" hits="0" branch="false" />
                <line number="153" hits="0" branch="false" />
                <line number="154" hits="0" branch="false" />
              </lines>
            </method>
            <method name=".ctor" signature="()" line-rate="0" branch-rate="0" complexity="1">
              <lines>
                <line number="94" hits="0" branch="false" />
                <line number="101" hits="0" branch="false" />
                <line number="107" hits="0" branch="false" />
                <line number="108" hits="0" branch="false" />
                <line number="109" hits="0" branch="false" />
                <line number="111" hits="0" branch="false" />
                <line number="112" hits="0" branch="true" condition-coverage="0% (0/6)" />
                <line number="113" hits="0" branch="false" />
                <line number="114" hits="0" branch="false" />
                <line number="115" hits="0" branch="false" />
                <line number="116" hits="0" branch="false" />
                <line number="117" hits="0" branch="false" />
                <line number="121" hits="0" branch="false" />
                <line number="123" hits="0" branch="false" />
              </lines>
            </method>
            <method name="OnInitializedAsync" signature="()" line-rate="0" branch-rate="1" complexity="1">
              <lines>
                <line number="158" hits="0" branch="false" />
                <line number="159" hits="0" branch="false" />
                <line number="160" hits="0" branch="false" />
                <line number="161" hits="0" branch="false" />
                <line number="162" hits="0" branch="false" />
              </lines>
            </method>
            <method name="OnParametersSetAsync" signature="()" line-rate="0" branch-rate="0" complexity="2">
              <lines>
                <line number="128" hits="0" branch="false" />
                <line number="129" hits="0" branch="false" />
                <line number="130" hits="0" branch="false" />
                <line number="131" hits="0" branch="false" />
                <line number="133" hits="0" branch="false" />
                <line number="134" hits="0" branch="true" condition-coverage="0% (0/4)" />
                <line number="135" hits="0" branch="false" />
                <line number="136" hits="0" branch="false" />
                <line number="137" hits="0" branch="false" />
                <line number="138" hits="0" branch="false" />
                <line number="139" hits="0" branch="false" />
                <line number="141" hits="0" branch="true" condition-coverage="0% (0/2)" />
                <line number="142" hits="0" branch="false" />
                <line number="143" hits="0" branch="true" condition-coverage="0% (0/2)" />
                <line number="144" hits="0" branch="false" />
                <line number="146" hits="0" branch="false" />
                <line number="148" hits="0" branch="false" />
                <line number="149" hits="0" branch="false" />
              </lines>
            </method>
          </methods>
          <lines>
            <line number="85" hits="0" branch="false" />
            <line number="94" hits="0" branch="false" />
            <line number="101" hits="0" branch="false" />
            <line number="107" hits="0" branch="false" />
            <line number="108" hits="0" branch="false" />
            <line number="109" hits="0" branch="false" />
            <line number="111" hits="0" branch="false" />
            <line number="112" hits="0" branch="true" condition-coverage="0% (0/6)" />
            <line number="113" hits="0" branch="false" />
            <line number="114" hits="0" branch="false" />
            <line number="115" hits="0" branch="false" />
            <line number="116" hits="0" branch="false" />
            <line number="117" hits="0" branch="false" />
            <line number="121" hits="0" branch="false" />
            <line number="123" hits="0" branch="false" />
            <line number="128" hits="0" branch="false" />
            <line number="129" hits="0" branch="false" />
            <line number="130" hits="0" branch="false" />
            <line number="131" hits="0" branch="false" />
            <line number="133" hits="0" branch="false" />
            <line number="134" hits="0" branch="true" condition-coverage="0% (0/4)" />
            <line number="135" hits="0" branch="false" />
            <line number="136" hits="0" branch="false" />
            <line number="137" hits="0" branch="false" />
            <line number="138" hits="0" branch="false" />
            <line number="139" hits="0" branch="false" />
            <line number="141" hits="0" branch="true" condition-coverage="0% (0/2)" />
            <line number="142" hits="0" branch="false" />
            <line number="143" hits="0" branch="true" condition-coverage="0% (0/2)" />
            <line number="144" hits="0" branch="false" />
            <line number="146" hits="0" branch="false" />
            <line number="148" hits="0" branch="false" />
            <line number="149" hits="0" branch="false" />
            <line number="152" hits="0" branch="false" />
            <line number="153" hits="0" branch="false" />
            <line number="154" hits="0" branch="false" />
            <line number="158" hits="0" branch="false" />
            <line number="159" hits="0" branch="false" />
            <line number="160" hits="0" branch="false" />
            <line number="161" hits="0" branch="false" />
            <line number="162" hits="0" branch="false" />
          </lines>
        </class>
        <class name="SpendLess.Client.Pages.Transactions" filename="C:\Users\viliu\Documents\GitHub\SpendLess\SpendLess\Client\Pages\Transactions.razor" line-rate="0" branch-rate="0" complexity="11">
          <methods>
            <method name="BuildRenderTree" signature="(...)" line-rate="0" branch-rate="0" complexity="8">
              <lines>
                <line number="21" hits="0" branch="true" condition-coverage="0% (0/2)" />
                <line number="22" hits="0" branch="false" />
                <line number="26" hits="0" branch="false" />
                <line number="28" hits="0" branch="false" />
                <line number="31" hits="0" branch="false" />
                <line number="42" hits="0" branch="false" />
                <line number="43" hits="0" branch="false" />
                <line number="53" hits="0" branch="true" condition-coverage="0% (0/2)" />
                <line number="55" hits="0" branch="true" condition-coverage="0% (0/2)" />
                <line number="58" hits="0" branch="true" condition-coverage="0% (0/2)" />
                <line number="59" hits="0" branch="false" />
                <line number="70" hits="0" branch="false" />
              </lines>
            </method>
            <method name=".ctor" signature="()" line-rate="0" branch-rate="0" complexity="1">
              <lines>
                <line number="42" hits="0" branch="false" />
                <line number="43" hits="0" branch="false" />
                <line number="53" hits="0" branch="true" condition-coverage="0% (0/2)" />
                <line number="55" hits="0" branch="true" condition-coverage="0% (0/2)" />
                <line number="58" hits="0" branch="true" condition-coverage="0% (0/2)" />
                <line number="59" hits="0" branch="false" />
                <line number="70" hits="0" branch="false" />
                <line number="79" hits="0" branch="false" />
                <line number="80" hits="0" branch="false" />
                <line number="81" hits="0" branch="false" />
                <line number="103" hits="0" branch="true" condition-coverage="0% (0/2)" />
                <line number="104" hits="0" branch="false" />
                <line number="105" hits="0" branch="false" />
                <line number="106" hits="0" branch="false" />
                <line number="113" hits="0" branch="true" condition-coverage="0% (0/2)" />
                <line number="114" hits="0" branch="false" />
                <line number="115" hits="0" branch="false" />
                <line number="117" hits="0" branch="true" condition-coverage="0% (0/2)" />
                <line number="118" hits="0" branch="false" />
                <line number="120" hits="0" branch="true" condition-coverage="0% (0/2)" />
                <line number="121" hits="0" branch="false" />
                <line number="124" hits="0" branch="true" condition-coverage="0% (0/2)" />
                <line number="125" hits="0" branch="false" />
                <line number="126" hits="0" branch="true" condition-coverage="0% (0/2)" />
                <line number="127" hits="0" branch="false" />
                <line number="128" hits="0" branch="false" />
                <line number="130" hits="0" branch="false" />
                <line number="131" hits="0" branch="false" />
                <line number="132" hits="0" branch="false" />
                <line number="133" hits="0" branch="false" />
                <line number="134" hits="0" branch="false" />
                <line number="135" hits="0" branch="false" />
                <line number="136" hits="0" branch="false" />
                <line number="138" hits="0" branch="false" />
                <line number="140" hits="0" branch="false" />
                <line number="141" hits="0" branch="false" />
                <line number="148" hits="0" branch="false" />
                <line number="149" hits="0" branch="false" />
                <line number="150" hits="0" branch="false" />
                <line number="151" hits="0" branch="false" />
                <line number="153" hits="0" branch="false" />
                <line number="154" hits="0" branch="false" />
                <line number="156" hits="0" branch="false" />
              </lines>
            </method>
            <method name="OnInitializedAsync" signature="()" line-rate="0" branch-rate="1" complexity="1">
              <lines>
                <line number="164" hits="0" branch="false" />
                <line number="165" hits="0" branch="false" />
                <line number="166" hits="0" branch="false" />
              </lines>
            </method>
            <method name="Savelist" signature="()" line-rate="0" branch-rate="1" complexity="1">
              <lines>
                <line number="159" hits="0" branch="false" />
                <line number="160" hits="0" branch="false" />
                <line number="161" hits="0" branch="false" />
              </lines>
            </method>
          </methods>
          <lines>
            <line number="21" hits="0" branch="true" condition-coverage="0% (0/2)" />
            <line number="22" hits="0" branch="false" />
            <line number="26" hits="0" branch="false" />
            <line number="28" hits="0" branch="false" />
            <line number="31" hits="0" branch="false" />
            <line number="42" hits="0" branch="false" />
            <line number="43" hits="0" branch="false" />
            <line number="53" hits="0" branch="true" condition-coverage="0% (0/2)" />
            <line number="55" hits="0" branch="true" condition-coverage="0% (0/2)" />
            <line number="58" hits="0" branch="true" condition-coverage="0% (0/2)" />
            <line number="59" hits="0" branch="false" />
            <line number="70" hits="0" branch="false" />
            <line number="79" hits="0" branch="false" />
            <line number="80" hits="0" branch="false" />
            <line number="81" hits="0" branch="false" />
            <line number="103" hits="0" branch="true" condition-coverage="0% (0/2)" />
            <line number="104" hits="0" branch="false" />
            <line number="105" hits="0" branch="false" />
            <line number="106" hits="0" branch="false" />
            <line number="113" hits="0" branch="true" condition-coverage="0% (0/2)" />
            <line number="114" hits="0" branch="false" />
            <line number="115" hits="0" branch="false" />
            <line number="117" hits="0" branch="true" condition-coverage="0% (0/2)" />
            <line number="118" hits="0" branch="false" />
            <line number="120" hits="0" branch="true" condition-coverage="0% (0/2)" />
            <line number="121" hits="0" branch="false" />
            <line number="124" hits="0" branch="true" condition-coverage="0% (0/2)" />
            <line number="125" hits="0" branch="false" />
            <line number="126" hits="0" branch="true" condition-coverage="0% (0/2)" />
            <line number="127" hits="0" branch="false" />
            <line number="128" hits="0" branch="false" />
            <line number="130" hits="0" branch="false" />
            <line number="131" hits="0" branch="false" />
            <line number="132" hits="0" branch="false" />
            <line number="133" hits="0" branch="false" />
            <line number="134" hits="0" branch="false" />
            <line number="135" hits="0" branch="false" />
            <line number="136" hits="0" branch="false" />
            <line number="138" hits="0" branch="false" />
            <line number="140" hits="0" branch="false" />
            <line number="141" hits="0" branch="false" />
            <line number="148" hits="0" branch="false" />
            <line number="149" hits="0" branch="false" />
            <line number="150" hits="0" branch="false" />
            <line number="151" hits="0" branch="false" />
            <line number="153" hits="0" branch="false" />
            <line number="154" hits="0" branch="false" />
            <line number="156" hits="0" branch="false" />
            <line number="159" hits="0" branch="false" />
            <line number="160" hits="0" branch="false" />
            <line number="161" hits="0" branch="false" />
            <line number="164" hits="0" branch="false" />
            <line number="165" hits="0" branch="false" />
            <line number="166" hits="0" branch="false" />
          </lines>
        </class>
        <class name="SpendLess.Client.Services.AuthenticationService" filename="C:\Users\viliu\Documents\GitHub\SpendLess\SpendLess\Client\Services\AuthenticationService.cs" line-rate="0.77" branch-rate="0.730769230769231" complexity="27">
          <methods>
            <method name="CheckPassword" signature="(...)" line-rate="0.928571428571429" branch-rate="0.9" complexity="10">
              <lines>
                <line number="56" hits="8" branch="false" />
                <line number="57" hits="8" branch="true" condition-coverage="100% (2/2)" />
                <line number="58" hits="1" branch="false" />
                <line number="59" hits="1" branch="false" />
                <line number="61" hits="7" branch="true" condition-coverage="100% (2/2)" />
                <line number="62" hits="1" branch="false" />
                <line number="63" hits="6" branch="true" condition-coverage="100% (2/2)" />
                <line number="64" hits="1" branch="false" />
                <line number="65" hits="5" branch="true" condition-coverage="100% (2/2)" />
                <line number="66" hits="2" branch="false" />
                <line number="67" hits="3" branch="true" condition-coverage="50% (1/2)" />
                <line number="68" hits="3" branch="false" />
                <line number="70" hits="0" branch="false" />
                <line number="71" hits="8" branch="false" />
              </lines>
            </method>
            <method name="CheckEmail" signature="(...)" line-rate="0.875" branch-rate="0.75" complexity="4">
              <lines>
                <line number="75" hits="5" branch="false" />
                <line number="76" hits="5" branch="true" condition-coverage="100% (2/2)" />
                <line number="77" hits="1" branch="false" />
                <line number="78" hits="1" branch="false" />
                <line number="81" hits="4" branch="true" condition-coverage="50% (1/2)" />
                <line number="82" hits="4" branch="false" />
                <line number="84" hits="0" branch="false" />
                <line number="86" hits="5" branch="false" />
              </lines>
            </method>
            <method name=".ctor" signature="(...)" line-rate="1" branch-rate="1" complexity="1">
              <lines>
                <line number="17" hits="44" branch="false" />
                <line number="18" hits="44" branch="false" />
                <line number="19" hits="44" branch="false" />
                <line number="20" hits="44" branch="false" />
                <line number="21" hits="44" branch="false" />
                <line number="22" hits="44" branch="false" />
                <line number="24" hits="44" branch="false" />
              </lines>
            </method>
            <method name="CreateAccount" signature="()" line-rate="0.655172413793103" branch-rate="0.5" complexity="4">
              <lines>
                <line number="88" hits="2" branch="false" />
                <line number="89" hits="2" branch="false" />
                <line number="91" hits="2" branch="false" />
                <line number="92" hits="2" branch="false" />
                <line number="93" hits="2" branch="false" />
                <line number="94" hits="2" branch="false" />
                <line number="95" hits="2" branch="false" />
                <line number="97" hits="2" branch="false" />
                <line number="98" hits="2" branch="true" condition-coverage="50% (1/2)" />
                <line number="99" hits="2" branch="false" />
                <line number="100" hits="2" branch="false" />
                <line number="101" hits="2" branch="false" />
                <line number="102" hits="2" branch="true" condition-coverage="50% (1/2)" />
                <line number="103" hits="2" branch="false" />
                <line number="104" hits="2" branch="false" />
                <line number="105" hits="2" branch="false" />
                <line number="106" hits="2" branch="false" />
                <line number="107" hits="2" branch="false" />
                <line number="109" hits="0" branch="false" />
                <line number="110" hits="0" branch="false" />
                <line number="111" hits="0" branch="false" />
                <line number="114" hits="0" branch="false" />
                <line number="115" hits="0" branch="false" />
                <line number="116" hits="0" branch="false" />
                <line number="139" hits="0" branch="false" />
                <line number="140" hits="0" branch="false" />
                <line number="141" hits="0" branch="false" />
                <line number="142" hits="0" branch="false" />
                <line number="147" hits="2" branch="false" />
              </lines>
            </method>
            <method name="GetLoginAuthentication" signature="()" line-rate="0.62962962962963" branch-rate="0.5" complexity="4">
              <lines>
                <line number="151" hits="2" branch="false" />
                <line number="153" hits="2" branch="false" />
                <line number="155" hits="2" branch="false" />
                <line number="156" hits="2" branch="false" />
                <line number="157" hits="2" branch="false" />
                <line number="158" hits="2" branch="false" />
                <line number="159" hits="2" branch="false" />
                <line number="160" hits="2" branch="false" />
                <line number="161" hits="2" branch="true" condition-coverage="50% (1/2)" />
                <line number="162" hits="2" branch="false" />
                <line number="163" hits="2" branch="false" />
                <line number="164" hits="4" branch="true" condition-coverage="50% (1/2)" />
                <line number="165" hits="2" branch="false" />
                <line number="166" hits="2" branch="false" />
                <line number="169" hits="2" branch="false" />
                <line number="170" hits="2" branch="false" />
                <line number="172" hits="0" branch="false" />
                <line number="173" hits="0" branch="false" />
                <line number="174" hits="0" branch="false" />
                <line number="177" hits="0" branch="false" />
                <line number="178" hits="0" branch="false" />
                <line number="179" hits="0" branch="false" />
                <line number="202" hits="0" branch="false" />
                <line number="203" hits="0" branch="false" />
                <line number="204" hits="0" branch="false" />
                <line number="205" hits="0" branch="false" />
                <line number="209" hits="2" branch="false" />
              </lines>
            </method>
            <method name="ValidateLogin" signature="()" line-rate="0.933333333333333" branch-rate="0.75" complexity="4">
              <lines>
                <line number="35" hits="2" branch="false" />
                <line number="37" hits="2" branch="true" condition-coverage="100% (2/2)" />
                <line number="38" hits="1" branch="false" />
                <line number="39" hits="1" branch="false" />
                <line number="40" hits="1" branch="false" />
                <line number="41" hits="1" branch="false" />
                <line number="42" hits="1" branch="false" />
                <line number="43" hits="1" branch="false" />
                <line number="44" hits="1" branch="false" />
                <line number="45" hits="1" branch="true" condition-coverage="50% (1/2)" />
                <line number="46" hits="1" branch="false" />
                <line number="47" hits="1" branch="false" />
                <line number="51" hits="0" branch="false" />
                <line number="52" hits="1" branch="false" />
                <line number="53" hits="2" branch="false" />
              </lines>
            </method>
          </methods>
          <lines>
            <line number="17" hits="44" branch="false" />
            <line number="18" hits="44" branch="false" />
            <line number="19" hits="44" branch="false" />
            <line number="20" hits="44" branch="false" />
            <line number="21" hits="44" branch="false" />
            <line number="22" hits="44" branch="false" />
            <line number="24" hits="44" branch="false" />
            <line number="35" hits="2" branch="false" />
            <line number="37" hits="2" branch="true" condition-coverage="100% (2/2)" />
            <line number="38" hits="1" branch="false" />
            <line number="39" hits="1" branch="false" />
            <line number="40" hits="1" branch="false" />
            <line number="41" hits="1" branch="false" />
            <line number="42" hits="1" branch="false" />
            <line number="43" hits="1" branch="false" />
            <line number="44" hits="1" branch="false" />
            <line number="45" hits="1" branch="true" condition-coverage="50% (1/2)" />
            <line number="46" hits="1" branch="false" />
            <line number="47" hits="1" branch="false" />
            <line number="51" hits="0" branch="false" />
            <line number="52" hits="1" branch="false" />
            <line number="53" hits="2" branch="false" />
            <line number="56" hits="8" branch="false" />
            <line number="57" hits="8" branch="true" condition-coverage="100% (2/2)" />
            <line number="58" hits="1" branch="false" />
            <line number="59" hits="1" branch="false" />
            <line number="61" hits="7" branch="true" condition-coverage="100% (2/2)" />
            <line number="62" hits="1" branch="false" />
            <line number="63" hits="6" branch="true" condition-coverage="100% (2/2)" />
            <line number="64" hits="1" branch="false" />
            <line number="65" hits="5" branch="true" condition-coverage="100% (2/2)" />
            <line number="66" hits="2" branch="false" />
            <line number="67" hits="3" branch="true" condition-coverage="50% (1/2)" />
            <line number="68" hits="3" branch="false" />
            <line number="70" hits="0" branch="false" />
            <line number="71" hits="8" branch="false" />
            <line number="75" hits="5" branch="false" />
            <line number="76" hits="5" branch="true" condition-coverage="100% (2/2)" />
            <line number="77" hits="1" branch="false" />
            <line number="78" hits="1" branch="false" />
            <line number="81" hits="4" branch="true" condition-coverage="50% (1/2)" />
            <line number="82" hits="4" branch="false" />
            <line number="84" hits="0" branch="false" />
            <line number="86" hits="5" branch="false" />
            <line number="88" hits="2" branch="false" />
            <line number="89" hits="2" branch="false" />
            <line number="91" hits="2" branch="false" />
            <line number="92" hits="2" branch="false" />
            <line number="93" hits="2" branch="false" />
            <line number="94" hits="2" branch="false" />
            <line number="95" hits="2" branch="false" />
            <line number="97" hits="2" branch="false" />
            <line number="98" hits="2" branch="true" condition-coverage="50% (1/2)" />
            <line number="99" hits="2" branch="false" />
            <line number="100" hits="2" branch="false" />
            <line number="101" hits="2" branch="false" />
            <line number="102" hits="2" branch="true" condition-coverage="50% (1/2)" />
            <line number="103" hits="2" branch="false" />
            <line number="104" hits="2" branch="false" />
            <line number="105" hits="2" branch="false" />
            <line number="106" hits="2" branch="false" />
            <line number="107" hits="2" branch="false" />
            <line number="109" hits="0" branch="false" />
            <line number="110" hits="0" branch="false" />
            <line number="111" hits="0" branch="false" />
            <line number="114" hits="0" branch="false" />
            <line number="115" hits="0" branch="false" />
            <line number="116" hits="0" branch="false" />
            <line number="139" hits="0" branch="false" />
            <line number="140" hits="0" branch="false" />
            <line number="141" hits="0" branch="false" />
            <line number="142" hits="0" branch="false" />
            <line number="147" hits="2" branch="false" />
            <line number="151" hits="2" branch="false" />
            <line number="153" hits="2" branch="false" />
            <line number="155" hits="2" branch="false" />
            <line number="156" hits="2" branch="false" />
            <line number="157" hits="2" branch="false" />
            <line number="158" hits="2" branch="false" />
            <line number="159" hits="2" branch="false" />
            <line number="160" hits="2" branch="false" />
            <line number="161" hits="2" branch="true" condition-coverage="50% (1/2)" />
            <line number="162" hits="2" branch="false" />
            <line number="163" hits="2" branch="false" />
            <line number="164" hits="4" branch="true" condition-coverage="50% (1/2)" />
            <line number="165" hits="2" branch="false" />
            <line number="166" hits="2" branch="false" />
            <line number="169" hits="2" branch="false" />
            <line number="170" hits="2" branch="false" />
            <line number="172" hits="0" branch="false" />
            <line number="173" hits="0" branch="false" />
            <line number="174" hits="0" branch="false" />
            <line number="177" hits="0" branch="false" />
            <line number="178" hits="0" branch="false" />
            <line number="179" hits="0" branch="false" />
            <line number="202" hits="0" branch="false" />
            <line number="203" hits="0" branch="false" />
            <line number="204" hits="0" branch="false" />
            <line number="205" hits="0" branch="false" />
            <line number="209" hits="2" branch="false" />
          </lines>
        </class>
        <class name="SpendLess.Client.Services.GoalService" filename="C:\Users\viliu\Documents\GitHub\SpendLess\SpendLess\Client\Services\GoalService.cs" line-rate="0.208791208791209" branch-rate="0.05" complexity="22">
          <methods>
            <method name="get_Goals" signature="()" line-rate="1" branch-rate="1" complexity="1">
              <lines>
                <line number="16" hits="44" branch="false" />
              </lines>
            </method>
            <method name=".ctor" signature="(...)" line-rate="1" branch-rate="1" complexity="1">
              <lines>
                <line number="19" hits="44" branch="false" />
                <line number="20" hits="44" branch="false" />
                <line number="21" hits="44" branch="false" />
                <line number="22" hits="44" branch="false" />
                <line number="23" hits="44" branch="false" />
                <line number="24" hits="44" branch="false" />
                <line number="25" hits="44" branch="false" />
              </lines>
            </method>
            <method name="AddGoal" signature="()" line-rate="0" branch-rate="0" complexity="9">
              <lines>
                <line number="58" hits="0" branch="false" />
                <line number="59" hits="0" branch="false" />
                <line number="61" hits="0" branch="false" />
                <line number="62" hits="0" branch="false" />
                <line number="63" hits="0" branch="false" />
                <line number="64" hits="0" branch="false" />
                <line number="67" hits="0" branch="false" />
                <line number="68" hits="0" branch="false" />
                <line number="69" hits="0" branch="true" condition-coverage="0% (0/2)" />
                <line number="70" hits="0" branch="false" />
                <line number="71" hits="0" branch="false" />
                <line number="72" hits="0" branch="false" />
                <line number="73" hits="0" branch="false" />
                <line number="74" hits="0" branch="false" />
                <line number="75" hits="0" branch="false" />
                <line number="77" hits="0" branch="true" condition-coverage="0% (0/2)" />
                <line number="78" hits="0" branch="false" />
                <line number="81" hits="0" branch="false" />
                <line number="84" hits="0" branch="false" />
                <line number="85" hits="0" branch="false" />
                <line number="86" hits="0" branch="false" />
                <line number="89" hits="0" branch="false" />
                <line number="90" hits="0" branch="false" />
                <line number="91" hits="0" branch="false" />
                <line number="92" hits="0" branch="false" />
                <line number="94" hits="0" branch="false" />
                <line number="95" hits="0" branch="false" />
                <line number="96" hits="0" branch="false" />
                <line number="97" hits="0" branch="false" />
                <line number="99" hits="0" branch="false" />
                <line number="100" hits="0" branch="false" />
                <line number="101" hits="0" branch="false" />
                <line number="102" hits="0" branch="false" />
                <line number="104" hits="0" branch="true" condition-coverage="0% (0/5)" />
                <line number="105" hits="0" branch="false" />
                <line number="106" hits="0" branch="false" />
                <line number="107" hits="0" branch="false" />
                <line number="109" hits="0" branch="false" />
              </lines>
            </method>
            <method name="ChangeCurrentAmount" signature="()" line-rate="0.379310344827586" branch-rate="0.142857142857143" complexity="7">
              <lines>
                <line number="112" hits="1" branch="false" />
                <line number="113" hits="1" branch="false" />
                <line number="115" hits="1" branch="false" />
                <line number="116" hits="1" branch="false" />
                <line number="118" hits="1" branch="false" />
                <line number="119" hits="1" branch="false" />
                <line number="121" hits="1" branch="false" />
                <line number="123" hits="1" branch="true" condition-coverage="50% (1/2)" />
                <line number="124" hits="0" branch="false" />
                <line number="125" hits="0" branch="false" />
                <line number="128" hits="1" branch="false" />
                <line number="129" hits="1" branch="false" />
                <line number="132" hits="0" branch="false" />
                <line number="133" hits="0" branch="false" />
                <line number="134" hits="0" branch="false" />
                <line number="135" hits="0" branch="false" />
                <line number="137" hits="0" branch="false" />
                <line number="138" hits="0" branch="false" />
                <line number="139" hits="0" branch="false" />
                <line number="140" hits="0" branch="false" />
                <line number="142" hits="0" branch="false" />
                <line number="143" hits="0" branch="false" />
                <line number="144" hits="0" branch="false" />
                <line number="145" hits="0" branch="false" />
                <line number="147" hits="0" branch="true" condition-coverage="0% (0/5)" />
                <line number="148" hits="0" branch="false" />
                <line number="149" hits="0" branch="false" />
                <line number="150" hits="0" branch="false" />
                <line number="152" hits="1" branch="false" />
              </lines>
            </method>
            <method name="GetGoals" signature="()" line-rate="0" branch-rate="0" complexity="4">
              <lines>
                <line number="33" hits="0" branch="false" />
                <line number="34" hits="0" branch="false" />
                <line number="36" hits="0" branch="false" />
                <line number="37" hits="0" branch="false" />
                <line number="38" hits="0" branch="false" />
                <line number="40" hits="0" branch="false" />
                <line number="41" hits="0" branch="true" condition-coverage="0% (0/2)" />
                <line number="42" hits="0" branch="false" />
                <line number="43" hits="0" branch="false" />
                <line number="45" hits="0" branch="false" />
                <line number="47" hits="0" branch="true" condition-coverage="0% (0/2)" />
                <line number="48" hits="0" branch="false" />
                <line number="49" hits="0" branch="false" />
                <line number="50" hits="0" branch="false" />
                <line number="51" hits="0" branch="false" />
                <line number="55" hits="0" branch="false" />
              </lines>
            </method>
          </methods>
          <lines>
            <line number="16" hits="44" branch="false" />
            <line number="19" hits="44" branch="false" />
            <line number="20" hits="44" branch="false" />
            <line number="21" hits="44" branch="false" />
            <line number="22" hits="44" branch="false" />
            <line number="23" hits="44" branch="false" />
            <line number="24" hits="44" branch="false" />
            <line number="25" hits="44" branch="false" />
            <line number="33" hits="0" branch="false" />
            <line number="34" hits="0" branch="false" />
            <line number="36" hits="0" branch="false" />
            <line number="37" hits="0" branch="false" />
            <line number="38" hits="0" branch="false" />
            <line number="40" hits="0" branch="false" />
            <line number="41" hits="0" branch="true" condition-coverage="0% (0/2)" />
            <line number="42" hits="0" branch="false" />
            <line number="43" hits="0" branch="false" />
            <line number="45" hits="0" branch="false" />
            <line number="47" hits="0" branch="true" condition-coverage="0% (0/2)" />
            <line number="48" hits="0" branch="false" />
            <line number="49" hits="0" branch="false" />
            <line number="50" hits="0" branch="false" />
            <line number="51" hits="0" branch="false" />
            <line number="55" hits="0" branch="false" />
            <line number="58" hits="0" branch="false" />
            <line number="59" hits="0" branch="false" />
            <line number="61" hits="0" branch="false" />
            <line number="62" hits="0" branch="false" />
            <line number="63" hits="0" branch="false" />
            <line number="64" hits="0" branch="false" />
            <line number="67" hits="0" branch="false" />
            <line number="68" hits="0" branch="false" />
            <line number="69" hits="0" branch="true" condition-coverage="0% (0/2)" />
            <line number="70" hits="0" branch="false" />
            <line number="71" hits="0" branch="false" />
            <line number="72" hits="0" branch="false" />
            <line number="73" hits="0" branch="false" />
            <line number="74" hits="0" branch="false" />
            <line number="75" hits="0" branch="false" />
            <line number="77" hits="0" branch="true" condition-coverage="0% (0/2)" />
            <line number="78" hits="0" branch="false" />
            <line number="81" hits="0" branch="false" />
            <line number="84" hits="0" branch="false" />
            <line number="85" hits="0" branch="false" />
            <line number="86" hits="0" branch="false" />
            <line number="89" hits="0" branch="false" />
            <line number="90" hits="0" branch="false" />
            <line number="91" hits="0" branch="false" />
            <line number="92" hits="0" branch="false" />
            <line number="94" hits="0" branch="false" />
            <line number="95" hits="0" branch="false" />
            <line number="96" hits="0" branch="false" />
            <line number="97" hits="0" branch="false" />
            <line number="99" hits="0" branch="false" />
            <line number="100" hits="0" branch="false" />
            <line number="101" hits="0" branch="false" />
            <line number="102" hits="0" branch="false" />
            <line number="104" hits="0" branch="true" condition-coverage="0% (0/5)" />
            <line number="105" hits="0" branch="false" />
            <line number="106" hits="0" branch="false" />
            <line number="107" hits="0" branch="false" />
            <line number="109" hits="0" branch="false" />
            <line number="112" hits="1" branch="false" />
            <line number="113" hits="1" branch="false" />
            <line number="115" hits="1" branch="false" />
            <line number="116" hits="1" branch="false" />
            <line number="118" hits="1" branch="false" />
            <line number="119" hits="1" branch="false" />
            <line number="121" hits="1" branch="false" />
            <line number="123" hits="1" branch="true" condition-coverage="50% (1/2)" />
            <line number="124" hits="0" branch="false" />
            <line number="125" hits="0" branch="false" />
            <line number="128" hits="1" branch="false" />
            <line number="129" hits="1" branch="false" />
            <line number="132" hits="0" branch="false" />
            <line number="133" hits="0" branch="false" />
            <line number="134" hits="0" branch="false" />
            <line number="135" hits="0" branch="false" />
            <line number="137" hits="0" branch="false" />
            <line number="138" hits="0" branch="false" />
            <line number="139" hits="0" branch="false" />
            <line number="140" hits="0" branch="false" />
            <line number="142" hits="0" branch="false" />
            <line number="143" hits="0" branch="false" />
            <line number="144" hits="0" branch="false" />
            <line number="145" hits="0" branch="false" />
            <line number="147" hits="0" branch="true" condition-coverage="0% (0/5)" />
            <line number="148" hits="0" branch="false" />
            <line number="149" hits="0" branch="false" />
            <line number="150" hits="0" branch="false" />
            <line number="152" hits="1" branch="false" />
          </lines>
        </class>
        <class name="SpendLess.Client.Services.PageService" filename="C:\Users\viliu\Documents\GitHub\SpendLess\SpendLess\Client\Services\PageService.cs" line-rate="0.954545454545455" branch-rate="0.75" complexity="5">
          <methods>
            <method name="GetDates" signature="(...)" line-rate="1" branch-rate="1" complexity="1">
              <lines>
                <line number="34" hits="1" branch="false" />
                <line number="35" hits="1" branch="false" />
                <line number="36" hits="1" branch="false" />
                <line number="38" hits="1" branch="false" />
                <line number="39" hits="31" branch="false" />
                <line number="40" hits="1" branch="false" />
                <line number="41" hits="1" branch="false" />
              </lines>
            </method>
            <method name=".ctor" signature="(...)" line-rate="1" branch-rate="1" complexity="1">
              <lines>
                <line number="9" hits="44" branch="false" />
                <line number="10" hits="44" branch="false" />
                <line number="11" hits="44" branch="false" />
                <line number="12" hits="44" branch="false" />
              </lines>
            </method>
            <method name="DeleteRow" signature="()" line-rate="1" branch-rate="1" complexity="1">
              <lines>
                <line number="28" hits="1" branch="false" />
                <line number="29" hits="1" branch="false" />
                <line number="30" hits="1" branch="false" />
                <line number="31" hits="1" branch="false" />
              </lines>
            </method>
            <method name="Search" signature="()" line-rate="0.857142857142857" branch-rate="0.75" complexity="2">
              <lines>
                <line number="15" hits="1" branch="false" />
                <line number="16" hits="1" branch="false" />
                <line number="18" hits="1" branch="false" />
                <line number="22" hits="1" branch="true" condition-coverage="50% (1/2)" />
                <line number="23" hits="0" branch="false" />
                <line number="24" hits="4" branch="true" condition-coverage="100% (2/2)" />
                <line number="25" hits="1" branch="false" />
              </lines>
            </method>
          </methods>
          <lines>
            <line number="9" hits="44" branch="false" />
            <line number="10" hits="44" branch="false" />
            <line number="11" hits="44" branch="false" />
            <line number="12" hits="44" branch="false" />
            <line number="15" hits="1" branch="false" />
            <line number="16" hits="1" branch="false" />
            <line number="18" hits="1" branch="false" />
            <line number="22" hits="1" branch="true" condition-coverage="50% (1/2)" />
            <line number="23" hits="0" branch="false" />
            <line number="24" hits="4" branch="true" condition-coverage="100% (2/2)" />
            <line number="25" hits="1" branch="false" />
            <line number="28" hits="1" branch="false" />
            <line number="29" hits="1" branch="false" />
            <line number="30" hits="1" branch="false" />
            <line number="31" hits="1" branch="false" />
            <line number="34" hits="1" branch="false" />
            <line number="35" hits="1" branch="false" />
            <line number="36" hits="1" branch="false" />
            <line number="38" hits="1" branch="false" />
            <line number="39" hits="31" branch="false" />
            <line number="40" hits="1" branch="false" />
            <line number="41" hits="1" branch="false" />
          </lines>
        </class>
        <class name="SpendLess.Client.Services.SnackBarService" filename="C:\Users\viliu\Documents\GitHub\SpendLess\SpendLess\Client\Services\SnackBarService.cs" line-rate="0" branch-rate="1" complexity="4">
          <methods>
            <method name="SuccessMsg" signature="(...)" line-rate="0" branch-rate="1" complexity="1">
              <lines>
                <line number="19" hits="0" branch="false" />
                <line number="20" hits="0" branch="false" />
                <line number="21" hits="0" branch="false" />
              </lines>
            </method>
            <method name="WarningMsg" signature="(...)" line-rate="0" branch-rate="1" complexity="1">
              <lines>
                <line number="24" hits="0" branch="false" />
                <line number="25" hits="0" branch="false" />
                <line number="26" hits="0" branch="false" />
              </lines>
            </method>
            <method name="ErrorMsg" signature="(...)" line-rate="0" branch-rate="1" complexity="1">
              <lines>
                <line number="29" hits="0" branch="false" />
                <line number="30" hits="0" branch="false" />
                <line number="31" hits="0" branch="false" />
              </lines>
            </method>
            <method name=".ctor" signature="(...)" line-rate="0" branch-rate="1" complexity="1">
              <lines>
                <line number="9" hits="0" branch="false" />
                <line number="10" hits="0" branch="false" />
                <line number="11" hits="0" branch="false" />
                <line number="12" hits="0" branch="false" />
                <line number="13" hits="0" branch="false" />
                <line number="14" hits="0" branch="false" />
                <line number="15" hits="0" branch="false" />
                <line number="16" hits="0" branch="false" />
              </lines>
            </method>
          </methods>
          <lines>
            <line number="9" hits="0" branch="false" />
            <line number="10" hits="0" branch="false" />
            <line number="11" hits="0" branch="false" />
            <line number="12" hits="0" branch="false" />
            <line number="13" hits="0" branch="false" />
            <line number="14" hits="0" branch="false" />
            <line number="15" hits="0" branch="false" />
            <line number="16" hits="0" branch="false" />
            <line number="19" hits="0" branch="false" />
            <line number="20" hits="0" branch="false" />
            <line number="21" hits="0" branch="false" />
            <line number="24" hits="0" branch="false" />
            <line number="25" hits="0" branch="false" />
            <line number="26" hits="0" branch="false" />
            <line number="29" hits="0" branch="false" />
            <line number="30" hits="0" branch="false" />
            <line number="31" hits="0" branch="false" />
          </lines>
        </class>
        <class name="SpendLess.Client.Services.TransactionService" filename="C:\Users\viliu\Documents\GitHub\SpendLess\SpendLess\Client\Services\TransactionService.cs" line-rate="0.608695652173913" branch-rate="0.483333333333333" complexity="62">
          <methods>
            <method name="get_Transactions" signature="()" line-rate="1" branch-rate="1" complexity="1">
              <lines>
                <line number="41" hits="200" branch="false" />
              </lines>
            </method>
            <method name=".ctor" signature="(...)" line-rate="1" branch-rate="1" complexity="1">
              <lines>
                <line number="29" hits="176" branch="false" />
                <line number="30" hits="176" branch="false" />
                <line number="31" hits="176" branch="false" />
                <line number="32" hits="176" branch="false" />
                <line number="33" hits="176" branch="false" />
                <line number="34" hits="176" branch="false" />
                <line number="35" hits="176" branch="false" />
              </lines>
            </method>
            <method name="AddPeriodicTransaction" signature="()" line-rate="0.674418604651163" branch-rate="0.5625" complexity="16">
              <lines>
                <line number="192" hits="2" branch="false" />
                <line number="193" hits="2" branch="false" />
                <line number="195" hits="2" branch="false" />
                <line number="196" hits="2" branch="false" />
                <line number="197" hits="2" branch="false" />
                <line number="198" hits="2" branch="false" />
                <line number="199" hits="2" branch="true" condition-coverage="50% (1/2)" />
                <line number="200" hits="0" branch="false" />
                <line number="201" hits="0" branch="false" />
                <line number="202" hits="2" branch="false" />
                <line number="203" hits="2" branch="true" condition-coverage="50% (3/6)" />
                <line number="205" hits="0" branch="false" />
                <line number="207" hits="2" branch="false" />
                <line number="208" hits="2" branch="false" />
                <line number="210" hits="0" branch="false" />
                <line number="211" hits="0" branch="false" />
                <line number="212" hits="0" branch="false" />
                <line number="215" hits="2" branch="false" />
                <line number="217" hits="8" branch="true" condition-coverage="75% (3/4)" />
                <line number="218" hits="6" branch="false" />
                <line number="219" hits="6" branch="false" />
                <line number="221" hits="6" branch="true" condition-coverage="50% (1/2)" />
                <line number="222" hits="0" branch="false" />
                <line number="223" hits="0" branch="false" />
                <line number="224" hits="6" branch="false" />
                <line number="225" hits="6" branch="false" />
                <line number="226" hits="6" branch="false" />
                <line number="227" hits="6" branch="false" />
                <line number="229" hits="2" branch="false" />
                <line number="230" hits="2" branch="false" />
                <line number="232" hits="2" branch="true" condition-coverage="50% (1/2)" />
                <line number="233" hits="2" branch="false" />
                <line number="234" hits="2" branch="false" />
                <line number="235" hits="2" branch="false" />
                <line number="236" hits="2" branch="false" />
                <line number="237" hits="0" branch="false" />
                <line number="238" hits="0" branch="false" />
                <line number="239" hits="0" branch="false" />
[...]
            <line number="178" hits="1" branch="false" />
            <line number="179" hits="1" branch="false" />
            <line number="180" hits="1" branch="false" />
            <line number="181" hits="1" branch="false" />
            <line number="185" hits="1" branch="false" />
            <line number="186" hits="1" branch="false" />
            <line number="187" hits="1" branch="false" />
            <line number="188" hits="1" branch="false" />
            <line number="189" hits="1" branch="false" />
            <line number="190" hits="1" branch="false" />
            <line number="191" hits="1" branch="false" />
            <line number="192" hits="1" branch="false" />
            <line number="193" hits="1" branch="false" />
            <line number="194" hits="1" branch="false" />
            <line number="195" hits="1" branch="false" />
            <line number="199" hits="1" branch="false" />
            <line number="200" hits="1" branch="false" />
            <line number="201" hits="1" branch="false" />
            <line number="202" hits="1" branch="false" />
            <line number="203" hits="1" branch="false" />
            <line number="204" hits="1" branch="false" />
            <line number="205" hits="1" branch="false" />
            <line number="206" hits="1" branch="false" />
            <line number="207" hits="1" branch="false" />
            <line number="208" hits="1" branch="false" />
            <line number="209" hits="1" branch="false" />
            <line number="213" hits="1" branch="false" />
            <line number="214" hits="1" branch="false" />
            <line number="215" hits="1" branch="false" />
            <line number="216" hits="1" branch="false" />
            <line number="217" hits="1" branch="false" />
            <line number="218" hits="1" branch="false" />
            <line number="219" hits="1" branch="false" />
            <line number="220" hits="1" branch="false" />
            <line number="221" hits="1" branch="false" />
            <line number="222" hits="1" branch="false" />
            <line number="223" hits="1" branch="false" />
            <line number="228" hits="1" branch="false" />
            <line number="229" hits="1" branch="false" />
            <line number="230" hits="32" branch="false" />
            <line number="231" hits="1" branch="false" />
            <line number="233" hits="1" branch="false" />
            <line number="234" hits="1" branch="false" />
            <line number="235" hits="1" branch="false" />
            <line number="236" hits="2" branch="false" />
            <line number="237" hits="1" branch="false" />
            <line number="238" hits="1" branch="false" />
            <line number="239" hits="1" branch="false" />
            <line number="241" hits="1" branch="false" />
            <line number="245" hits="1" branch="false" />
            <line number="246" hits="2" branch="false" />
            <line number="247" hits="1" branch="false" />
            <line number="248" hits="1" branch="false" />
            <line number="249" hits="1" branch="false" />
            <line number="250" hits="1" branch="false" />
            <line number="251" hits="1" branch="false" />
            <line number="252" hits="2" branch="false" />
            <line number="254" hits="1" branch="false" />
            <line number="258" hits="1" branch="false" />
            <line number="259" hits="2" branch="false" />
            <line number="260" hits="1" branch="false" />
            <line number="261" hits="1" branch="false" />
            <line number="262" hits="1" branch="false" />
            <line number="263" hits="1" branch="false" />
            <line number="264" hits="1" branch="false" />
            <line number="265" hits="2" branch="false" />
            <line number="266" hits="1" branch="false" />
            <line number="270" hits="1" branch="false" />
            <line number="271" hits="1" branch="false" />
            <line number="272" hits="32" branch="false" />
            <line number="273" hits="1" branch="false" />
            <line number="274" hits="1" branch="false" />
            <line number="275" hits="1" branch="false" />
            <line number="276" hits="1" branch="false" />
            <line number="277" hits="1" branch="false" />
            <line number="278" hits="1" branch="false" />
            <line number="279" hits="1" branch="false" />
            <line number="280" hits="1" branch="false" />
            <line number="281" hits="1" branch="false" />
            <line number="282" hits="1" branch="false" />
            <line number="283" hits="1" branch="false" />
            <line number="284" hits="1" branch="false" />
            <line number="285" hits="1" branch="false" />
            <line number="286" hits="1" branch="false" />
            <line number="290" hits="1" branch="false" />
            <line number="291" hits="1" branch="false" />
            <line number="292" hits="2" branch="false" />
            <line number="294" hits="1" branch="false" />
            <line number="300" hits="2" branch="false" />
            <line number="303" hits="2" branch="false" />
            <line number="304" hits="2" branch="false" />
            <line number="306" hits="2" branch="false" />
            <line number="310" hits="1" branch="false" />
            <line number="311" hits="1" branch="false" />
            <line number="312" hits="1" branch="false" />
            <line number="313" hits="1" branch="false" />
            <line number="314" hits="1" branch="false" />
            <line number="315" hits="1" branch="false" />
            <line number="317" hits="1" branch="false" />
            <line number="324" hits="2" branch="false" />
            <line number="325" hits="2" branch="false" />
            <line number="326" hits="2" branch="false" />
            <line number="327" hits="2" branch="false" />
            <line number="329" hits="2" branch="false" />
            <line number="330" hits="2" branch="false" />
            <line number="334" hits="1" branch="false" />
            <line number="335" hits="1" branch="false" />
            <line number="336" hits="1" branch="false" />
            <line number="337" hits="2" branch="false" />
            <line number="338" hits="1" branch="false" />
            <line number="340" hits="1" branch="false" />
            <line number="346" hits="1" branch="false" />
            <line number="347" hits="1" branch="false" />
            <line number="348" hits="1" branch="false" />
            <line number="349" hits="1" branch="false" />
            <line number="350" hits="1" branch="false" />
            <line number="354" hits="1" branch="false" />
            <line number="355" hits="1" branch="false" />
            <line number="356" hits="1" branch="false" />
            <line number="357" hits="1" branch="false" />
            <line number="358" hits="1" branch="false" />
            <line number="359" hits="1" branch="false" />
            <line number="363" hits="1" branch="false" />
            <line number="364" hits="1" branch="false" />
            <line number="365" hits="1" branch="false" />
            <line number="366" hits="1" branch="false" />
            <line number="367" hits="1" branch="false" />
            <line number="368" hits="1" branch="false" />
            <line number="372" hits="1" branch="false" />
            <line number="373" hits="1" branch="false" />
            <line number="374" hits="1" branch="false" />
            <line number="375" hits="1" branch="false" />
            <line number="376" hits="1" branch="false" />
            <line number="377" hits="1" branch="false" />
            <line number="378" hits="1" branch="false" />
            <line number="382" hits="1" branch="false" />
            <line number="383" hits="1" branch="false" />
            <line number="384" hits="1" branch="false" />
            <line number="385" hits="1" branch="false" />
            <line number="386" hits="1" branch="false" />
            <line number="387" hits="1" branch="false" />
            <line number="388" hits="1" branch="false" />
            <line number="389" hits="1" branch="false" />
            <line number="390" hits="1" branch="false" />
            <line number="394" hits="1" branch="false" />
            <line number="395" hits="1" branch="false" />
            <line number="396" hits="1" branch="false" />
            <line number="397" hits="1" branch="false" />
            <line number="398" hits="1" branch="false" />
            <line number="399" hits="1" branch="false" />
            <line number="400" hits="1" branch="false" />
            <line number="402" hits="1" branch="false" />
            <line number="403" hits="1" branch="false" />
            <line number="407" hits="1" branch="false" />
            <line number="408" hits="1" branch="false" />
            <line number="409" hits="1" branch="false" />
            <line number="410" hits="1" branch="false" />
            <line number="411" hits="1" branch="false" />
            <line number="412" hits="1" branch="false" />
            <line number="413" hits="1" branch="false" />
            <line number="414" hits="1" branch="false" />
            <line number="418" hits="1" branch="false" />
            <line number="420" hits="1" branch="false" />
            <line number="421" hits="1" branch="false" />
            <line number="422" hits="1" branch="false" />
            <line number="426" hits="1" branch="false" />
            <line number="427" hits="1" branch="false" />
            <line number="428" hits="1" branch="false" />
            <line number="430" hits="1" branch="false" />
            <line number="432" hits="1" branch="false" />
            <line number="433" hits="1" branch="false" />
            <line number="438" hits="1" branch="false" />
            <line number="439" hits="1" branch="false" />
            <line number="440" hits="1" branch="false" />
            <line number="445" hits="1" branch="false" />
            <line number="446" hits="1" branch="false" />
            <line number="447" hits="1" branch="false" />
            <line number="448" hits="1" branch="false" />
            <line number="449" hits="1" branch="false" />
            <line number="450" hits="1" branch="false" />
            <line number="451" hits="1" branch="false" />
            <line number="452" hits="2" branch="false" />
            <line number="453" hits="1" branch="false" />
            <line number="457" hits="1" branch="false" />
            <line number="458" hits="1" branch="false" />
            <line number="460" hits="1" branch="false" />
            <line number="461" hits="1" branch="false" />
            <line number="462" hits="1" branch="false" />
            <line number="463" hits="1" branch="false" />
            <line number="467" hits="1" branch="false" />
            <line number="468" hits="1" branch="false" />
            <line number="470" hits="1" branch="false" />
            <line number="474" hits="1" branch="false" />
            <line number="475" hits="1" branch="false" />
            <line number="476" hits="1" branch="false" />
            <line number="477" hits="1" branch="false" />
            <line number="481" hits="1" branch="false" />
            <line number="482" hits="1" branch="false" />
            <line number="483" hits="1" branch="false" />
            <line number="485" hits="1" branch="false" />
            <line number="486" hits="1" branch="false" />
            <line number="488" hits="1" branch="false" />
            <line number="489" hits="1" branch="false" />
            <line number="490" hits="1" branch="false" />
            <line number="494" hits="1" branch="false" />
            <line number="495" hits="1" branch="false" />
            <line number="496" hits="1" branch="false" />
            <line number="498" hits="1" branch="false" />
            <line number="499" hits="1" branch="false" />
            <line number="500" hits="1" branch="false" />
            <line number="504" hits="1" branch="false" />
            <line number="505" hits="1" branch="false" />
            <line number="506" hits="1" branch="false" />
            <line number="507" hits="1" branch="false" />
            <line number="511" hits="1" branch="false" />
            <line number="512" hits="1" branch="false" />
            <line number="513" hits="1" branch="false" />
            <line number="515" hits="1" branch="false" />
            <line number="523" hits="4" branch="false" />
            <line number="525" hits="4" branch="false" />
            <line number="526" hits="4" branch="false" />
            <line number="528" hits="4" branch="false" />
            <line number="532" hits="1" branch="false" />
            <line number="533" hits="1" branch="false" />
            <line number="534" hits="1" branch="false" />
            <line number="536" hits="1" branch="false" />
            <line number="537" hits="1" branch="false" />
            <line number="541" hits="1" branch="false" />
            <line number="542" hits="1" branch="false" />
            <line number="544" hits="1" branch="false" />
            <line number="545" hits="1" branch="false" />
            <line number="549" hits="1" branch="false" />
            <line number="550" hits="1" branch="false" />
            <line number="552" hits="1" branch="false" />
            <line number="553" hits="1" branch="false" />
          </lines>
        </class>
        <class name="Tests.MockingServices.RateLimitingMiddlewareMock" filename="C:\Users\viliu\Documents\GitHub\SpendLess\SpendLess\UnitTests\MockingServices\RateLimitingMiddlewareMock.cs" line-rate="1" branch-rate="1" complexity="3">
          <methods>
            <method name="GetCacheValueAsync" signature="(...)" line-rate="1" branch-rate="1" complexity="1">
              <lines>
                <line number="20" hits="3" branch="false" />
                <line number="37" hits="3" branch="false" />
                <line number="38" hits="3" branch="false" />
              </lines>
            </method>
            <method name="SetCahceValueAsync" signature="(...)" line-rate="1" branch-rate="1" complexity="1">
              <lines>
                <line number="40" hits="1" branch="false" />
                <line number="41" hits="1" branch="false" />
                <line number="42" hits="1" branch="false" />
                <line number="43" hits="1" branch="false" />
              </lines>
            </method>
            <method name=".ctor" signature="(...)" line-rate="1" branch-rate="1" complexity="1">
              <lines>
                <line number="15" hits="2" branch="false" />
                <line number="16" hits="2" branch="false" />
                <line number="17" hits="2" branch="false" />
                <line number="18" hits="2" branch="false" />
              </lines>
            </method>
          </methods>
          <lines>
            <line number="15" hits="2" branch="false" />
            <line number="16" hits="2" branch="false" />
            <line number="17" hits="2" branch="false" />
            <line number="18" hits="2" branch="false" />
            <line number="20" hits="3" branch="false" />
            <line number="37" hits="3" branch="false" />
            <line number="38" hits="3" branch="false" />
            <line number="40" hits="1" branch="false" />
            <line number="41" hits="1" branch="false" />
            <line number="42" hits="1" branch="false" />
            <line number="43" hits="1" branch="false" />
          </lines>
        </class>
        <class name="Tests.MockingServices.SnackBarServiceMock" filename="C:\Users\viliu\Documents\GitHub\SpendLess\SpendLess\UnitTests\MockingServices\SnackBarServiceMock.cs" line-rate="0" branch-rate="1" complexity="4">
          <methods>
            <method name="SuccessMsg" signature="(...)" line-rate="0" branch-rate="1" complexity="1">
              <lines>
                <line number="25" hits="0" branch="false" />
                <line number="26" hits="0" branch="false" />
                <line number="27" hits="0" branch="false" />
              </lines>
            </method>
            <method name="WarningMsg" signature="(...)" line-rate="0" branch-rate="1" complexity="1">
              <lines>
                <line number="30" hits="0" branch="false" />
                <line number="31" hits="0" branch="false" />
                <line number="32" hits="0" branch="false" />
              </lines>
            </method>
            <method name="ErrorMsg" signature="(...)" line-rate="0" branch-rate="1" complexity="1">
              <lines>
                <line number="35" hits="0" branch="false" />
                <line number="36" hits="0" branch="false" />
                <line number="37" hits="0" branch="false" />
              </lines>
            </method>
            <method name=".ctor" signature="(...)" line-rate="0" branch-rate="1" complexity="1">
              <lines>
                <line number="15" hits="0" branch="false" />
                <line number="16" hits="0" branch="false" />
                <line number="17" hits="0" branch="false" />
                <line number="18" hits="0" branch="false" />
                <line number="19" hits="0" branch="false" />
                <line number="20" hits="0" branch="false" />
                <line number="21" hits="0" branch="false" />
                <line number="22" hits="0" branch="false" />
              </lines>
            </method>
          </methods>
          <lines>
            <line number="15" hits="0" branch="false" />
            <line number="16" hits="0" branch="false" />
            <line number="17" hits="0" branch="false" />
            <line number="18" hits="0" branch="false" />
            <line number="19" hits="0" branch="false" />
            <line number="20" hits="0" branch="false" />
            <line number="21" hits="0" branch="false" />
            <line number="22" hits="0" branch="false" />
            <line number="25" hits="0" branch="false" />
            <line number="26" hits="0" branch="false" />
            <line number="27" hits="0" branch="false" />
            <line number="30" hits="0" branch="false" />
            <line number="31" hits="0" branch="false" />
            <line number="32" hits="0" branch="false" />
            <line number="35" hits="0" branch="false" />
            <line number="36" hits="0" branch="false" />
            <line number="37" hits="0" branch="false" />
          </lines>
        </class>
        <class name="UnitTests.MockingServices.CustomAuthStateProviderMock" filename="C:\Users\viliu\Documents\GitHub\SpendLess\SpendLess\UnitTests\MockingServices\CustomAuthStateProviderMock.cs" line-rate="1" branch-rate="1" complexity="1">
          <methods>
            <method name="GetAuthenticationStateAsync" signature="()" line-rate="1" branch-rate="1" complexity="1">
              <lines>
                <line number="18" hits="4" branch="false" />
                <line number="20" hits="4" branch="false" />
                <line number="21" hits="4" branch="false" />
                <line number="22" hits="4" branch="false" />
                <line number="23" hits="4" branch="false" />
              </lines>
            </method>
          </methods>
          <lines>
            <line number="18" hits="4" branch="false" />
            <line number="20" hits="4" branch="false" />
            <line number="21" hits="4" branch="false" />
            <line number="22" hits="4" branch="false" />
            <line number="23" hits="4" branch="false" />
          </lines>
        </class>
      </classes>
    </package>
  </packages>
</coverage>