TpTrace Verbose: 0 : 6112, 1, 2022/11/18, 16:36:41.540, 66833275829, vstest.console.dll, Version: 17.4.0-release-20221019-01 Current process architecture: X64
TpTrace Verbose: 0 : 6112, 1, 2022/11/18, 16:36:41.542, 66833296309, vstest.console.dll, Runtime location: C:\Program Files\dotnet\shared\Microsoft.NETCore.App\7.0.0
TpTrace Verbose: 0 : 6112, 1, 2022/11/18, 16:36:41.547, 66833343056, vstest.console.dll, ArtifactProcessingPostProcessModeProcessorExecutor.Initialize: ArtifactProcessingMode.Collect
TpTrace Verbose: 0 : 6112, 1, 2022/11/18, 16:36:41.547, 66833344933, vstest.console.dll, TestSessionCorrelationIdProcessorModeProcessorExecutor.Initialize: TestSessionCorrelationId '8508_96e0848f-06da-4162-a8b7-986507b7e74a'
TpTrace Information: 0 : 6112, 1, 2022/11/18, 16:36:41.556, 66833436882, vstest.console.dll, FilePatternParser: The given file D:\C#\PROJECT\SpendLess\SpendLess\UnitTests\bin\Debug\net7.0\fine-code-coverage\build-output\Tests.dll is a full path.
TpTrace Verbose: 0 : 6112, 1, 2022/11/18, 16:36:41.565, 66833520378, vstest.console.dll, TestPluginCache.DiscoverTestExtensions: finding test extensions in assemblies ends with: RuntimeProvider.dll TPluginInfo: Microsoft.VisualStudio.TestPlatform.Common.ExtensionFramework.Utilities.TestRuntimePluginInformation TExtension: Microsoft.VisualStudio.TestPlatform.ObjectModel.Host.ITestRuntimeProvider
TpTrace Verbose: 0 : 6112, 1, 2022/11/18, 16:36:41.565, 66833522404, vstest.console.dll, TestPluginCache.GetExtensionPaths: Filtered extension paths: 
TpTrace Verbose: 0 : 6112, 1, 2022/11/18, 16:36:41.565, 66833523087, vstest.console.dll, TestPluginCache.GetExtensionPaths: Added default extension paths: C:\Program Files\dotnet\sdk\7.0.100\Extensions\Microsoft.Diagnostics.NETCore.Client.dll
C:\Program Files\dotnet\sdk\7.0.100\Extensions\Microsoft.TestPlatform.Extensions.BlameDataCollector.dll
C:\Program Files\dotnet\sdk\7.0.100\Extensions\Microsoft.TestPlatform.Extensions.EventLogCollector.dll
C:\Program Files\dotnet\sdk\7.0.100\Extensions\Microsoft.TestPlatform.TestHostRuntimeProvider.dll
C:\Program Files\dotnet\sdk\7.0.100\Extensions\Microsoft.VisualStudio.TestPlatform.Extensions.Html.TestLogger.dll
C:\Program Files\dotnet\sdk\7.0.100\Extensions\Microsoft.VisualStudio.TestPlatform.Extensions.Trx.TestLogger.dll
TpTrace Verbose: 0 : 6112, 1, 2022/11/18, 16:36:41.565, 66833523362, vstest.console.dll, TestPluginCache.GetExtensionPaths: Added unfilterableExtensionPaths: 
TpTrace Information: 0 : 6112, 1, 2022/11/18, 16:36:41.566, 66833530745, vstest.console.dll, AssemblyResolver.ctor: Creating AssemblyResolver with searchDirectories C:\Program Files\dotnet\sdk\7.0.100\Extensions,C:\Program Files\dotnet\sdk\7.0.100
TpTrace Verbose: 0 : 6112, 1, 2022/11/18, 16:36:41.567, 66833540155, vstest.console.dll, TestPluginCache.DiscoverTestExtensions: Discovering the extensions using extension path.
TpTrace Verbose: 0 : 6112, 1, 2022/11/18, 16:36:41.567, 66833541171, vstest.console.dll, TestPluginCache.GetExtensionPaths: Filtered extension paths: 
TpTrace Verbose: 0 : 6112, 1, 2022/11/18, 16:36:41.567, 66833541530, vstest.console.dll, TestPluginCache.GetExtensionPaths: Added default extension paths: C:\Program Files\dotnet\sdk\7.0.100\Extensions\Microsoft.Diagnostics.NETCore.Client.dll
C:\Program Files\dotnet\sdk\7.0.100\Extensions\Microsoft.TestPlatform.Extensions.BlameDataCollector.dll
C:\Program Files\dotnet\sdk\7.0.100\Extensions\Microsoft.TestPlatform.Extensions.EventLogCollector.dll
C:\Program Files\dotnet\sdk\7.0.100\Extensions\Microsoft.TestPlatform.TestHostRuntimeProvider.dll
C:\Program Files\dotnet\sdk\7.0.100\Extensions\Microsoft.VisualStudio.TestPlatform.Extensions.Html.TestLogger.dll
C:\Program Files\dotnet\sdk\7.0.100\Extensions\Microsoft.VisualStudio.TestPlatform.Extensions.Trx.TestLogger.dll
TpTrace Verbose: 0 : 6112, 1, 2022/11/18, 16:36:41.567, 66833541700, vstest.console.dll, TestPluginCache.GetExtensionPaths: Added unfilterableExtensionPaths: 
TpTrace Verbose: 0 : 6112, 1, 2022/11/18, 16:36:41.567, 66833542399, vstest.console.dll, TestPluginCache.DiscoverTestExtensions: Discovering the extensions using allExtensionPaths: C:\Program Files\dotnet\sdk\7.0.100\Extensions\Microsoft.Diagnostics.NETCore.Client.dll
C:\Program Files\dotnet\sdk\7.0.100\Extensions\Microsoft.TestPlatform.Extensions.BlameDataCollector.dll
C:\Program Files\dotnet\sdk\7.0.100\Extensions\Microsoft.TestPlatform.Extensions.EventLogCollector.dll
C:\Program Files\dotnet\sdk\7.0.100\Extensions\Microsoft.TestPlatform.TestHostRuntimeProvider.dll
C:\Program Files\dotnet\sdk\7.0.100\Extensions\Microsoft.VisualStudio.TestPlatform.Extensions.Html.TestLogger.dll
C:\Program Files\dotnet\sdk\7.0.100\Extensions\Microsoft.VisualStudio.TestPlatform.Extensions.Trx.TestLogger.dll
TpTrace Information: 0 : 6112, 1, 2022/11/18, 16:36:41.567, 66833543598, vstest.console.dll, AssemblyResolver.AddSearchDirectories: Adding more searchDirectories C:\Program Files\dotnet\sdk\7.0.100\Extensions,C:\Program Files\dotnet\sdk\7.0.100
TpTrace Information: 0 : 6112, 1, 2022/11/18, 16:36:41.567, 66833544079, vstest.console.dll, AssemblyResolver.AddSearchDirectories: Adding more searchDirectories C:\Program Files\dotnet\sdk\7.0.100\Extensions,C:\Program Files\dotnet\sdk\7.0.100
TpTrace Information: 0 : 6112, 1, 2022/11/18, 16:36:41.567, 66833544319, vstest.console.dll, AssemblyResolver.AddSearchDirectories: Adding more searchDirectories C:\Program Files\dotnet\sdk\7.0.100\Extensions,C:\Program Files\dotnet\sdk\7.0.100
TpTrace Information: 0 : 6112, 1, 2022/11/18, 16:36:41.567, 66833544543, vstest.console.dll, AssemblyResolver.AddSearchDirectories: Adding more searchDirectories C:\Program Files\dotnet\sdk\7.0.100\Extensions,C:\Program Files\dotnet\sdk\7.0.100
TpTrace Information: 0 : 6112, 1, 2022/11/18, 16:36:41.567, 66833544795, vstest.console.dll, AssemblyResolver.AddSearchDirectories: Adding more searchDirectories C:\Program Files\dotnet\sdk\7.0.100\Extensions,C:\Program Files\dotnet\sdk\7.0.100
TpTrace Information: 0 : 6112, 1, 2022/11/18, 16:36:41.567, 66833544963, vstest.console.dll, AssemblyResolver.AddSearchDirectories: Adding more searchDirectories C:\Program Files\dotnet\sdk\7.0.100\Extensions,C:\Program Files\dotnet\sdk\7.0.100
TpTrace Information: 0 : 6112, 1, 2022/11/18, 16:36:41.567, 66833548398, vstest.console.dll, AssemblyResolver.OnResolve: Microsoft.Diagnostics.NETCore.Client: Resolving assembly.
TpTrace Information: 0 : 6112, 1, 2022/11/18, 16:36:41.568, 66833548971, vstest.console.dll, AssemblyResolver.OnResolve: Microsoft.Diagnostics.NETCore.Client: Searching in: 'C:\Program Files\dotnet\sdk\7.0.100\Extensions'.
TpTrace Information: 0 : 6112, 1, 2022/11/18, 16:36:41.578, 66833651429, vstest.console.dll, AssemblyResolver.OnResolve: Microsoft.Diagnostics.NETCore.Client: Loading assembly 'C:\Program Files\dotnet\sdk\7.0.100\Extensions\Microsoft.Diagnostics.NETCore.Client.dll'.
TpTrace Information: 0 : 6112, 1, 2022/11/18, 16:36:41.580, 66833668650, vstest.console.dll, AssemblyResolver.OnResolve: Resolved assembly: Microsoft.Diagnostics.NETCore.Client, from path: C:\Program Files\dotnet\sdk\7.0.100\Extensions\Microsoft.Diagnostics.NETCore.Client.dll
TpTrace Verbose: 0 : 6112, 1, 2022/11/18, 16:36:41.581, 66833679742, vstest.console.dll, MetadataReaderExtensionsHelper: Discovering extensions inside assembly 'Microsoft.Diagnostics.NETCore.Client, Version=0.2.6.42401, Culture=neutral, PublicKeyToken=31bf3856ad364e35' file path 'C:\Program Files\dotnet\sdk\7.0.100\Extensions\Microsoft.Diagnostics.NETCore.Client.dll'
TpTrace Information: 0 : 6112, 1, 2022/11/18, 16:36:41.584, 66833718242, vstest.console.dll, AssemblyResolver.OnResolve: Microsoft.Bcl.AsyncInterfaces: Resolving assembly.
TpTrace Information: 0 : 6112, 1, 2022/11/18, 16:36:41.585, 66833719152, vstest.console.dll, AssemblyResolver.OnResolve: Microsoft.Bcl.AsyncInterfaces: Searching in: 'C:\Program Files\dotnet\sdk\7.0.100\Extensions'.
TpTrace Information: 0 : 6112, 1, 2022/11/18, 16:36:41.585, 66833719926, vstest.console.dll, AssemblyResolver.OnResolve: Microsoft.Bcl.AsyncInterfaces: Assembly path does not exist: 'C:\Program Files\dotnet\sdk\7.0.100\Extensions\Microsoft.Bcl.AsyncInterfaces.dll', returning.
TpTrace Information: 0 : 6112, 1, 2022/11/18, 16:36:41.585, 66833720904, vstest.console.dll, AssemblyResolver.OnResolve: Microsoft.Bcl.AsyncInterfaces: Assembly path does not exist: 'C:\Program Files\dotnet\sdk\7.0.100\Extensions\Microsoft.Bcl.AsyncInterfaces.exe', returning.
TpTrace Information: 0 : 6112, 1, 2022/11/18, 16:36:41.585, 66833721204, vstest.console.dll, AssemblyResolver.OnResolve: Microsoft.Bcl.AsyncInterfaces: Searching in: 'C:\Program Files\dotnet\sdk\7.0.100'.
TpTrace Information: 0 : 6112, 1, 2022/11/18, 16:36:41.585, 66833721598, vstest.console.dll, AssemblyResolver.OnResolve: Microsoft.Bcl.AsyncInterfaces: Assembly path does not exist: 'C:\Program Files\dotnet\sdk\7.0.100\Microsoft.Bcl.AsyncInterfaces.dll', returning.
TpTrace Information: 0 : 6112, 1, 2022/11/18, 16:36:41.585, 66833721915, vstest.console.dll, AssemblyResolver.OnResolve: Microsoft.Bcl.AsyncInterfaces: Assembly path does not exist: 'C:\Program Files\dotnet\sdk\7.0.100\Microsoft.Bcl.AsyncInterfaces.exe', returning.
TpTrace Information: 0 : 6112, 1, 2022/11/18, 16:36:41.585, 66833722103, vstest.console.dll, AssemblyResolver.OnResolve: Microsoft.Bcl.AsyncInterfaces: Failed to load assembly.
TpTrace Verbose: 0 : 6112, 1, 2022/11/18, 16:36:41.585, 66833722765, vstest.console.dll, CurrentDomainAssemblyResolve: Resolving assembly 'Microsoft.Bcl.AsyncInterfaces'.
TpTrace Information: 0 : 6112, 1, 2022/11/18, 16:36:41.585, 66833723342, vstest.console.dll, AssemblyResolver.OnResolve: Microsoft.Bcl.AsyncInterfaces: Resolving assembly.
TpTrace Information: 0 : 6112, 1, 2022/11/18, 16:36:41.585, 66833723631, vstest.console.dll, AssemblyResolver.OnResolve: Microsoft.Bcl.AsyncInterfaces: Resolved from cache.
TpTrace Verbose: 0 : 6112, 1, 2022/11/18, 16:36:41.585, 66833723802, vstest.console.dll, CurrentDomainAssemblyResolve: Resolving assembly 'Microsoft.Bcl.AsyncInterfaces'.
TpTrace Verbose: 0 : 6112, 1, 2022/11/18, 16:36:41.585, 66833724071, vstest.console.dll, CurrentDomainAssemblyResolve: Failed to resolve assembly 'Microsoft.Bcl.AsyncInterfaces'.
TpTrace Verbose: 0 : 6112, 1, 2022/11/18, 16:36:41.589, 66833761367, vstest.console.dll, CurrentDomainAssemblyResolve: Failed to resolve assembly 'Microsoft.Bcl.AsyncInterfaces'.
TpTrace Warning: 0 : 6112, 1, 2022/11/18, 16:36:41.600, 66833874914, vstest.console.dll, TestPluginDiscoverer: Failed to get types from assembly 'Microsoft.Diagnostics.NETCore.Client, Version=0.2.6.42401, Culture=neutral, PublicKeyToken=31bf3856ad364e35'. Error: System.Reflection.ReflectionTypeLoadException: Unable to load one or more of the requested types.
Could not load file or assembly 'Microsoft.Bcl.AsyncInterfaces, Version=1.0.0.0, Culture=neutral, PublicKeyToken=cc7b13ffcd2ddd51'. The system cannot find the file specified.
   at System.Reflection.RuntimeModule.GetTypes(RuntimeModule module)
   at System.Reflection.Assembly.GetTypes()
   at Microsoft.VisualStudio.TestPlatform.Common.ExtensionFramework.TestPluginDiscoverer.GetTestExtensionsFromAssembly[TPluginInfo,TExtension](Assembly assembly, Dictionary`2 pluginInfos, String filePath)
System.IO.FileNotFoundException: Could not load file or assembly 'Microsoft.Bcl.AsyncInterfaces, Version=1.0.0.0, Culture=neutral, PublicKeyToken=cc7b13ffcd2ddd51'. The system cannot find the file specified.
File name: 'Microsoft.Bcl.AsyncInterfaces, Version=1.0.0.0, Culture=neutral, PublicKeyToken=cc7b13ffcd2ddd51'
 ---> System.IO.FileNotFoundException: Could not load file or assembly 'Microsoft.Bcl.AsyncInterfaces, Culture=neutral, PublicKeyToken=null'. The system cannot find the file specified.
File name: 'Microsoft.Bcl.AsyncInterfaces, Culture=neutral, PublicKeyToken=null'
   at System.Reflection.RuntimeAssembly.InternalLoad(AssemblyName assemblyName, StackCrawlMark& stackMark, AssemblyLoadContext assemblyLoadContext, RuntimeAssembly requestingAssembly, Boolean throwOnFileNotFound)
   at System.Reflection.Assembly.Load(AssemblyName assemblyRef)
   at Microsoft.VisualStudio.TestPlatform.Common.ExtensionFramework.TestPluginCache.CurrentDomainAssemblyResolve(Object sender, AssemblyResolveEventArgs args)
   at System.Runtime.Loader.AssemblyLoadContext.GetFirstResolvedAssemblyFromResolvingEvent(AssemblyName assemblyName)
   at System.Runtime.Loader.AssemblyLoadContext.ResolveUsingEvent(AssemblyName assemblyName)
   at System.Runtime.Loader.AssemblyLoadContext.ResolveUsingResolvingEvent(IntPtr gchManagedAssemblyLoadContext, AssemblyName assemblyName)
TpTrace Warning: 0 : 6112, 1, 2022/11/18, 16:36:41.601, 66833880145, vstest.console.dll, LoaderExceptions: System.IO.FileNotFoundException: Could not load file or assembly 'Microsoft.Bcl.AsyncInterfaces, Version=1.0.0.0, Culture=neutral, PublicKeyToken=cc7b13ffcd2ddd51'. The system cannot find the file specified.
File name: 'Microsoft.Bcl.AsyncInterfaces, Version=1.0.0.0, Culture=neutral, PublicKeyToken=cc7b13ffcd2ddd51'
 ---> System.IO.FileNotFoundException: Could not load file or assembly 'Microsoft.Bcl.AsyncInterfaces, Culture=neutral, PublicKeyToken=null'. The system cannot find the file specified.
File name: 'Microsoft.Bcl.AsyncInterfaces, Culture=neutral, PublicKeyToken=null'
   at System.Reflection.RuntimeAssembly.InternalLoad(AssemblyName assemblyName, StackCrawlMark& stackMark, AssemblyLoadContext assemblyLoadContext, RuntimeAssembly requestingAssembly, Boolean throwOnFileNotFound)
   at System.Reflection.Assembly.Load(AssemblyName assemblyRef)
   at Microsoft.VisualStudio.TestPlatform.Common.ExtensionFramework.TestPluginCache.CurrentDomainAssemblyResolve(Object sender, AssemblyResolveEventArgs args)
   at System.Runtime.Loader.AssemblyLoadContext.GetFirstResolvedAssemblyFromResolvingEvent(AssemblyName assemblyName)
   at System.Runtime.Loader.AssemblyLoadContext.ResolveUsingEvent(AssemblyName assemblyName)
   at System.Runtime.Loader.AssemblyLoadContext.ResolveUsingResolvingEvent(IntPtr gchManagedAssemblyLoadContext, AssemblyName assemblyName)
TpTrace Information: 0 : 6112, 1, 2022/11/18, 16:36:41.601, 66833882387, vstest.console.dll, AssemblyResolver.OnResolve: Microsoft.TestPlatform.Extensions.BlameDataCollector: Resolving assembly.
TpTrace Information: 0 : 6112, 1, 2022/11/18, 16:36:41.601, 66833882856, vstest.console.dll, AssemblyResolver.OnResolve: Microsoft.TestPlatform.Extensions.BlameDataCollector: Searching in: 'C:\Program Files\dotnet\sdk\7.0.100\Extensions'.
TpTrace Information: 0 : 6112, 1, 2022/11/18, 16:36:41.602, 66833894169, vstest.console.dll, AssemblyResolver.OnResolve: Microsoft.TestPlatform.Extensions.BlameDataCollector: Loading assembly 'C:\Program Files\dotnet\sdk\7.0.100\Extensions\Microsoft.TestPlatform.Extensions.BlameDataCollector.dll'.
TpTrace Information: 0 : 6112, 1, 2022/11/18, 16:36:41.603, 66833905318, vstest.console.dll, AssemblyResolver.OnResolve: Resolved assembly: Microsoft.TestPlatform.Extensions.BlameDataCollector, from path: C:\Program Files\dotnet\sdk\7.0.100\Extensions\Microsoft.TestPlatform.Extensions.BlameDataCollector.dll
TpTrace Verbose: 0 : 6112, 1, 2022/11/18, 16:36:41.603, 66833907044, vstest.console.dll, MetadataReaderExtensionsHelper: Discovering extensions inside assembly 'Microsoft.TestPlatform.Extensions.BlameDataCollector, Version=15.0.0.0, Culture=neutral, PublicKeyToken=b03f5f7f11d50a3a' file path 'C:\Program Files\dotnet\sdk\7.0.100\Extensions\Microsoft.TestPlatform.Extensions.BlameDataCollector.dll'
TpTrace Information: 0 : 6112, 1, 2022/11/18, 16:36:41.606, 66833929023, vstest.console.dll, AssemblyResolver.OnResolve: Microsoft.TestPlatform.Extensions.EventLogCollector: Resolving assembly.
TpTrace Information: 0 : 6112, 1, 2022/11/18, 16:36:41.606, 66833929977, vstest.console.dll, AssemblyResolver.OnResolve: Microsoft.TestPlatform.Extensions.EventLogCollector: Searching in: 'C:\Program Files\dotnet\sdk\7.0.100\Extensions'.
TpTrace Information: 0 : 6112, 1, 2022/11/18, 16:36:41.606, 66833937781, vstest.console.dll, AssemblyResolver.OnResolve: Microsoft.TestPlatform.Extensions.EventLogCollector: Loading assembly 'C:\Program Files\dotnet\sdk\7.0.100\Extensions\Microsoft.TestPlatform.Extensions.EventLogCollector.dll'.
TpTrace Information: 0 : 6112, 1, 2022/11/18, 16:36:41.607, 66833945811, vstest.console.dll, AssemblyResolver.OnResolve: Resolved assembly: Microsoft.TestPlatform.Extensions.EventLogCollector, from path: C:\Program Files\dotnet\sdk\7.0.100\Extensions\Microsoft.TestPlatform.Extensions.EventLogCollector.dll
TpTrace Verbose: 0 : 6112, 1, 2022/11/18, 16:36:41.607, 66833946678, vstest.console.dll, MetadataReaderExtensionsHelper: Discovering extensions inside assembly 'Microsoft.TestPlatform.Extensions.EventLogCollector, Version=15.0.0.0, Culture=neutral, PublicKeyToken=b03f5f7f11d50a3a' file path 'C:\Program Files\dotnet\sdk\7.0.100\Extensions\Microsoft.TestPlatform.Extensions.EventLogCollector.dll'
TpTrace Information: 0 : 6112, 1, 2022/11/18, 16:36:41.610, 66833972181, vstest.console.dll, AssemblyResolver.OnResolve: Microsoft.TestPlatform.TestHostRuntimeProvider: Resolving assembly.
TpTrace Information: 0 : 6112, 1, 2022/11/18, 16:36:41.610, 66833973819, vstest.console.dll, AssemblyResolver.OnResolve: Microsoft.TestPlatform.TestHostRuntimeProvider: Searching in: 'C:\Program Files\dotnet\sdk\7.0.100\Extensions'.
TpTrace Information: 0 : 6112, 1, 2022/11/18, 16:36:41.611, 66833981711, vstest.console.dll, AssemblyResolver.OnResolve: Microsoft.TestPlatform.TestHostRuntimeProvider: Loading assembly 'C:\Program Files\dotnet\sdk\7.0.100\Extensions\Microsoft.TestPlatform.TestHostRuntimeProvider.dll'.
TpTrace Information: 0 : 6112, 1, 2022/11/18, 16:36:41.612, 66833990727, vstest.console.dll, AssemblyResolver.OnResolve: Resolved assembly: Microsoft.TestPlatform.TestHostRuntimeProvider, from path: C:\Program Files\dotnet\sdk\7.0.100\Extensions\Microsoft.TestPlatform.TestHostRuntimeProvider.dll
TpTrace Verbose: 0 : 6112, 1, 2022/11/18, 16:36:41.612, 66833991641, vstest.console.dll, MetadataReaderExtensionsHelper: Discovering extensions inside assembly 'Microsoft.TestPlatform.TestHostRuntimeProvider, Version=15.0.0.0, Culture=neutral, PublicKeyToken=b03f5f7f11d50a3a' file path 'C:\Program Files\dotnet\sdk\7.0.100\Extensions\Microsoft.TestPlatform.TestHostRuntimeProvider.dll'
TpTrace Information: 0 : 6112, 1, 2022/11/18, 16:36:41.614, 66834015786, vstest.console.dll, GetTestExtensionFromType: Register extension with identifier data 'HostProvider://DefaultTestHost' and type 'Microsoft.VisualStudio.TestPlatform.CrossPlatEngine.Hosting.DefaultTestHostManager, Microsoft.TestPlatform.TestHostRuntimeProvider, Version=15.0.0.0, Culture=neutral, PublicKeyToken=b03f5f7f11d50a3a' inside file 'C:\Program Files\dotnet\sdk\7.0.100\Extensions\Microsoft.TestPlatform.TestHostRuntimeProvider.dll'
TpTrace Information: 0 : 6112, 1, 2022/11/18, 16:36:41.615, 66834019967, vstest.console.dll, GetTestExtensionFromType: Register extension with identifier data 'HostProvider://DotnetTestHost' and type 'Microsoft.VisualStudio.TestPlatform.CrossPlatEngine.Hosting.DotnetTestHostManager, Microsoft.TestPlatform.TestHostRuntimeProvider, Version=15.0.0.0, Culture=neutral, PublicKeyToken=b03f5f7f11d50a3a' inside file 'C:\Program Files\dotnet\sdk\7.0.100\Extensions\Microsoft.TestPlatform.TestHostRuntimeProvider.dll'
TpTrace Information: 0 : 6112, 1, 2022/11/18, 16:36:41.615, 66834020929, vstest.console.dll, AssemblyResolver.OnResolve: Microsoft.VisualStudio.TestPlatform.Extensions.Html.TestLogger: Resolving assembly.
TpTrace Information: 0 : 6112, 1, 2022/11/18, 16:36:41.615, 66834021292, vstest.console.dll, AssemblyResolver.OnResolve: Microsoft.VisualStudio.TestPlatform.Extensions.Html.TestLogger: Searching in: 'C:\Program Files\dotnet\sdk\7.0.100\Extensions'.
TpTrace Information: 0 : 6112, 1, 2022/11/18, 16:36:41.616, 66834029220, vstest.console.dll, AssemblyResolver.OnResolve: Microsoft.VisualStudio.TestPlatform.Extensions.Html.TestLogger: Loading assembly 'C:\Program Files\dotnet\sdk\7.0.100\Extensions\Microsoft.VisualStudio.TestPlatform.Extensions.Html.TestLogger.dll'.
TpTrace Information: 0 : 6112, 1, 2022/11/18, 16:36:41.616, 66834036709, vstest.console.dll, AssemblyResolver.OnResolve: Resolved assembly: Microsoft.VisualStudio.TestPlatform.Extensions.Html.TestLogger, from path: C:\Program Files\dotnet\sdk\7.0.100\Extensions\Microsoft.VisualStudio.TestPlatform.Extensions.Html.TestLogger.dll
TpTrace Verbose: 0 : 6112, 1, 2022/11/18, 16:36:41.616, 66834037645, vstest.console.dll, MetadataReaderExtensionsHelper: Discovering extensions inside assembly 'Microsoft.VisualStudio.TestPlatform.Extensions.Html.TestLogger, Version=15.0.0.0, Culture=neutral, PublicKeyToken=b03f5f7f11d50a3a' file path 'C:\Program Files\dotnet\sdk\7.0.100\Extensions\Microsoft.VisualStudio.TestPlatform.Extensions.Html.TestLogger.dll'
TpTrace Information: 0 : 6112, 1, 2022/11/18, 16:36:41.618, 66834049008, vstest.console.dll, AssemblyResolver.OnResolve: Microsoft.VisualStudio.TestPlatform.Extensions.Trx.TestLogger: Resolving assembly.
TpTrace Information: 0 : 6112, 1, 2022/11/18, 16:36:41.618, 66834049781, vstest.console.dll, AssemblyResolver.OnResolve: Microsoft.VisualStudio.TestPlatform.Extensions.Trx.TestLogger: Searching in: 'C:\Program Files\dotnet\sdk\7.0.100\Extensions'.
TpTrace Information: 0 : 6112, 1, 2022/11/18, 16:36:41.619, 66834060497, vstest.console.dll, AssemblyResolver.OnResolve: Microsoft.VisualStudio.TestPlatform.Extensions.Trx.TestLogger: Loading assembly 'C:\Program Files\dotnet\sdk\7.0.100\Extensions\Microsoft.VisualStudio.TestPlatform.Extensions.Trx.TestLogger.dll'.
TpTrace Information: 0 : 6112, 1, 2022/11/18, 16:36:41.620, 66834071828, vstest.console.dll, AssemblyResolver.OnResolve: Resolved assembly: Microsoft.VisualStudio.TestPlatform.Extensions.Trx.TestLogger, from path: C:\Program Files\dotnet\sdk\7.0.100\Extensions\Microsoft.VisualStudio.TestPlatform.Extensions.Trx.TestLogger.dll
TpTrace Verbose: 0 : 6112, 1, 2022/11/18, 16:36:41.620, 66834073078, vstest.console.dll, MetadataReaderExtensionsHelper: Discovering extensions inside assembly 'Microsoft.VisualStudio.TestPlatform.Extensions.Trx.TestLogger, Version=15.0.0.0, Culture=neutral, PublicKeyToken=b03f5f7f11d50a3a' file path 'C:\Program Files\dotnet\sdk\7.0.100\Extensions\Microsoft.VisualStudio.TestPlatform.Extensions.Trx.TestLogger.dll'
TpTrace Verbose: 0 : 6112, 1, 2022/11/18, 16:36:41.622, 66834093718, vstest.console.dll, TestPluginCache: Discovered the extensions using extension path ''.
TpTrace Verbose: 0 : 6112, 1, 2022/11/18, 16:36:41.622, 66834094959, vstest.console.dll, TestPluginCache: Discoverers are ''.
TpTrace Verbose: 0 : 6112, 1, 2022/11/18, 16:36:41.622, 66834095252, vstest.console.dll, TestPluginCache: Executors are ''.
TpTrace Verbose: 0 : 6112, 1, 2022/11/18, 16:36:41.622, 66834095488, vstest.console.dll, TestPluginCache: Executors2 are ''.
TpTrace Verbose: 0 : 6112, 1, 2022/11/18, 16:36:41.622, 66834095710, vstest.console.dll, TestPluginCache: Setting providers are ''.
TpTrace Verbose: 0 : 6112, 1, 2022/11/18, 16:36:41.622, 66834095918, vstest.console.dll, TestPluginCache: Loggers are ''.
TpTrace Verbose: 0 : 6112, 1, 2022/11/18, 16:36:41.622, 66834097584, vstest.console.dll, TestPluginCache: TestHosts are 'HostProvider://DefaultTestHost,HostProvider://DotnetTestHost'.
TpTrace Verbose: 0 : 6112, 1, 2022/11/18, 16:36:41.622, 66834097983, vstest.console.dll, TestPluginCache: DataCollectors are ''.
TpTrace Information: 0 : 6112, 1, 2022/11/18, 16:36:41.640, 66834274099, vstest.console.dll, RunTestsArgumentProcessor:Execute: Test run is starting.
TpTrace Verbose: 0 : 6112, 1, 2022/11/18, 16:36:41.640, 66834275011, vstest.console.dll, RunTestsArgumentProcessor:Execute: Queuing Test run.
TpTrace Information: 0 : 6112, 1, 2022/11/18, 16:36:41.640, 66834277232, vstest.console.dll, TestRequestManager.RunTests: run tests started.
TpTrace Information: 0 : 6112, 1, 2022/11/18, 16:36:41.642, 66834289472, vstest.console.dll, AssemblyMetadataProvider.GetFrameworkName: Determined framework:'.NETCoreApp,Version=v7.0' for source: 'D:\C#\PROJECT\SpendLess\SpendLess\UnitTests\bin\Debug\net7.0\fine-code-coverage\build-output\Tests.dll'
TpTrace Information: 0 : 6112, 1, 2022/11/18, 16:36:41.642, 66834291455, vstest.console.dll, Determined framework for all sources: .NETCoreApp,Version=v7.0
TpTrace Verbose: 0 : 6112, 1, 2022/11/18, 16:36:41.642, 66834296418, vstest.console.dll, TestRequestManager.UpdateRunSettingsIfRequired: Default architecture: X64 IsDefaultTargetArchitecture: True, Current process architecture: X64 OperatingSystem: Windows.
TpTrace Information: 0 : 6112, 1, 2022/11/18, 16:36:41.644, 66834314200, vstest.console.dll, AssemblyMetadataProvider.GetArchitecture: Determined architecture:AnyCPU info for assembly: D:\C#\PROJECT\SpendLess\SpendLess\UnitTests\bin\Debug\net7.0\fine-code-coverage\build-output\Tests.dll
TpTrace Information: 0 : 6112, 1, 2022/11/18, 16:36:41.644, 66834314779, vstest.console.dll, Determined platform for source 'D:\C#\PROJECT\SpendLess\SpendLess\UnitTests\bin\Debug\net7.0\fine-code-coverage\build-output\Tests.dll' was AnyCPU and it will use the default plaform X64.
TpTrace Information: 0 : 6112, 1, 2022/11/18, 16:36:41.644, 66834314957, vstest.console.dll, None of the sources provided any runnable platform, using the default platform: X64
TpTrace Information: 0 : 6112, 1, 2022/11/18, 16:36:41.644, 66834315745, vstest.console.dll, Platform was updated to 'X64'.
TpTrace Information: 0 : 6112, 1, 2022/11/18, 16:36:41.648, 66834357903, vstest.console.dll, InferRunSettingsHelper.IsTestSettingsEnabled: Unable to navigate to RunSettings/MSTest. Current node: RunSettings
TpTrace Information: 0 : 6112, 1, 2022/11/18, 16:36:41.649, 66834363895, vstest.console.dll, AssemblyResolver.OnResolve: Microsoft.VisualStudio.TestPlatform.Fakes: Resolving assembly.
TpTrace Information: 0 : 6112, 1, 2022/11/18, 16:36:41.649, 66834364429, vstest.console.dll, AssemblyResolver.OnResolve: Microsoft.VisualStudio.TestPlatform.Fakes: Searching in: 'C:\Program Files\dotnet\sdk\7.0.100\Extensions'.
TpTrace Information: 0 : 6112, 1, 2022/11/18, 16:36:41.649, 66834365417, vstest.console.dll, AssemblyResolver.OnResolve: Microsoft.VisualStudio.TestPlatform.Fakes: Assembly path does not exist: 'C:\Program Files\dotnet\sdk\7.0.100\Extensions\Microsoft.VisualStudio.TestPlatform.Fakes.dll', returning.
TpTrace Information: 0 : 6112, 1, 2022/11/18, 16:36:41.649, 66834365890, vstest.console.dll, AssemblyResolver.OnResolve: Microsoft.VisualStudio.TestPlatform.Fakes: Assembly path does not exist: 'C:\Program Files\dotnet\sdk\7.0.100\Extensions\Microsoft.VisualStudio.TestPlatform.Fakes.exe', returning.
TpTrace Information: 0 : 6112, 1, 2022/11/18, 16:36:41.649, 66834366066, vstest.console.dll, AssemblyResolver.OnResolve: Microsoft.VisualStudio.TestPlatform.Fakes: Searching in: 'C:\Program Files\dotnet\sdk\7.0.100'.
TpTrace Information: 0 : 6112, 1, 2022/11/18, 16:36:41.649, 66834366565, vstest.console.dll, AssemblyResolver.OnResolve: Microsoft.VisualStudio.TestPlatform.Fakes: Assembly path does not exist: 'C:\Program Files\dotnet\sdk\7.0.100\Microsoft.VisualStudio.TestPlatform.Fakes.dll', returning.
TpTrace Information: 0 : 6112, 1, 2022/11/18, 16:36:41.649, 66834366990, vstest.console.dll, AssemblyResolver.OnResolve: Microsoft.VisualStudio.TestPlatform.Fakes: Assembly path does not exist: 'C:\Program Files\dotnet\sdk\7.0.100\Microsoft.VisualStudio.TestPlatform.Fakes.exe', returning.
TpTrace Information: 0 : 6112, 1, 2022/11/18, 16:36:41.649, 66834367211, vstest.console.dll, AssemblyResolver.OnResolve: Microsoft.VisualStudio.TestPlatform.Fakes: Failed to load assembly.
TpTrace Information: 0 : 6112, 1, 2022/11/18, 16:36:41.650, 66834369713, vstest.console.dll, Failed to load assembly Microsoft.VisualStudio.TestPlatform.Fakes, Version=17.0.0.0, Culture=neutral. Reason:System.IO.FileNotFoundException: Could not load file or assembly 'Microsoft.VisualStudio.TestPlatform.Fakes, Version=17.0.0.0, Culture=neutral, PublicKeyToken=null'. The system cannot find the file specified.
File name: 'Microsoft.VisualStudio.TestPlatform.Fakes, Version=17.0.0.0, Culture=neutral, PublicKeyToken=null'
   at System.Reflection.RuntimeAssembly.InternalLoad(AssemblyName assemblyName, StackCrawlMark& stackMark, AssemblyLoadContext assemblyLoadContext, RuntimeAssembly requestingAssembly, Boolean throwOnFileNotFound)
   at System.Reflection.Assembly.Load(AssemblyName assemblyRef)
   at Microsoft.VisualStudio.TestPlatform.Common.Utilities.FakesUtilities.LoadTestPlatformAssembly()
TpTrace Verbose: 0 : 6112, 1, 2022/11/18, 16:36:41.653, 66834404401, vstest.console.dll, TestPluginCache.DiscoverTestExtensions: finding test extensions in assemblies ends with: TestLogger.dll TPluginInfo: Microsoft.VisualStudio.TestPlatform.Common.ExtensionFramework.Utilities.TestLoggerPluginInformation TExtension: Microsoft.VisualStudio.TestPlatform.ObjectModel.Client.ITestLogger
TpTrace Verbose: 0 : 6112, 1, 2022/11/18, 16:36:41.653, 66834405795, vstest.console.dll, TestPluginCache.GetExtensionPaths: Filtered extension paths: 
TpTrace Verbose: 0 : 6112, 1, 2022/11/18, 16:36:41.653, 66834406229, vstest.console.dll, TestPluginCache.GetExtensionPaths: Added default extension paths: C:\Program Files\dotnet\sdk\7.0.100\Extensions\Microsoft.Diagnostics.NETCore.Client.dll
C:\Program Files\dotnet\sdk\7.0.100\Extensions\Microsoft.TestPlatform.Extensions.BlameDataCollector.dll
C:\Program Files\dotnet\sdk\7.0.100\Extensions\Microsoft.TestPlatform.Extensions.EventLogCollector.dll
C:\Program Files\dotnet\sdk\7.0.100\Extensions\Microsoft.TestPlatform.TestHostRuntimeProvider.dll
C:\Program Files\dotnet\sdk\7.0.100\Extensions\Microsoft.VisualStudio.TestPlatform.Extensions.Html.TestLogger.dll
C:\Program Files\dotnet\sdk\7.0.100\Extensions\Microsoft.VisualStudio.TestPlatform.Extensions.Trx.TestLogger.dll
TpTrace Verbose: 0 : 6112, 1, 2022/11/18, 16:36:41.653, 66834406563, vstest.console.dll, TestPluginCache.GetExtensionPaths: Added unfilterableExtensionPaths: 
TpTrace Information: 0 : 6112, 1, 2022/11/18, 16:36:41.653, 66834408185, vstest.console.dll, AssemblyResolver.AddSearchDirectories: Adding more searchDirectories C:\Program Files\dotnet\sdk\7.0.100\Extensions,C:\Program Files\dotnet\sdk\7.0.100
TpTrace Verbose: 0 : 6112, 1, 2022/11/18, 16:36:41.654, 66834408809, vstest.console.dll, TestPluginCache.DiscoverTestExtensions: Discovering the extensions using extension path.
TpTrace Verbose: 0 : 6112, 1, 2022/11/18, 16:36:41.654, 66834409116, vstest.console.dll, TestPluginCache.GetExtensionPaths: Filtered extension paths: 
TpTrace Verbose: 0 : 6112, 1, 2022/11/18, 16:36:41.654, 66834409404, vstest.console.dll, TestPluginCache.GetExtensionPaths: Added default extension paths: C:\Program Files\dotnet\sdk\7.0.100\Extensions\Microsoft.Diagnostics.NETCore.Client.dll
C:\Program Files\dotnet\sdk\7.0.100\Extensions\Microsoft.TestPlatform.Extensions.BlameDataCollector.dll
C:\Program Files\dotnet\sdk\7.0.100\Extensions\Microsoft.TestPlatform.Extensions.EventLogCollector.dll
C:\Program Files\dotnet\sdk\7.0.100\Extensions\Microsoft.TestPlatform.TestHostRuntimeProvider.dll
C:\Program Files\dotnet\sdk\7.0.100\Extensions\Microsoft.VisualStudio.TestPlatform.Extensions.Html.TestLogger.dll
C:\Program Files\dotnet\sdk\7.0.100\Extensions\Microsoft.VisualStudio.TestPlatform.Extensions.Trx.TestLogger.dll
TpTrace Verbose: 0 : 6112, 1, 2022/11/18, 16:36:41.654, 66834409570, vstest.console.dll, TestPluginCache.GetExtensionPaths: Added unfilterableExtensionPaths: 
TpTrace Verbose: 0 : 6112, 1, 2022/11/18, 16:36:41.654, 66834409824, vstest.console.dll, TestPluginCache.DiscoverTestExtensions: Discovering the extensions using allExtensionPaths: C:\Program Files\dotnet\sdk\7.0.100\Extensions\Microsoft.Diagnostics.NETCore.Client.dll
C:\Program Files\dotnet\sdk\7.0.100\Extensions\Microsoft.TestPlatform.Extensions.BlameDataCollector.dll
C:\Program Files\dotnet\sdk\7.0.100\Extensions\Microsoft.TestPlatform.Extensions.EventLogCollector.dll
C:\Program Files\dotnet\sdk\7.0.100\Extensions\Microsoft.TestPlatform.TestHostRuntimeProvider.dll
C:\Program Files\dotnet\sdk\7.0.100\Extensions\Microsoft.VisualStudio.TestPlatform.Extensions.Html.TestLogger.dll
C:\Program Files\dotnet\sdk\7.0.100\Extensions\Microsoft.VisualStudio.TestPlatform.Extensions.Trx.TestLogger.dll
TpTrace Information: 0 : 6112, 1, 2022/11/18, 16:36:41.654, 66834410184, vstest.console.dll, AssemblyResolver.AddSearchDirectories: Adding more searchDirectories C:\Program Files\dotnet\sdk\7.0.100\Extensions,C:\Program Files\dotnet\sdk\7.0.100
TpTrace Information: 0 : 6112, 1, 2022/11/18, 16:36:41.654, 66834410899, vstest.console.dll, AssemblyResolver.AddSearchDirectories: Adding more searchDirectories C:\Program Files\dotnet\sdk\7.0.100\Extensions,C:\Program Files\dotnet\sdk\7.0.100
TpTrace Information: 0 : 6112, 1, 2022/11/18, 16:36:41.654, 66834411128, vstest.console.dll, AssemblyResolver.AddSearchDirectories: Adding more searchDirectories C:\Program Files\dotnet\sdk\7.0.100\Extensions,C:\Program Files\dotnet\sdk\7.0.100
TpTrace Information: 0 : 6112, 1, 2022/11/18, 16:36:41.654, 66834411288, vstest.console.dll, AssemblyResolver.AddSearchDirectories: Adding more searchDirectories C:\Program Files\dotnet\sdk\7.0.100\Extensions,C:\Program Files\dotnet\sdk\7.0.100
TpTrace Information: 0 : 6112, 1, 2022/11/18, 16:36:41.654, 66834411474, vstest.console.dll, AssemblyResolver.AddSearchDirectories: Adding more searchDirectories C:\Program Files\dotnet\sdk\7.0.100\Extensions,C:\Program Files\dotnet\sdk\7.0.100
TpTrace Information: 0 : 6112, 1, 2022/11/18, 16:36:41.654, 66834411626, vstest.console.dll, AssemblyResolver.AddSearchDirectories: Adding more searchDirectories C:\Program Files\dotnet\sdk\7.0.100\Extensions,C:\Program Files\dotnet\sdk\7.0.100
TpTrace Verbose: 0 : 6112, 1, 2022/11/18, 16:36:41.654, 66834412478, vstest.console.dll, MetadataReaderExtensionsHelper: Discovering extensions inside assembly 'Microsoft.Diagnostics.NETCore.Client, Version=0.2.6.42401, Culture=neutral, PublicKeyToken=31bf3856ad364e35' file path 'C:\Program Files\dotnet\sdk\7.0.100\Extensions\Microsoft.Diagnostics.NETCore.Client.dll'
TpTrace Information: 0 : 6112, 1, 2022/11/18, 16:36:41.655, 66834421143, vstest.console.dll, AssemblyResolver.OnResolve: Microsoft.Bcl.AsyncInterfaces: Resolving assembly.
TpTrace Information: 0 : 6112, 1, 2022/11/18, 16:36:41.655, 66834421771, vstest.console.dll, AssemblyResolver.OnResolve: Microsoft.Bcl.AsyncInterfaces: Resolved from cache.
TpTrace Verbose: 0 : 6112, 1, 2022/11/18, 16:36:41.655, 66834421961, vstest.console.dll, CurrentDomainAssemblyResolve: Resolving assembly 'Microsoft.Bcl.AsyncInterfaces'.
TpTrace Information: 0 : 6112, 1, 2022/11/18, 16:36:41.655, 66834422295, vstest.console.dll, AssemblyResolver.OnResolve: Microsoft.Bcl.AsyncInterfaces: Resolving assembly.
TpTrace Information: 0 : 6112, 1, 2022/11/18, 16:36:41.655, 66834422465, vstest.console.dll, AssemblyResolver.OnResolve: Microsoft.Bcl.AsyncInterfaces: Resolved from cache.
TpTrace Verbose: 0 : 6112, 1, 2022/11/18, 16:36:41.655, 66834422675, vstest.console.dll, CurrentDomainAssemblyResolve: Resolving assembly 'Microsoft.Bcl.AsyncInterfaces'.
TpTrace Verbose: 0 : 6112, 1, 2022/11/18, 16:36:41.655, 66834422904, vstest.console.dll, CurrentDomainAssemblyResolve: Failed to resolve assembly 'Microsoft.Bcl.AsyncInterfaces'.
TpTrace Verbose: 0 : 6112, 1, 2022/11/18, 16:36:41.655, 66834424155, vstest.console.dll, CurrentDomainAssemblyResolve: Failed to resolve assembly 'Microsoft.Bcl.AsyncInterfaces'.
TpTrace Warning: 0 : 6112, 1, 2022/11/18, 16:36:41.655, 66834426749, vstest.console.dll, TestPluginDiscoverer: Failed to get types from assembly 'Microsoft.Diagnostics.NETCore.Client, Version=0.2.6.42401, Culture=neutral, PublicKeyToken=31bf3856ad364e35'. Error: System.Reflection.ReflectionTypeLoadException: Unable to load one or more of the requested types.
Could not load file or assembly 'Microsoft.Bcl.AsyncInterfaces, Version=1.0.0.0, Culture=neutral, PublicKeyToken=cc7b13ffcd2ddd51'. The system cannot find the file specified.
   at System.Reflection.RuntimeModule.GetTypes(RuntimeModule module)
   at System.Reflection.Assembly.GetTypes()
   at Microsoft.VisualStudio.TestPlatform.Common.ExtensionFramework.TestPluginDiscoverer.GetTestExtensionsFromAssembly[TPluginInfo,TExtension](Assembly assembly, Dictionary`2 pluginInfos, String filePath)
System.IO.FileNotFoundException: Could not load file or assembly 'Microsoft.Bcl.AsyncInterfaces, Version=1.0.0.0, Culture=neutral, PublicKeyToken=cc7b13ffcd2ddd51'. The system cannot find the file specified.
File name: 'Microsoft.Bcl.AsyncInterfaces, Version=1.0.0.0, Culture=neutral, PublicKeyToken=cc7b13ffcd2ddd51'
 ---> System.IO.FileNotFoundException: Could not load file or assembly 'Microsoft.Bcl.AsyncInterfaces, Culture=neutral, PublicKeyToken=null'. The system cannot find the file specified.
File name: 'Microsoft.Bcl.AsyncInterfaces, Culture=neutral, PublicKeyToken=null'
   at System.Reflection.RuntimeAssembly.InternalLoad(AssemblyName assemblyName, StackCrawlMark& stackMark, AssemblyLoadContext assemblyLoadContext, RuntimeAssembly requestingAssembly, Boolean throwOnFileNotFound)
   at System.Reflection.Assembly.Load(AssemblyName assemblyRef)
   at Microsoft.VisualStudio.TestPlatform.Common.ExtensionFramework.TestPluginCache.CurrentDomainAssemblyResolve(Object sender, AssemblyResolveEventArgs args)
   at System.Runtime.Loader.AssemblyLoadContext.GetFirstResolvedAssemblyFromResolvingEvent(AssemblyName assemblyName)
   at System.Runtime.Loader.AssemblyLoadContext.ResolveUsingEvent(AssemblyName assemblyName)
   at System.Runtime.Loader.AssemblyLoadContext.ResolveUsingResolvingEvent(IntPtr gchManagedAssemblyLoadContext, AssemblyName assemblyName)
TpTrace Warning: 0 : 6112, 1, 2022/11/18, 16:36:41.655, 66834428114, vstest.console.dll, LoaderExceptions: System.IO.FileNotFoundException: Could not load file or assembly 'Microsoft.Bcl.AsyncInterfaces, Version=1.0.0.0, Culture=neutral, PublicKeyToken=cc7b13ffcd2ddd51'. The system cannot find the file specified.
File name: 'Microsoft.Bcl.AsyncInterfaces, Version=1.0.0.0, Culture=neutral, PublicKeyToken=cc7b13ffcd2ddd51'
 ---> System.IO.FileNotFoundException: Could not load file or assembly 'Microsoft.Bcl.AsyncInterfaces, Culture=neutral, PublicKeyToken=null'. The system cannot find the file specified.
File name: 'Microsoft.Bcl.AsyncInterfaces, Culture=neutral, PublicKeyToken=null'
   at System.Reflection.RuntimeAssembly.InternalLoad(AssemblyName assemblyName, StackCrawlMark& stackMark, AssemblyLoadContext assemblyLoadContext, RuntimeAssembly requestingAssembly, Boolean throwOnFileNotFound)
   at System.Reflection.Assembly.Load(AssemblyName assemblyRef)
   at Microsoft.VisualStudio.TestPlatform.Common.ExtensionFramework.TestPluginCache.CurrentDomainAssemblyResolve(Object sender, AssemblyResolveEventArgs args)
   at System.Runtime.Loader.AssemblyLoadContext.GetFirstResolvedAssemblyFromResolvingEvent(AssemblyName assemblyName)
   at System.Runtime.Loader.AssemblyLoadContext.ResolveUsingEvent(AssemblyName assemblyName)
   at System.Runtime.Loader.AssemblyLoadContext.ResolveUsingResolvingEvent(IntPtr gchManagedAssemblyLoadContext, AssemblyName assemblyName)
TpTrace Verbose: 0 : 6112, 1, 2022/11/18, 16:36:41.656, 66834428822, vstest.console.dll, MetadataReaderExtensionsHelper: Discovering extensions inside assembly 'Microsoft.TestPlatform.Extensions.BlameDataCollector, Version=15.0.0.0, Culture=neutral, PublicKeyToken=b03f5f7f11d50a3a' file path 'C:\Program Files\dotnet\sdk\7.0.100\Extensions\Microsoft.TestPlatform.Extensions.BlameDataCollector.dll'
TpTrace Information: 0 : 6112, 1, 2022/11/18, 16:36:41.656, 66834435266, vstest.console.dll, GetTestExtensionFromType: Register extension with identifier data 'logger://Microsoft/TestPlatform/Extensions/Blame/v1' and type 'Microsoft.TestPlatform.Extensions.BlameDataCollector.BlameLogger, Microsoft.TestPlatform.Extensions.BlameDataCollector, Version=15.0.0.0, Culture=neutral, PublicKeyToken=b03f5f7f11d50a3a' inside file 'C:\Program Files\dotnet\sdk\7.0.100\Extensions\Microsoft.TestPlatform.Extensions.BlameDataCollector.dll'
TpTrace Verbose: 0 : 6112, 1, 2022/11/18, 16:36:41.656, 66834435937, vstest.console.dll, MetadataReaderExtensionsHelper: Discovering extensions inside assembly 'Microsoft.TestPlatform.Extensions.EventLogCollector, Version=15.0.0.0, Culture=neutral, PublicKeyToken=b03f5f7f11d50a3a' file path 'C:\Program Files\dotnet\sdk\7.0.100\Extensions\Microsoft.TestPlatform.Extensions.EventLogCollector.dll'
TpTrace Verbose: 0 : 6112, 1, 2022/11/18, 16:36:41.657, 66834439953, vstest.console.dll, MetadataReaderExtensionsHelper: Discovering extensions inside assembly 'Microsoft.TestPlatform.TestHostRuntimeProvider, Version=15.0.0.0, Culture=neutral, PublicKeyToken=b03f5f7f11d50a3a' file path 'C:\Program Files\dotnet\sdk\7.0.100\Extensions\Microsoft.TestPlatform.TestHostRuntimeProvider.dll'
TpTrace Verbose: 0 : 6112, 1, 2022/11/18, 16:36:41.657, 66834444022, vstest.console.dll, MetadataReaderExtensionsHelper: Discovering extensions inside assembly 'Microsoft.VisualStudio.TestPlatform.Extensions.Html.TestLogger, Version=15.0.0.0, Culture=neutral, PublicKeyToken=b03f5f7f11d50a3a' file path 'C:\Program Files\dotnet\sdk\7.0.100\Extensions\Microsoft.VisualStudio.TestPlatform.Extensions.Html.TestLogger.dll'
TpTrace Information: 0 : 6112, 1, 2022/11/18, 16:36:41.658, 66834450060, vstest.console.dll, GetTestExtensionFromType: Register extension with identifier data 'logger://Microsoft/TestPlatform/HtmlLogger/v1' and type 'Microsoft.VisualStudio.TestPlatform.Extensions.HtmlLogger.HtmlLogger, Microsoft.VisualStudio.TestPlatform.Extensions.Html.TestLogger, Version=15.0.0.0, Culture=neutral, PublicKeyToken=b03f5f7f11d50a3a' inside file 'C:\Program Files\dotnet\sdk\7.0.100\Extensions\Microsoft.VisualStudio.TestPlatform.Extensions.Html.TestLogger.dll'
TpTrace Verbose: 0 : 6112, 1, 2022/11/18, 16:36:41.658, 66834450670, vstest.console.dll, MetadataReaderExtensionsHelper: Discovering extensions inside assembly 'Microsoft.VisualStudio.TestPlatform.Extensions.Trx.TestLogger, Version=15.0.0.0, Culture=neutral, PublicKeyToken=b03f5f7f11d50a3a' file path 'C:\Program Files\dotnet\sdk\7.0.100\Extensions\Microsoft.VisualStudio.TestPlatform.Extensions.Trx.TestLogger.dll'
TpTrace Information: 0 : 6112, 1, 2022/11/18, 16:36:41.658, 66834455122, vstest.console.dll, GetTestExtensionFromType: Register extension with identifier data 'logger://Microsoft/TestPlatform/TrxLogger/v1' and type 'Microsoft.VisualStudio.TestPlatform.Extensions.TrxLogger.TrxLogger, Microsoft.VisualStudio.TestPlatform.Extensions.Trx.TestLogger, Version=15.0.0.0, Culture=neutral, PublicKeyToken=b03f5f7f11d50a3a' inside file 'C:\Program Files\dotnet\sdk\7.0.100\Extensions\Microsoft.VisualStudio.TestPlatform.Extensions.Trx.TestLogger.dll'
TpTrace Verbose: 0 : 6112, 1, 2022/11/18, 16:36:41.658, 66834455944, vstest.console.dll, TestPluginCache: Discovered the extensions using extension path ''.
TpTrace Verbose: 0 : 6112, 1, 2022/11/18, 16:36:41.658, 66834456155, vstest.console.dll, TestPluginCache: Discoverers are ''.
TpTrace Verbose: 0 : 6112, 1, 2022/11/18, 16:36:41.658, 66834456295, vstest.console.dll, TestPluginCache: Executors are ''.
TpTrace Verbose: 0 : 6112, 1, 2022/11/18, 16:36:41.658, 66834456466, vstest.console.dll, TestPluginCache: Executors2 are ''.
TpTrace Verbose: 0 : 6112, 1, 2022/11/18, 16:36:41.658, 66834456597, vstest.console.dll, TestPluginCache: Setting providers are ''.
TpTrace Verbose: 0 : 6112, 1, 2022/11/18, 16:36:41.658, 66834457173, vstest.console.dll, TestPluginCache: Loggers are 'logger://Microsoft/TestPlatform/Extensions/Blame/v1,logger://Microsoft/TestPlatform/HtmlLogger/v1,logger://Microsoft/TestPlatform/TrxLogger/v1'.
TpTrace Verbose: 0 : 6112, 1, 2022/11/18, 16:36:41.658, 66834457450, vstest.console.dll, TestPluginCache: TestHosts are 'HostProvider://DefaultTestHost,HostProvider://DotnetTestHost'.
TpTrace Verbose: 0 : 6112, 1, 2022/11/18, 16:36:41.658, 66834457635, vstest.console.dll, TestPluginCache: DataCollectors are ''.
TpTrace Information: 0 : 6112, 1, 2022/11/18, 16:36:41.659, 66834465787, vstest.console.dll, TestPluginManager.CreateTestExtension: Attempting to load test extension: Microsoft.TestPlatform.Extensions.BlameDataCollector.BlameLogger
TpTrace Verbose: 0 : 6112, 1, 2022/11/18, 16:36:41.668, 66834554433, vstest.console.dll, TestEngine: Initializing Parallel Execution as MaxCpuCount is set to: 1
TpTrace Information: 0 : 6112, 1, 2022/11/18, 16:36:41.670, 66834574211, vstest.console.dll, TestPluginManager.CreateTestExtension: Attempting to load test extension: Microsoft.VisualStudio.TestPlatform.CrossPlatEngine.Hosting.DefaultTestHostManager
TpTrace Information: 0 : 6112, 1, 2022/11/18, 16:36:41.671, 66834580885, vstest.console.dll, TestPluginManager.CreateTestExtension: Attempting to load test extension: Microsoft.VisualStudio.TestPlatform.CrossPlatEngine.Hosting.DotnetTestHostManager
TpTrace Information: 0 : 6112, 1, 2022/11/18, 16:36:41.671, 66834586919, vstest.console.dll, InferRunSettingsHelper.IsTestSettingsEnabled: Unable to navigate to RunSettings/MSTest. Current node: RunSettings
TpTrace Verbose: 0 : 6112, 1, 2022/11/18, 16:36:41.675, 66834621952, vstest.console.dll, TestEngine.GetExecutionManager: Chosen execution manager 'Microsoft.VisualStudio.TestPlatform.CrossPlatEngine.Client.Parallel.ParallelProxyExecutionManager, Microsoft.TestPlatform.CrossPlatEngine, Version=15.0.0.0, Culture=neutral, PublicKeyToken=b03f5f7f11d50a3a' ParallelLevel '1'.
TpTrace Verbose: 0 : 6112, 1, 2022/11/18, 16:36:41.675, 66834623590, vstest.console.dll, TestRunRequest.ExecuteAsync: Creating test run request.
TpTrace Verbose: 0 : 6112, 1, 2022/11/18, 16:36:41.675, 66834625853, vstest.console.dll, TestRunRequest.ExecuteAsync: Starting.
TpTrace Information: 0 : 6112, 1, 2022/11/18, 16:36:41.675, 66834628348, vstest.console.dll, TestRunRequest.ExecuteAsync: Starting run with settings:TestRunCriteria:
   KeepAlive=False,FrequencyOfRunStatsChangeEvent=10,RunStatsChangeEventTimeout=00:00:01.5000000,TestCaseFilter=,TestExecutorLauncher=
   Settingsxml=<RunSettings>
  <RunConfiguration>
    <ResultsDirectory>D:\C#\PROJECT\SpendLess\SpendLess\UnitTests\bin\Debug\net7.0\fine-code-coverage\coverage-tool-output</ResultsDirectory>
    <TargetPlatform>X64</TargetPlatform>
    <TargetFrameworkVersion>.NETCoreApp,Version=v7.0</TargetFrameworkVersion>
    <DesignMode>False</DesignMode>
    <CollectSourceInformation>False</CollectSourceInformation>
  </RunConfiguration>
  <LoggerRunSettings>
    <Loggers>
      <Logger friendlyName="blame" enabled="True" />
      <Logger friendlyName="Console" uri="logger://microsoft/TestPlatform/ConsoleLogger/v1" assemblyQualifiedName="Microsoft.VisualStudio.TestPlatform.CommandLine.Internal.ConsoleLogger, vstest.console, Version=15.0.0.0, Culture=neutral, PublicKeyToken=b03f5f7f11d50a3a" codeBase="C:\Program Files\dotnet\sdk\7.0.100\vstest.console.dll" enabled="True" />
    </Loggers>
  </LoggerRunSettings>
  <DataCollectionRunSettings>
    <DataCollectors>
      <DataCollector friendlyName="blame" enabled="True">
        <Configuration>
          <ResultsDirectory>D:\C#\PROJECT\SpendLess\SpendLess\UnitTests\bin\Debug\net7.0\fine-code-coverage\coverage-tool-output</ResultsDirectory>
        </Configuration>
      </DataCollector>
    </DataCollectors>
  </DataCollectionRunSettings>
</RunSettings>

TpTrace Verbose: 0 : 6112, 1, 2022/11/18, 16:36:41.676, 66834628800, vstest.console.dll, TestRunRequest.ExecuteAsync: Wait for the first run request is over.
TpTrace Verbose: 0 : 6112, 1, 2022/11/18, 16:36:41.676, 66834631571, vstest.console.dll, MulticastDelegateUtilities.SafeInvoke: TestRun.TestRunStart: Invoking callbacks was skipped because there are no subscribers.
TpTrace Verbose: 0 : 6112, 4, 2022/11/18, 16:36:41.676, 66834633533, vstest.console.dll, MulticastDelegateUtilities.SafeInvoke: InternalTestLoggerEvents.SendTestRunStart: Invoking callback 1/1 for Microsoft.VisualStudio.TestPlatform.CommandLine.Internal.ConsoleLogger., took 0 ms.
TpTrace Verbose: 0 : 6112, 1, 2022/11/18, 16:36:41.677, 66834640941, vstest.console.dll, ParallelProxyExecutionManager: Start execution. Total sources: 1
TpTrace Verbose: 0 : 6112, 1, 2022/11/18, 16:36:41.678, 66834655039, vstest.console.dll, TestRequestSender is acting as server.
TpTrace Verbose: 0 : 6112, 1, 2022/11/18, 16:36:41.679, 66834666125, vstest.console.dll, DataCollectionRequestSender.InitializeCommunication : Initialize communication. 
TpTrace Information: 0 : 6112, 1, 2022/11/18, 16:36:41.683, 66834708509, vstest.console.dll, Listening on Endpoint : 127.0.0.1:61357
TpTrace Verbose: 0 : 6112, 1, 2022/11/18, 16:36:41.691, 66834783798, vstest.console.dll, DotnetDataCollectionLauncher: Adding  --runtimeconfig "C:\Program Files\dotnet\sdk\7.0.100\datacollector.runtimeconfig.json" in args
TpTrace Verbose: 0 : 6112, 1, 2022/11/18, 16:36:41.691, 66834785057, vstest.console.dll, DotnetDataCollectionLauncher: Adding  --depsfile "C:\Program Files\dotnet\sdk\7.0.100\datacollector.deps.json" in args
TpTrace Verbose: 0 : 6112, 1, 2022/11/18, 16:36:41.691, 66834786239, vstest.console.dll, DotnetDataCollectionLauncher: Full path of dotnet.exe is C:\Program Files\dotnet\dotnet.exe
TpTrace Information: 0 : 6112, 1, 2022/11/18, 16:36:41.699, 66834860960, vstest.console.dll, ProxyDataCollectionManager.Initialize: Launched datacollector processId: 7816 port: 61357
TpTrace Information: 0 : 6112, 1, 2022/11/18, 16:36:41.699, 66834863191, vstest.console.dll, ProxyDataCollectionManager.Initialize: waiting for connection with timeout: 90 seconds
TpTrace Verbose: 0 : 6112, 1, 2022/11/18, 16:36:41.699, 66834863951, vstest.console.dll, DataCollectionRequestSender.WaitForRequestHandlerConnection : Waiting for connection with timeout: 90000
TpTrace Information: 0 : 6112, 7, 2022/11/18, 16:36:41.803, 66835898757, vstest.console.dll, Using the buffer size of 16384 bytes
TpTrace Verbose: 0 : 6112, 1, 2022/11/18, 16:36:41.803, 66835899205, vstest.console.dll, SocketCommunicationManager.WaitForClientConnection took: 103 ms, with 90000 ms timeout, and finished with True.
TpTrace Information: 0 : 6112, 7, 2022/11/18, 16:36:41.803, 66835900183, vstest.console.dll, Accepted Client request and set the flag
TpTrace Verbose: 0 : 6112, 1, 2022/11/18, 16:36:41.803, 66835901018, vstest.console.dll, ProxyDataCollectionManager.InvokeDataCollectionServiceAction: Starting.
TpTrace Information: 0 : 6112, 1, 2022/11/18, 16:36:41.803, 66835901490, vstest.console.dll, ProxyDataCollectionManager.BeforeTestRunStart: Get environment variable and port for datacollector processId: 7816 port: 61357
TpTrace Verbose: 0 : 6112, 1, 2022/11/18, 16:36:41.803, 66835902143, vstest.console.dll, DataCollectionRequestSender.SendBeforeTestRunStartAndGetResult: Send BeforeTestRunStart message with settingsXml <RunSettings><RunConfiguration><ResultsDirectory>D:\C#\PROJECT\SpendLess\SpendLess\UnitTests\bin\Debug\net7.0\fine-code-coverage\coverage-tool-output</ResultsDirectory><TargetPlatform>X64</TargetPlatform><TargetFrameworkVersion>.NETCoreApp,Version=v7.0</TargetFrameworkVersion><DesignMode>False</DesignMode><CollectSourceInformation>False</CollectSourceInformation><TestAdaptersPaths>C:\Program Files\dotnet\sdk\7.0.100\Extensions</TestAdaptersPaths></RunConfiguration><LoggerRunSettings><Loggers><Logger friendlyName="blame" enabled="True" /><Logger friendlyName="Console" uri="logger://microsoft/TestPlatform/ConsoleLogger/v1" assemblyQualifiedName="Microsoft.VisualStudio.TestPlatform.CommandLine.Internal.ConsoleLogger, vstest.console, Version=15.0.0.0, Culture=neutral, PublicKeyToken=b03f5f7f11d50a3a" codeBase="C:\Program Files\dotnet\sdk\7.0.100\vstest.console.dll" enabled="True" /></Loggers></LoggerRunSettings><DataCollectionRunSettings><DataCollectors><DataCollector friendlyName="blame" enabled="True"><Configuration><ResultsDirectory>D:\C#\PROJECT\SpendLess\SpendLess\UnitTests\bin\Debug\net7.0\fine-code-coverage\coverage-tool-output</ResultsDirectory></Configuration></DataCollector></DataCollectors></DataCollectionRunSettings></RunSettings> and sources System.Collections.Generic.List`1[System.String]: 
TpTrace Verbose: 0 : 6112, 1, 2022/11/18, 16:36:41.863, 66836505115, vstest.console.dll, DataCollectionRequestSender.SendBeforeTestRunStartAndGetResult: Received message: (DataCollection.SendMessage) -> {"MessageType":"DataCollection.SendMessage","Payload":{"FriendlyName":null,"Uri":null,"TestCaseId":"00000000-0000-0000-0000-000000000000","Message":"Logging DataCollector Diagnostics in file: D:\\C#\\PROJECT\\SpendLess\\SpendLess\\UnitTests\\bin\\Debug\\net7.0\\fine-code-coverage\\coverage-tool-output\\diagnostics.datacollector.22-11-18_16-36-41_69123_1.log","Level":0}}
TpTrace Verbose: 0 : 6112, 1, 2022/11/18, 16:36:41.931, 66837185899, vstest.console.dll, DataCollectionRequestSender.SendBeforeTestRunStartAndGetResult: Received message: (DataCollection.BeforeTestRunStartResult) -> {"MessageType":"DataCollection.BeforeTestRunStartResult","Payload":{"EnvironmentVariables":{},"DataCollectionEventsPort":61359}}
TpTrace Information: 0 : 6112, 1, 2022/11/18, 16:36:41.936, 66837231116, vstest.console.dll, ProxyDataCollectionManager.BeforeTestRunStart: SendBeforeTestRunStartAndGetResult successful, env variable from datacollector:   and testhost port: 61359
TpTrace Information: 0 : 6112, 1, 2022/11/18, 16:36:41.936, 66837231907, vstest.console.dll, ProxyDataCollectionManager.InvokeDataCollectionServiceAction: Completed.
TpTrace Verbose: 0 : 6112, 1, 2022/11/18, 16:36:41.936, 66837233027, vstest.console.dll, ProxyParallelExecutionManager: No sources available for execution.
TpTrace Verbose: 0 : 6112, 7, 2022/11/18, 16:36:41.936, 66837233056, vstest.console.dll, ParallelProxyExecutionManager: Execution started. Started clients: 1
TpTrace Information: 0 : 6112, 1, 2022/11/18, 16:36:41.936, 66837233411, vstest.console.dll, TestRunRequest.ExecuteAsync: Started.
TpTrace Verbose: 0 : 6112, 1, 2022/11/18, 16:36:41.936, 66837235219, vstest.console.dll, TestRunRequest.WaitForCompletion: Waiting with timeout -1.
TpTrace Verbose: 0 : 6112, 7, 2022/11/18, 16:36:41.936, 66837235243, vstest.console.dll, TestRunRequest:SendTestRunMessage: Starting.
TpTrace Verbose: 0 : 6112, 7, 2022/11/18, 16:36:41.936, 66837237116, vstest.console.dll, MulticastDelegateUtilities.SafeInvoke: TestRun.LogMessages: Invoking callback 1/1 for Microsoft.VisualStudio.TestPlatform.CommandLine.TestRunResultAggregator., took 0 ms.
TpTrace Information: 0 : 6112, 7, 2022/11/18, 16:36:41.936, 66837237358, vstest.console.dll, TestRunRequest:SendTestRunMessage: Completed.
TpTrace Verbose: 0 : 6112, 4, 2022/11/18, 16:36:41.936, 66837238470, vstest.console.dll, MulticastDelegateUtilities.SafeInvoke: InternalTestLoggerEvents.SendTestRunMessage: Invoking callback 1/1 for Microsoft.VisualStudio.TestPlatform.CommandLine.Internal.ConsoleLogger., took 0 ms.
TpTrace Verbose: 0 : 6112, 7, 2022/11/18, 16:36:41.937, 66837238646, vstest.console.dll, ProxyExecutionManager: Test host is always Lazy initialize.
TpTrace Verbose: 0 : 6112, 7, 2022/11/18, 16:36:41.937, 66837240700, vstest.console.dll, TestRequestSender.InitializeCommunication: initialize communication. 
TpTrace Information: 0 : 6112, 7, 2022/11/18, 16:36:41.937, 66837244591, vstest.console.dll, SocketServer.Start: Listening on endpoint : 127.0.0.1:61360
TpTrace Verbose: 0 : 6112, 7, 2022/11/18, 16:36:41.938, 66837251675, vstest.console.dll, DotnetTestHostmanager.GetTestHostProcessStartInfo: Platform environment 'X64' target architecture 'X64' framework '.NETCoreApp,Version=v7.0' OS 'Windows'
TpTrace Verbose: 0 : 6112, 7, 2022/11/18, 16:36:41.938, 66837253420, vstest.console.dll, DotnetTestHostmanager: Adding  --runtimeconfig "D:\C#\PROJECT\SpendLess\SpendLess\UnitTests\bin\Debug\net7.0\fine-code-coverage\build-output\Tests.runtimeconfig.json" in args
TpTrace Verbose: 0 : 6112, 7, 2022/11/18, 16:36:41.938, 66837254007, vstest.console.dll, DotnetTestHostmanager: Adding  --depsfile "D:\C#\PROJECT\SpendLess\SpendLess\UnitTests\bin\Debug\net7.0\fine-code-coverage\build-output\Tests.deps.json" in args
TpTrace Verbose: 0 : 6112, 7, 2022/11/18, 16:36:41.938, 66837255245, vstest.console.dll, DotnetTestHostmanager.IsWinOnArm: Current PROCESSOR_ARCHITECTURE from environment variable 'AMD64'
TpTrace Verbose: 0 : 6112, 7, 2022/11/18, 16:36:41.938, 66837255568, vstest.console.dll, DotnetTestHostmanager.IsWinOnArm: Is Windows on ARM 'False'
TpTrace Verbose: 0 : 6112, 7, 2022/11/18, 16:36:41.938, 66837255984, vstest.console.dll, DotnetTestHostManager: testhost.exe found at path: D:\C#\PROJECT\SpendLess\SpendLess\UnitTests\bin\Debug\net7.0\fine-code-coverage\build-output\testhost.exe
TpTrace Verbose: 0 : 6112, 7, 2022/11/18, 16:36:41.938, 66837256233, vstest.console.dll, DotnetTestHostmanager: Full path of host exe is D:\C#\PROJECT\SpendLess\SpendLess\UnitTests\bin\Debug\net7.0\fine-code-coverage\build-output\testhost.exe
TpTrace Verbose: 0 : 6112, 7, 2022/11/18, 16:36:41.938, 66837257130, vstest.console.dll, DotnetTestHostmanager.LaunchTestHostAsync: Found 'VSTEST_WINAPPHOST_DOTNET_ROOT' in env variables, value 'C:\Program Files\dotnet', forwarding to 'DOTNET_ROOT'
TpTrace Verbose: 0 : 6112, 7, 2022/11/18, 16:36:41.939, 66837258636, vstest.console.dll, DotnetTestHostManager: Starting process 'D:\C#\PROJECT\SpendLess\SpendLess\UnitTests\bin\Debug\net7.0\fine-code-coverage\build-output\testhost.exe' with command line ' --runtimeconfig "D:\C#\PROJECT\SpendLess\SpendLess\UnitTests\bin\Debug\net7.0\fine-code-coverage\build-output\Tests.runtimeconfig.json" --depsfile "D:\C#\PROJECT\SpendLess\SpendLess\UnitTests\bin\Debug\net7.0\fine-code-coverage\build-output\Tests.deps.json" --port 61360 --endpoint 127.0.0.1:061360 --role client --parentprocessid 6112 --diag "D:\C#\PROJECT\SpendLess\SpendLess\UnitTests\bin\Debug\net7.0\fine-code-coverage\coverage-tool-output\diagnostics.host.22-11-18_16-36-41_93793_7.log" --tracelevel 4 --datacollectionport 61359 --telemetryoptedin false'
TpTrace Verbose: 0 : 6112, 7, 2022/11/18, 16:36:41.951, 66837383489, vstest.console.dll, MulticastDelegateUtilities.SafeInvoke: HostProviderEvents.OnHostLaunched: Invoking callback 1/2 for Microsoft.VisualStudio.TestPlatform.CrossPlatEngine.Client.ProxyExecutionManagerWithDataCollection., took 1 ms.
TpTrace Verbose: 0 : 6112, 7, 2022/11/18, 16:36:41.951, 66837386384, vstest.console.dll, Test Runtime launched
TpTrace Verbose: 0 : 6112, 7, 2022/11/18, 16:36:41.951, 66837387082, vstest.console.dll, MulticastDelegateUtilities.SafeInvoke: HostProviderEvents.OnHostLaunched: Invoking callback 2/2 for Microsoft.VisualStudio.TestPlatform.CrossPlatEngine.Client.ProxyOperationManager., took 0 ms.
TpTrace Verbose: 0 : 6112, 7, 2022/11/18, 16:36:41.952, 66837389083, vstest.console.dll, TestRequestSender.WaitForRequestHandlerConnection: waiting for connection with timeout: 90000.
TpTrace Verbose: 0 : 6112, 12, 2022/11/18, 16:36:42.117, 66839040201, vstest.console.dll, MulticastDelegateUtilities.SafeInvoke: SocketServer: ClientConnected: Invoking callback 1/1 for Microsoft.VisualStudio.TestPlatform.CommunicationUtilities.TestRequestSender., took 0 ms.
TpTrace Verbose: 0 : 6112, 7, 2022/11/18, 16:36:42.117, 66839040182, vstest.console.dll, TestRequestSender.WaitForRequestHandlerConnection: waiting took 165 ms, with timeout 90000 ms, and result 0, which is success.
TpTrace Verbose: 0 : 6112, 12, 2022/11/18, 16:36:42.117, 66839041666, vstest.console.dll, SocketServer.OnClientConnected: Client connected for endPoint: 127.0.0.1:61360, starting MessageLoopAsync:
TpTrace Verbose: 0 : 6112, 13, 2022/11/18, 16:36:42.117, 66839044558, vstest.console.dll, TcpClientExtensions.MessageLoopAsync: Polling on remoteEndPoint: 127.0.0.1:61362 localEndPoint: 127.0.0.1:61360
TpTrace Verbose: 0 : 6112, 7, 2022/11/18, 16:36:42.118, 66839055121, vstest.console.dll, TestRequestSender.CheckVersionWithTestHost: Sending check version message: {"MessageType":"ProtocolVersion","Payload":7}
TpTrace Verbose: 0 : 6112, 13, 2022/11/18, 16:36:42.202, 66839895273, vstest.console.dll, TcpClientExtensions.MessageLoopAsync: NotifyDataAvailable remoteEndPoint: 127.0.0.1:61362 localEndPoint: 127.0.0.1:61360
TpTrace Verbose: 0 : 6112, 13, 2022/11/18, 16:36:42.202, 66839897154, vstest.console.dll, TestRequestSender.CheckVersionWithTestHost: onMessageReceived received message: (ProtocolVersion) -> {"MessageType":"ProtocolVersion","Payload":7}
TpTrace Verbose: 0 : 6112, 13, 2022/11/18, 16:36:42.203, 66839902231, vstest.console.dll, MulticastDelegateUtilities.SafeInvoke: LengthPrefixCommunicationChannel: MessageReceived: Invoking callback 1/1 for Microsoft.VisualStudio.TestPlatform.CommunicationUtilities.TestRequestSender+<>c__DisplayClass26_0., took 0 ms.
TpTrace Verbose: 0 : 6112, 13, 2022/11/18, 16:36:42.203, 66839903158, vstest.console.dll, TcpClientExtensions.MessageLoopAsync: Polling on remoteEndPoint: 127.0.0.1:61362 localEndPoint: 127.0.0.1:61360
TpTrace Verbose: 0 : 6112, 7, 2022/11/18, 16:36:42.203, 66839904031, vstest.console.dll, TestPluginCache.GetExtensionPaths: Filtered extension paths: 
TpTrace Verbose: 0 : 6112, 7, 2022/11/18, 16:36:42.203, 66839904494, vstest.console.dll, TestPluginCache.GetExtensionPaths: Added default extension paths: C:\Program Files\dotnet\sdk\7.0.100\Extensions\Microsoft.Diagnostics.NETCore.Client.dll
C:\Program Files\dotnet\sdk\7.0.100\Extensions\Microsoft.TestPlatform.Extensions.BlameDataCollector.dll
C:\Program Files\dotnet\sdk\7.0.100\Extensions\Microsoft.TestPlatform.Extensions.EventLogCollector.dll
C:\Program Files\dotnet\sdk\7.0.100\Extensions\Microsoft.TestPlatform.TestHostRuntimeProvider.dll
C:\Program Files\dotnet\sdk\7.0.100\Extensions\Microsoft.VisualStudio.TestPlatform.Extensions.Html.TestLogger.dll
C:\Program Files\dotnet\sdk\7.0.100\Extensions\Microsoft.VisualStudio.TestPlatform.Extensions.Trx.TestLogger.dll
TpTrace Verbose: 0 : 6112, 7, 2022/11/18, 16:36:42.203, 66839904722, vstest.console.dll, TestPluginCache.GetExtensionPaths: Added unfilterableExtensionPaths: 
TpTrace Verbose: 0 : 6112, 7, 2022/11/18, 16:36:42.205, 66839927535, vstest.console.dll, TestRequestSender.InitializeExecution: Sending initialize execution with message: {"Version":7,"MessageType":"TestExecution.Initialize","Payload":["D:\\C#\\PROJECT\\SpendLess\\SpendLess\\UnitTests\\bin\\Debug\\net7.0\\fine-code-coverage\\build-output\\NUnit3.TestAdapter.dll"]}
TpTrace Warning: 0 : 6112, 7, 2022/11/18, 16:36:42.206, 66839933781, vstest.console.dll, InferRunSettingsHelper.MakeRunsettingsCompatible: Removing the following settings: TargetPlatform from RunSettings file. To use those settings please move to latest version of Microsoft.NET.Test.Sdk
TpTrace Verbose: 0 : 6112, 13, 2022/11/18, 16:36:42.206, 66839938108, vstest.console.dll, TcpClientExtensions.MessageLoopAsync: NotifyDataAvailable remoteEndPoint: 127.0.0.1:61362 localEndPoint: 127.0.0.1:61360
TpTrace Verbose: 0 : 6112, 13, 2022/11/18, 16:36:42.207, 66839943159, vstest.console.dll, TestRequestSender.OnExecutionMessageReceived: Received message: {"Version":7,"MessageType":"TestSession.Message","Payload":{"MessageLevel":0,"Message":"Logging TestHost Diagnostics in file: D:\\C#\\PROJECT\\SpendLess\\SpendLess\\UnitTests\\bin\\Debug\\net7.0\\fine-code-coverage\\coverage-tool-output\\diagnostics.host.22-11-18_16-36-41_93793_7.log"}}
TpTrace Verbose: 0 : 6112, 13, 2022/11/18, 16:36:42.214, 66840012689, vstest.console.dll, TestRunRequest:SendTestRunMessage: Starting.
TpTrace Verbose: 0 : 6112, 13, 2022/11/18, 16:36:42.214, 66840014313, vstest.console.dll, MulticastDelegateUtilities.SafeInvoke: TestRun.LogMessages: Invoking callback 1/1 for Microsoft.VisualStudio.TestPlatform.CommandLine.TestRunResultAggregator., took 0 ms.
TpTrace Information: 0 : 6112, 13, 2022/11/18, 16:36:42.214, 66840014611, vstest.console.dll, TestRunRequest:SendTestRunMessage: Completed.
TpTrace Verbose: 0 : 6112, 13, 2022/11/18, 16:36:42.214, 66840014853, vstest.console.dll, MulticastDelegateUtilities.SafeInvoke: LengthPrefixCommunicationChannel: MessageReceived: Invoking callback 1/1 for Microsoft.VisualStudio.TestPlatform.CommunicationUtilities.TestRequestSender+<>c__DisplayClass31_0., took 7 ms.
TpTrace Verbose: 0 : 6112, 13, 2022/11/18, 16:36:42.214, 66840015069, vstest.console.dll, TcpClientExtensions.MessageLoopAsync: Polling on remoteEndPoint: 127.0.0.1:61362 localEndPoint: 127.0.0.1:61360
TpTrace Verbose: 0 : 6112, 4, 2022/11/18, 16:36:42.214, 66840015185, vstest.console.dll, MulticastDelegateUtilities.SafeInvoke: InternalTestLoggerEvents.SendTestRunMessage: Invoking callback 1/1 for Microsoft.VisualStudio.TestPlatform.CommandLine.Internal.ConsoleLogger., took 0 ms.
TpTrace Verbose: 0 : 6112, 7, 2022/11/18, 16:36:42.217, 66840042665, vstest.console.dll, TestRequestSender.StartTestRun: Sending test run with message: {"Version":7,"MessageType":"TestExecution.StartWithSources","Payload":{"AdapterSourceMap":{"_none_":["D:\\C#\\PROJECT\\SpendLess\\SpendLess\\UnitTests\\bin\\Debug\\net7.0\\fine-code-coverage\\build-output\\Tests.dll"]},"RunSettings":"<RunSettings>\r\n  <RunConfiguration>\r\n    <ResultsDirectory>D:\\C#\\PROJECT\\SpendLess\\SpendLess\\UnitTests\\bin\\Debug\\net7.0\\fine-code-coverage\\coverage-tool-output</ResultsDirectory>\r\n    <TargetFrameworkVersion>.NETCoreApp,Version=v7.0</TargetFrameworkVersion>\r\n    <DesignMode>False</DesignMode>\r\n    <CollectSourceInformation>False</CollectSourceInformation>\r\n  </RunConfiguration>\r\n  <LoggerRunSettings>\r\n    <Loggers>\r\n      <Logger friendlyName=\"blame\" enabled=\"True\" />\r\n      <Logger friendlyName=\"Console\" uri=\"logger://microsoft/TestPlatform/ConsoleLogger/v1\" assemblyQualifiedName=\"Microsoft.VisualStudio.TestPlatform.CommandLine.Internal.ConsoleLogger, vstest.console, Version=15.0.0.0, Culture=neutral, PublicKeyToken=b03f5f7f11d50a3a\" codeBase=\"C:\\Program Files\\dotnet\\sdk\\7.0.100\\vstest.console.dll\" enabled=\"True\" />\r\n    </Loggers>\r\n  </LoggerRunSettings>\r\n  <DataCollectionRunSettings>\r\n    <DataCollectors>\r\n      <DataCollector friendlyName=\"blame\" enabled=\"True\">\r\n        <Configuration>\r\n          <ResultsDirectory>D:\\C#\\PROJECT\\SpendLess\\SpendLess\\UnitTests\\bin\\Debug\\net7.0\\fine-code-coverage\\coverage-tool-output</ResultsDirectory>\r\n        </Configuration>\r\n      </DataCollector>\r\n    </DataCollectors>\r\n  </DataCollectionRunSettings>\r\n</RunSettings>","TestExecutionContext":{"FrequencyOfRunStatsChangeEvent":10,"RunStatsChangeEventTimeout":"00:00:01.5000000","InIsolation":false,"KeepAlive":false,"AreTestCaseLevelEventsRequired":false,"IsDebug":false,"TestCaseFilter":null,"FilterOptions":null},"Package":null}}
TpTrace Verbose: 0 : 6112, 13, 2022/11/18, 16:36:42.306, 66840934732, vstest.console.dll, TcpClientExtensions.MessageLoopAsync: NotifyDataAvailable remoteEndPoint: 127.0.0.1:61362 localEndPoint: 127.0.0.1:61360
TpTrace Verbose: 0 : 6112, 13, 2022/11/18, 16:36:42.306, 66840936202, vstest.console.dll, TestRequestSender.OnExecutionMessageReceived: Received message: {"Version":7,"MessageType":"TestSession.Message","Payload":{"MessageLevel":0,"Message":"NUnit Adapter 4.2.0.0: Test execution started"}}
TpTrace Verbose: 0 : 6112, 13, 2022/11/18, 16:36:42.307, 66840938601, vstest.console.dll, TestRunRequest:SendTestRunMessage: Starting.
TpTrace Verbose: 0 : 6112, 13, 2022/11/18, 16:36:42.307, 66840939166, vstest.console.dll, MulticastDelegateUtilities.SafeInvoke: TestRun.LogMessages: Invoking callback 1/1 for Microsoft.VisualStudio.TestPlatform.CommandLine.TestRunResultAggregator., took 0 ms.
TpTrace Information: 0 : 6112, 13, 2022/11/18, 16:36:42.307, 66840939500, vstest.console.dll, TestRunRequest:SendTestRunMessage: Completed.
TpTrace Verbose: 0 : 6112, 13, 2022/11/18, 16:36:42.307, 66840939671, vstest.console.dll, MulticastDelegateUtilities.SafeInvoke: LengthPrefixCommunicationChannel: MessageReceived: Invoking callback 1/1 for Microsoft.VisualStudio.TestPlatform.CommunicationUtilities.TestRequestSender+<>c__DisplayClass31_0., took 0 ms.
TpTrace Verbose: 0 : 6112, 13, 2022/11/18, 16:36:42.307, 66840939985, vstest.console.dll, TcpClientExtensions.MessageLoopAsync: Polling on remoteEndPoint: 127.0.0.1:61362 localEndPoint: 127.0.0.1:61360
TpTrace Verbose: 0 : 6112, 4, 2022/11/18, 16:36:42.307, 66840940296, vstest.console.dll, MulticastDelegateUtilities.SafeInvoke: InternalTestLoggerEvents.SendTestRunMessage: Invoking callback 1/1 for Microsoft.VisualStudio.TestPlatform.CommandLine.Internal.ConsoleLogger., took 0 ms.
TpTrace Verbose: 0 : 6112, 13, 2022/11/18, 16:36:42.324, 66841117619, vstest.console.dll, TcpClientExtensions.MessageLoopAsync: NotifyDataAvailable remoteEndPoint: 127.0.0.1:61362 localEndPoint: 127.0.0.1:61360
TpTrace Verbose: 0 : 6112, 13, 2022/11/18, 16:36:42.325, 66841118966, vstest.console.dll, TestRequestSender.OnExecutionMessageReceived: Received message: {"Version":7,"MessageType":"TestSession.Message","Payload":{"MessageLevel":0,"Message":"Running all tests in D:\\C#\\PROJECT\\SpendLess\\SpendLess\\UnitTests\\bin\\Debug\\net7.0\\fine-code-coverage\\build-output\\Tests.dll"}}
TpTrace Verbose: 0 : 6112, 13, 2022/11/18, 16:36:42.325, 66841120168, vstest.console.dll, TestRunRequest:SendTestRunMessage: Starting.
TpTrace Verbose: 0 : 6112, 13, 2022/11/18, 16:36:42.325, 66841120615, vstest.console.dll, MulticastDelegateUtilities.SafeInvoke: TestRun.LogMessages: Invoking callback 1/1 for Microsoft.VisualStudio.TestPlatform.CommandLine.TestRunResultAggregator., took 0 ms.
TpTrace Information: 0 : 6112, 13, 2022/11/18, 16:36:42.325, 66841120836, vstest.console.dll, TestRunRequest:SendTestRunMessage: Completed.
TpTrace Verbose: 0 : 6112, 13, 2022/11/18, 16:36:42.325, 66841121014, vstest.console.dll, MulticastDelegateUtilities.SafeInvoke: LengthPrefixCommunicationChannel: MessageReceived: Invoking callback 1/1 for Microsoft.VisualStudio.TestPlatform.CommunicationUtilities.TestRequestSender+<>c__DisplayClass31_0., took 0 ms.
TpTrace Verbose: 0 : 6112, 13, 2022/11/18, 16:36:42.325, 66841121203, vstest.console.dll, TcpClientExtensions.MessageLoopAsync: Polling on remoteEndPoint: 127.0.0.1:61362 localEndPoint: 127.0.0.1:61360
TpTrace Verbose: 0 : 6112, 4, 2022/11/18, 16:36:42.325, 66841121767, vstest.console.dll, MulticastDelegateUtilities.SafeInvoke: InternalTestLoggerEvents.SendTestRunMessage: Invoking callback 1/1 for Microsoft.VisualStudio.TestPlatform.CommandLine.Internal.ConsoleLogger., took 0 ms.
TpTrace Verbose: 0 : 6112, 13, 2022/11/18, 16:36:42.424, 66842114885, vstest.console.dll, TcpClientExtensions.MessageLoopAsync: NotifyDataAvailable remoteEndPoint: 127.0.0.1:61362 localEndPoint: 127.0.0.1:61360
TpTrace Verbose: 0 : 6112, 13, 2022/11/18, 16:36:42.424, 66842116232, vstest.console.dll, TestRequestSender.OnExecutionMessageReceived: Received message: {"Version":7,"MessageType":"TestSession.Message","Payload":{"MessageLevel":0,"Message":"   NUnit3TestExecutor discovered 22 of 22 NUnit test cases using Current Discovery mode, Non-Explicit run"}}
TpTrace Verbose: 0 : 6112, 13, 2022/11/18, 16:36:42.424, 66842117269, vstest.console.dll, TestRunRequest:SendTestRunMessage: Starting.
TpTrace Verbose: 0 : 6112, 13, 2022/11/18, 16:36:42.424, 66842117634, vstest.console.dll, MulticastDelegateUtilities.SafeInvoke: TestRun.LogMessages: Invoking callback 1/1 for Microsoft.VisualStudio.TestPlatform.CommandLine.TestRunResultAggregator., took 0 ms.
TpTrace Information: 0 : 6112, 13, 2022/11/18, 16:36:42.424, 66842117803, vstest.console.dll, TestRunRequest:SendTestRunMessage: Completed.
TpTrace Verbose: 0 : 6112, 13, 2022/11/18, 16:36:42.424, 66842117967, vstest.console.dll, MulticastDelegateUtilities.SafeInvoke: LengthPrefixCommunicationChannel: MessageReceived: Invoking callback 1/1 for Microsoft.VisualStudio.TestPlatform.CommunicationUtilities.TestRequestSender+<>c__DisplayClass31_0., took 0 ms.
TpTrace Verbose: 0 : 6112, 13, 2022/11/18, 16:36:42.424, 66842118131, vstest.console.dll, TcpClientExtensions.MessageLoopAsync: Polling on remoteEndPoint: 127.0.0.1:61362 localEndPoint: 127.0.0.1:61360
TpTrace Verbose: 0 : 6112, 4, 2022/11/18, 16:36:42.425, 66842118752, vstest.console.dll, MulticastDelegateUtilities.SafeInvoke: InternalTestLoggerEvents.SendTestRunMessage: Invoking callback 1/1 for Microsoft.VisualStudio.TestPlatform.CommandLine.Internal.ConsoleLogger., took 0 ms.
TpTrace Verbose: 0 : 6112, 13, 2022/11/18, 16:36:42.619, 66844064055, vstest.console.dll, TcpClientExtensions.MessageLoopAsync: NotifyDataAvailable remoteEndPoint: 127.0.0.1:61362 localEndPoint: 127.0.0.1:61360
TpTrace Verbose: 0 : 6112, 13, 2022/11/18, 16:36:42.619, 66844066074, vstest.console.dll, TestRequestSender.OnExecutionMessageReceived: Received message: {"Version":7,"MessageType":"TestExecution.StatsChange","Payload":{"NewTestResults":[{"TestCase":{"Id":"03c06610-443d-eaaf-e39d-7675b551b2ff","FullyQualifiedName":"SpendLess.UnitTests.Tests.AddingTransactionAppendsToList","DisplayName":"AddingTransactionAppendsToList","ExecutorUri":"executor://NUnit3TestExecutor","Source":"D:\\C#\\PROJECT\\SpendLess\\SpendLess\\UnitTests\\bin\\Debug\\net7.0\\fine-code-coverage\\build-output\\Tests.dll","CodeFilePath":null,"LineNumber":0,"Properties":[{"Key":{"Id":"NUnit.Seed","Label":"Seed","Category":"","Description":"","Attributes":0,"ValueType":"System.String"},"Value":"1135806513"}]},"Attachments":[],"Outcome":1,"ErrorMessage":null,"ErrorStackTrace":null,"DisplayName":"AddingTransactionAppendsToList","Messages":[],"ComputerName":"DESKTOP-4Q7MK15","Duration":"00:00:00.0432660","StartTime":"2022-11-18T14:36:42.4466226+00:00","EndTime":"2022-11-18T14:36:42.4898222+00:00","Properties":[{"Key":{"Id":"NUnit.Seed","Label":"Seed","Category":"","Description":"","Attributes":0,"ValueType":"System.String"},"Value":"1135806513"}]},{"TestCase":{"Id":"161e2486-7e50-fd60-1ab8-8cffb0d4d816","FullyQualifiedName":"SpendLess.UnitTests.Tests.AddingTransactionsListChangesTransactionList","DisplayName":"AddingTransactionsListChangesTransactionList","ExecutorUri":"executor://NUnit3TestExecutor","Source":"D:\\C#\\PROJECT\\SpendLess\\SpendLess\\UnitTests\\bin\\Debug\\net7.0\\fine-code-coverage\\build-output\\Tests.dll","CodeFilePath":null,"LineNumber":0,"Properties":[{"Key":{"Id":"NUnit.Seed","Label":"Seed","Category":"","Description":"","Attributes":0,"ValueType":"System.String"},"Value":"1917035323"}]},"Attachments":[],"Outcome":1,"ErrorMessage":null,"ErrorStackTrace":null,"DisplayName":"AddingTransactionsListChangesTransactionList","Messages":[],"ComputerName":"DESKTOP-4Q7MK15","Duration":"00:00:00.0377520","StartTime":"2022-11-18T14:36:42.4913156+00:00","EndTime":"2022-11-18T14:36:42.529067+00:00","Properties":[{"Key":{"Id":"NUnit.Seed","Label":"Seed","Category":"","Description":"","Attributes":0,"ValueType":"System.String"},"Value":"1917035323"}]},{"TestCase":{"Id":"eaf3d35d-783d-8f9a-ce79-c99257b27ee7","FullyQualifiedName":"SpendLess.UnitTests.Tests.CheckingForExistingAccountReturnsTrue","DisplayName":"CheckingForExistingAccountReturnsTrue","ExecutorUri":"executor://NUnit3TestExecutor","Source":"D:\\C#\\PROJECT\\SpendLess\\SpendLess\\UnitTests\\bin\\Debug\\net7.0\\fine-code-coverage\\build-output\\Tests.dll","CodeFilePath":null,"LineNumber":0,"Properties":[{"Key":{"Id":"NUnit.Seed","Label":"Seed","Category":"","Description":"","Attributes":0,"ValueType":"System.String"},"Value":"1467873184"}]},"Attachments":[],"Outcome":1,"ErrorMessage":null,"ErrorStackTrace":null,"DisplayName":"CheckingForExistingAccountReturnsTrue","Messages":[],"ComputerName":"DESKTOP-4Q7MK15","Duration":"00:00:00.0067710","StartTime":"2022-11-18T14:36:42.5291291+00:00","EndTime":"2022-11-18T14:36:42.5358996+00:00","Properties":[{"Key":{"Id":"NUnit.Seed","Label":"Seed","Category":"","Description":"","Attributes":0,"ValueType":"System.String"},"Value":"1467873184"}]},{"TestCase":{"Id":"b9d3163b-0ddf-fa35-6ba8-543ed76ce909","FullyQualifiedName":"SpendLess.UnitTests.Tests.CreatingHashedPasswordReturnsTwoBiteArrays","DisplayName":"CreatingHashedPasswordReturnsTwoBiteArrays","ExecutorUri":"executor://NUnit3TestExecutor","Source":"D:\\C#\\PROJECT\\SpendLess\\SpendLess\\UnitTests\\bin\\Debug\\net7.0\\fine-code-coverage\\build-output\\Tests.dll","CodeFilePath":null,"LineNumber":0,"Properties":[{"Key":{"Id":"NUnit.Seed","Label":"Seed","Category":"","Description":"","Attributes":0,"ValueType":"System.String"},"Value":"1607136087"}]},"Attachments":[],"Outcome":1,"ErrorMessage":null,"ErrorStackTrace":null,"DisplayName":"CreatingHashedPasswordReturnsTwoBiteArrays","Messages":[],"ComputerName":"DESKTOP-4Q7MK15","Duration":"00:00:00.0035950","StartTime":"2022-11-18T14:36:42.5359227+00:00","EndTime":"2022-11-18T14:36:42.5395176+00:00","Properties":[{"Key":{"Id":"NUnit.Seed","Label":"Seed","Category":"","Description":"","Attributes":0,"ValueType":"System.String"},"Value":"1607136087"}]},{"TestCase":{"Id":"2603264b-e44b-0974-bc63-70ea6e8ffcd8","FullyQualifiedName":"SpendLess.UnitTests.Tests.CreatingTokenWhenArgumentsAreInvalidReturnsNull","DisplayName":"CreatingTokenWhenArgumentsAreInvalidReturnsNull","ExecutorUri":"executor://NUnit3TestExecutor","Source":"D:\\C#\\PROJECT\\SpendLess\\SpendLess\\UnitTests\\bin\\Debug\\net7.0\\fine-code-coverage\\build-output\\Tests.dll","CodeFilePath":null,"LineNumber":0,"Properties":[{"Key":{"Id":"NUnit.Seed","Label":"Seed","Category":"","Description":"","Attributes":0,"ValueType":"System.String"},"Value":"1673138601"}]},"Attachments":[],"Outcome":1,"ErrorMessage":null,"ErrorStackTrace":null,"DisplayName":"CreatingTokenWhenArgumentsAreInvalidReturnsNull","Messages":[],"ComputerName":"DESKTOP-4Q7MK15","Duration":"00:00:00.0083190","StartTime":"2022-11-18T14:36:42.5395462+00:00","EndTime":"2022-11-18T14:36:42.5478652+00:00","Properties":[{"Key":{"Id":"NUnit.Seed","Label":"Seed","Category":"","Description":"","Attributes":0,"ValueType":"System.String"},"Value":"1673138601"}]},{"TestCase":{"Id":"29b55f91-4156-507f-980e-4d3c26f2accd","FullyQualifiedName":"SpendLess.UnitTests.Tests.DeletingTransactionReturnsMessage","DisplayName":"DeletingTransactionReturnsMessage","ExecutorUri":"executor://NUnit3TestExecutor","Source":"D:\\C#\\PROJECT\\SpendLess\\SpendLess\\UnitTests\\bin\\Debug\\net7.0\\fine-code-coverage\\build-output\\Tests.dll","CodeFilePath":null,"LineNumber":0,"Properties":[{"Key":{"Id":"NUnit.Seed","Label":"Seed","Category":"","Description":"","Attributes":0,"ValueType":"System.String"},"Value":"1965098444"}]},"Attachments":[],"Outcome":1,"ErrorMessage":null,"ErrorStackTrace":null,"DisplayName":"DeletingTransactionReturnsMessage","Messages":[],"ComputerName":"DESKTOP-4Q7MK15","Duration":"00:00:00.0013730","StartTime":"2022-11-18T14:36:42.5478929+00:00","EndTime":"2022-11-18T14:36:42.5492656+00:00","Properties":[{"Key":{"Id":"NUnit.Seed","Label":"Seed","Category":"","Description":"","Attributes":0,"ValueType":"System.String"},"Value":"1965098444"}]},{"TestCase":{"Id":"b5c747e5-a936-5496-dad7-d38f8aaf9b24","FullyQualifiedName":"SpendLess.UnitTests.Tests.GettingAuthenticationStateWithExpiredTokenNonAuthentificatedState","DisplayName":"GettingAuthenticationStateWithExpiredTokenNonAuthentificatedState","ExecutorUri":"executor://NUnit3TestExecutor","Source":"D:\\C#\\PROJECT\\SpendLess\\SpendLess\\UnitTests\\bin\\Debug\\net7.0\\fine-code-coverage\\build-output\\Tests.dll","CodeFilePath":null,"LineNumber":0,"Properties":[{"Key":{"Id":"NUnit.Seed","Label":"Seed","Category":"","Description":"","Attributes":0,"ValueType":"System.String"},"Value":"54866181"}]},"Attachments":[],"Outcome":1,"ErrorMessage":null,"ErrorStackTrace":null,"DisplayName":"GettingAuthenticationStateWithExpiredTokenNonAuthentificatedState","Messages":[],"ComputerName":"DESKTOP-4Q7MK15","Duration":"00:00:00.0486450","StartTime":"2022-11-18T14:36:42.5492838+00:00","EndTime":"2022-11-18T14:36:42.597928+00:00","Properties":[{"Key":{"Id":"NUnit.Seed","Label":"Seed","Category":"","Description":"","Attributes":0,"ValueType":"System.String"},"Value":"54866181"}]},{"TestCase":{"Id":"42ac38d1-4935-6dbb-8828-4021be986c6e","FullyQualifiedName":"SpendLess.UnitTests.Tests.GettingTransactionsListChangesTransactionList","DisplayName":"GettingTransactionsListChangesTransactionList","ExecutorUri":"executor://NUnit3TestExecutor","Source":"D:\\C#\\PROJECT\\SpendLess\\SpendLess\\UnitTests\\bin\\Debug\\net7.0\\fine-code-coverage\\build-output\\Tests.dll","CodeFilePath":null,"LineNumber":0,"Properties":[{"Key":{"Id":"NUnit.Seed","Label":"Seed","Category":"","Description":"","Attributes":0,"ValueType":"System.String"},"Value":"1533620370"}]},"Attachments":[],"Outcome":1,"ErrorMessage":null,"ErrorStackTrace":null,"DisplayName":"GettingTransactionsListChangesTransactionList","Messages":[],"ComputerName":"DESKTOP-4Q7MK15","Duration":"00:00:00.0016780","StartTime":"2022-11-18T14:36:42.597954+00:00","EndTime":"2022-11-18T14:36:42.5996319+00:00","Properties":[{"Key":{"Id":"NUnit.Seed","Label":"Seed","Category":"","Description":"","Attributes":0,"ValueType":"System.String"},"Value":"1533620370"}]},{"TestCase":{"Id":"4bd765fd-7dbb-9110-7107-c8d7a8d957e5","FullyQualifiedName":"SpendLess.UnitTests.Tests.ParsingJwtReturnsIEnumerableWithClaims","DisplayName":"ParsingJwtReturnsIEnumerableWithClaims","ExecutorUri":"executor://NUnit3TestExecutor","Source":"D:\\C#\\PROJECT\\SpendLess\\SpendLess\\UnitTests\\bin\\Debug\\net7.0\\fine-code-coverage\\build-output\\Tests.dll","CodeFilePath":null,"LineNumber":0,"Properties":[{"Key":{"Id":"NUnit.Seed","Label":"Seed","Category":"","Description":"","Attributes":0,"ValueType":"System.String"},"Value":"860897438"}]},"Attachments":[],"Outcome":1,"ErrorMessage":null,"ErrorStackTrace":null,"DisplayName":"ParsingJwtReturnsIEnumerableWithClaims","Messages":[],"ComputerName":"DESKTOP-4Q7MK15","Duration":"00:00:00.0026090","StartTime":"2022-11-18T14:36:42.5996472+00:00","EndTime":"2022-11-18T14:36:42.6022557+00:00","Properties":[{"Key":{"Id":"NUnit.Seed","Label":"Seed","Category":"","Description":"","Attributes":0,"ValueType":"System.String"},"Value":"860897438"}]}],"TestRunStatistics":{"ExecutedTests":9,"Stats":{"Passed":9}},"ActiveTests":[{"Id":"55a182ec-c9cc-ff17-169c-2ff8b275ae41","FullyQualifiedName":"SpendLess.UnitTests.Tests.ProvidingEmptyEmailReturnsMessage","DisplayName":"ProvidingEmptyEmailReturnsMessage","ExecutorUri":"executor://NUnit3TestExecutor","Source":"D:\\C#\\PROJECT\\SpendLess\\SpendLess\\UnitTests\\bin\\Debug\\net7.0\\fine-code-coverage\\build-output\\Tests.dll","CodeFilePath":null,"LineNumber":0,"Properties":[{"Key":{"Id":"NUnit.Seed","Label":"Seed","Category":"","Description":"","Attributes":0,"ValueType":"System.String"},"Value":"825506815"}]}]}}
TpTrace Verbose: 0 : 6112, 13, 2022/11/18, 16:36:42.640, 66844269806, vstest.console.dll, TestRunRequest:SendTestRunStatsChange: Starting.
TpTrace Verbose: 0 : 6112, 13, 2022/11/18, 16:36:42.640, 66844272869, vstest.console.dll, InProgress is ProvidingEmptyEmailReturnsMessage
TpTrace Verbose: 0 : 6112, 13, 2022/11/18, 16:36:42.640, 66844275890, vstest.console.dll, MulticastDelegateUtilities.SafeInvoke: TestRun.RunStatsChanged: Invoking callbacks was skipped because there are no subscribers.
TpTrace Information: 0 : 6112, 13, 2022/11/18, 16:36:42.640, 66844276323, vstest.console.dll, TestRunRequest:SendTestRunStatsChange: Completed.
TpTrace Verbose: 0 : 6112, 13, 2022/11/18, 16:36:42.640, 66844276660, vstest.console.dll, MulticastDelegateUtilities.SafeInvoke: LengthPrefixCommunicationChannel: MessageReceived: Invoking callback 1/1 for Microsoft.VisualStudio.TestPlatform.CommunicationUtilities.TestRequestSender+<>c__DisplayClass31_0., took 21 ms.
TpTrace Verbose: 0 : 6112, 13, 2022/11/18, 16:36:42.640, 66844277244, vstest.console.dll, TcpClientExtensions.MessageLoopAsync: Polling on remoteEndPoint: 127.0.0.1:61362 localEndPoint: 127.0.0.1:61360
TpTrace Verbose: 0 : 6112, 4, 2022/11/18, 16:36:42.642, 66844294703, vstest.console.dll, MulticastDelegateUtilities.SafeInvoke: InternalTestLoggerEvents.SendTestResult: Invoking callback 1/1 for Microsoft.VisualStudio.TestPlatform.CommandLine.Internal.ConsoleLogger., took 1 ms.
TpTrace Verbose: 0 : 6112, 4, 2022/11/18, 16:36:42.642, 66844297046, vstest.console.dll, MulticastDelegateUtilities.SafeInvoke: InternalTestLoggerEvents.SendTestResult: Invoking callback 1/1 for Microsoft.VisualStudio.TestPlatform.CommandLine.Internal.ConsoleLogger., took 0 ms.
TpTrace Verbose: 0 : 6112, 4, 2022/11/18, 16:36:42.642, 66844297530, vstest.console.dll, MulticastDelegateUtilities.SafeInvoke: InternalTestLoggerEvents.SendTestResult: Invoking callback 1/1 for Microsoft.VisualStudio.TestPlatform.CommandLine.Internal.ConsoleLogger., took 0 ms.
TpTrace Verbose: 0 : 6112, 4, 2022/11/18, 16:36:42.642, 66844297784, vstest.console.dll, MulticastDelegateUtilities.SafeInvoke: InternalTestLoggerEvents.SendTestResult: Invoking callback 1/1 for Microsoft.VisualStudio.TestPlatform.CommandLine.Internal.ConsoleLogger., took 0 ms.
TpTrace Verbose: 0 : 6112, 4, 2022/11/18, 16:36:42.642, 66844297996, vstest.console.dll, MulticastDelegateUtilities.SafeInvoke: InternalTestLoggerEvents.SendTestResult: Invoking callback 1/1 for Microsoft.VisualStudio.TestPlatform.CommandLine.Internal.ConsoleLogger., took 0 ms.
TpTrace Verbose: 0 : 6112, 4, 2022/11/18, 16:36:42.642, 66844298192, vstest.console.dll, MulticastDelegateUtilities.SafeInvoke: InternalTestLoggerEvents.SendTestResult: Invoking callback 1/1 for Microsoft.VisualStudio.TestPlatform.CommandLine.Internal.ConsoleLogger., took 0 ms.
TpTrace Verbose: 0 : 6112, 4, 2022/11/18, 16:36:42.642, 66844298435, vstest.console.dll, MulticastDelegateUtilities.SafeInvoke: InternalTestLoggerEvents.SendTestResult: Invoking callback 1/1 for Microsoft.VisualStudio.TestPlatform.CommandLine.Internal.ConsoleLogger., took 0 ms.
TpTrace Verbose: 0 : 6112, 4, 2022/11/18, 16:36:42.643, 66844298691, vstest.console.dll, MulticastDelegateUtilities.SafeInvoke: InternalTestLoggerEvents.SendTestResult: Invoking callback 1/1 for Microsoft.VisualStudio.TestPlatform.CommandLine.Internal.ConsoleLogger., took 0 ms.
TpTrace Verbose: 0 : 6112, 4, 2022/11/18, 16:36:42.643, 66844298893, vstest.console.dll, MulticastDelegateUtilities.SafeInvoke: InternalTestLoggerEvents.SendTestResult: Invoking callback 1/1 for Microsoft.VisualStudio.TestPlatform.CommandLine.Internal.ConsoleLogger., took 0 ms.
TpTrace Verbose: 0 : 6112, 13, 2022/11/18, 16:36:42.643, 66844301644, vstest.console.dll, TcpClientExtensions.MessageLoopAsync: NotifyDataAvailable remoteEndPoint: 127.0.0.1:61362 localEndPoint: 127.0.0.1:61360
TpTrace Verbose: 0 : 6112, 13, 2022/11/18, 16:36:42.643, 66844302648, vstest.console.dll, TestRequestSender.OnExecutionMessageReceived: Received message: {"Version":7,"MessageType":"TestExecution.StatsChange","Payload":{"NewTestResults":[{"TestCase":{"Id":"55a182ec-c9cc-ff17-169c-2ff8b275ae41","FullyQualifiedName":"SpendLess.UnitTests.Tests.ProvidingEmptyEmailReturnsMessage","DisplayName":"ProvidingEmptyEmailReturnsMessage","ExecutorUri":"executor://NUnit3TestExecutor","Source":"D:\\C#\\PROJECT\\SpendLess\\SpendLess\\UnitTests\\bin\\Debug\\net7.0\\fine-code-coverage\\build-output\\Tests.dll","CodeFilePath":null,"LineNumber":0,"Properties":[{"Key":{"Id":"NUnit.Seed","Label":"Seed","Category":"","Description":"","Attributes":0,"ValueType":"System.String"},"Value":"825506815"}]},"Attachments":[],"Outcome":1,"ErrorMessage":null,"ErrorStackTrace":null,"DisplayName":"ProvidingEmptyEmailReturnsMessage","Messages":[],"ComputerName":"DESKTOP-4Q7MK15","Duration":"00:00:00.0002270","StartTime":"2022-11-18T14:36:42.6022782+00:00","EndTime":"2022-11-18T14:36:42.6025046+00:00","Properties":[{"Key":{"Id":"NUnit.Seed","Label":"Seed","Category":"","Description":"","Attributes":0,"ValueType":"System.String"},"Value":"825506815"}]},{"TestCase":{"Id":"2fc852fe-7391-3434-4237-b3aad133f62c","FullyQualifiedName":"SpendLess.UnitTests.Tests.ProvidingEmptyPasswordReturnsMessage","DisplayName":"ProvidingEmptyPasswordReturnsMessage","ExecutorUri":"executor://NUnit3TestExecutor","Source":"D:\\C#\\PROJECT\\SpendLess\\SpendLess\\UnitTests\\bin\\Debug\\net7.0\\fine-code-coverage\\build-output\\Tests.dll","CodeFilePath":null,"LineNumber":0,"Properties":[{"Key":{"Id":"NUnit.Seed","Label":"Seed","Category":"","Description":"","Attributes":0,"ValueType":"System.String"},"Value":"1433533411"}]},"Attachments":[],"Outcome":1,"ErrorMessage":null,"ErrorStackTrace":null,"DisplayName":"ProvidingEmptyPasswordReturnsMessage","Messages":[],"ComputerName":"DESKTOP-4Q7MK15","Duration":"00:00:00.0001979","StartTime":"2022-11-18T14:36:42.6025127+00:00","EndTime":"2022-11-18T14:36:42.602711+00:00","Properties":[{"Key":{"Id":"NUnit.Seed","Label":"Seed","Category":"","Description":"","Attributes":0,"ValueType":"System.String"},"Value":"1433533411"}]},{"TestCase":{"Id":"60f32ccb-c31e-e61a-f415-b2f677db7d6d","FullyQualifiedName":"SpendLess.UnitTests.Tests.ProvidingInvalidEmailReturnsMessage(\"email\")","DisplayName":"ProvidingInvalidEmailReturnsMessage(\"email\")","ExecutorUri":"executor://NUnit3TestExecutor","Source":"D:\\C#\\PROJECT\\SpendLess\\SpendLess\\UnitTests\\bin\\Debug\\net7.0\\fine-code-coverage\\build-output\\Tests.dll","CodeFilePath":null,"LineNumber":0,"Properties":[{"Key":{"Id":"NUnit.Seed","Label":"Seed","Category":"","Description":"","Attributes":0,"ValueType":"System.String"},"Value":"1435723577"}]},"Attachments":[],"Outcome":1,"ErrorMessage":null,"ErrorStackTrace":null,"DisplayName":"ProvidingInvalidEmailReturnsMessage(\"email\")","Messages":[],"ComputerName":"DESKTOP-4Q7MK15","Duration":"00:00:00.0023760","StartTime":"2022-11-18T14:36:42.6027586+00:00","EndTime":"2022-11-18T14:36:42.6051344+00:00","Properties":[{"Key":{"Id":"NUnit.Seed","Label":"Seed","Category":"","Description":"","Attributes":0,"ValueType":"System.String"},"Value":"1435723577"}]},{"TestCase":{"Id":"d41efd26-e249-721a-c806-cabf3adfeadc","FullyQualifiedName":"SpendLess.UnitTests.Tests.ProvidingInvalidEmailReturnsMessage(\"email@\")","DisplayName":"ProvidingInvalidEmailReturnsMessage(\"email@\")","ExecutorUri":"executor://NUnit3TestExecutor","Source":"D:\\C#\\PROJECT\\SpendLess\\SpendLess\\UnitTests\\bin\\Debug\\net7.0\\fine-code-coverage\\build-output\\Tests.dll","CodeFilePath":null,"LineNumber":0,"Properties":[{"Key":{"Id":"NUnit.Seed","Label":"Seed","Category":"","Description":"","Attributes":0,"ValueType":"System.String"},"Value":"298911095"}]},"Attachments":[],"Outcome":1,"ErrorMessage":null,"ErrorStackTrace":null,"DisplayName":"ProvidingInvalidEmailReturnsMessage(\"email@\")","Messages":[],"ComputerName":"DESKTOP-4Q7MK15","Duration":"00:00:00.0001530","StartTime":"2022-11-18T14:36:42.6051518+00:00","EndTime":"2022-11-18T14:36:42.605305+00:00","Properties":[{"Key":{"Id":"NUnit.Seed","Label":"Seed","Category":"","Description":"","Attributes":0,"ValueType":"System.String"},"Value":"298911095"}]},{"TestCase":{"Id":"dcc59305-45c4-45bb-3cfd-f16840d115d4","FullyQualifiedName":"SpendLess.UnitTests.Tests.ProvidingInvalidEmailReturnsMessage(\"email@com\")","DisplayName":"ProvidingInvalidEmailReturnsMessage(\"email@com\")","ExecutorUri":"executor://NUnit3TestExecutor","Source":"D:\\C#\\PROJECT\\SpendLess\\SpendLess\\UnitTests\\bin\\Debug\\net7.0\\fine-code-coverage\\build-output\\Tests.dll","CodeFilePath":null,"LineNumber":0,"Properties":[{"Key":{"Id":"NUnit.Seed","Label":"Seed","Category":"","Description":"","Attributes":0,"ValueType":"System.String"},"Value":"1562160339"}]},"Attachments":[],"Outcome":1,"ErrorMessage":null,"ErrorStackTrace":null,"DisplayName":"ProvidingInvalidEmailReturnsMessage(\"email@com\")","Messages":[],"ComputerName":"DESKTOP-4Q7MK15","Duration":"00:00:00.0000200","StartTime":"2022-11-18T14:36:42.6053139+00:00","EndTime":"2022-11-18T14:36:42.6053336+00:00","Properties":[{"Key":{"Id":"NUnit.Seed","Label":"Seed","Category":"","Description":"","Attributes":0,"ValueType":"System.String"},"Value":"1562160339"}]},{"TestCase":{"Id":"a0428869-1553-7379-7178-b02f7ea25dd0","FullyQualifiedName":"SpendLess.UnitTests.Tests.ProvidingInvalidEmailReturnsMessage(\"@gmail.com\")","DisplayName":"ProvidingInvalidEmailReturnsMessage(\"@gmail.com\")","ExecutorUri":"executor://NUnit3TestExecutor","Source":"D:\\C#\\PROJECT\\SpendLess\\SpendLess\\UnitTests\\bin\\Debug\\net7.0\\fine-code-coverage\\build-output\\Tests.dll","CodeFilePath":null,"LineNumber":0,"Properties":[{"Key":{"Id":"NUnit.Seed","Label":"Seed","Category":"","Description":"","Attributes":0,"ValueType":"System.String"},"Value":"1663282842"}]},"Attachments":[],"Outcome":1,"ErrorMessage":null,"ErrorStackTrace":null,"DisplayName":"ProvidingInvalidEmailReturnsMessage(\"@gmail.com\")","Messages":[],"ComputerName":"DESKTOP-4Q7MK15","Duration":"00:00:00.0000100","StartTime":"2022-11-18T14:36:42.605337+00:00","EndTime":"2022-11-18T14:36:42.6053465+00:00","Properties":[{"Key":{"Id":"NUnit.Seed","Label":"Seed","Category":"","Description":"","Attributes":0,"ValueType":"System.String"},"Value":"1663282842"}]},{"TestCase":{"Id":"c18e0101-174d-633b-e10e-50bba1166fda","FullyQualifiedName":"SpendLess.UnitTests.Tests.ProvidingInvalidRequestReturnsFalse","DisplayName":"ProvidingInvalidRequestReturnsFalse","ExecutorUri":"executor://NUnit3TestExecutor","Source":"D:\\C#\\PROJECT\\SpendLess\\SpendLess\\UnitTests\\bin\\Debug\\net7.0\\fine-code-coverage\\build-output\\Tests.dll","CodeFilePath":null,"LineNumber":0,"Properties":[{"Key":{"Id":"NUnit.Seed","Label":"Seed","Category":"","Description":"","Attributes":0,"ValueType":"System.String"},"Value":"1872638246"}]},"Attachments":[],"Outcome":1,"ErrorMessage":null,"ErrorStackTrace":null,"DisplayName":"ProvidingInvalidRequestReturnsFalse","Messages":[],"ComputerName":"DESKTOP-4Q7MK15","Duration":"00:00:00.0002130","StartTime":"2022-11-18T14:36:42.6064838+00:00","EndTime":"2022-11-18T14:36:42.6066971+00:00","Properties":[{"Key":{"Id":"NUnit.Seed","Label":"Seed","Category":"","Description":"","Attributes":0,"ValueType":"System.String"},"Value":"1872638246"}]},{"TestCase":{"Id":"e35f2ea4-bbef-1af6-4aa4-91d984a9c773","FullyQualifiedName":"SpendLess.UnitTests.Tests.ProvidingPasswordWithoutCapitalLettersReturnsMessage","DisplayName":"ProvidingPasswordWithoutCapitalLettersReturnsMessage","ExecutorUri":"executor://NUnit3TestExecutor","Source":"D:\\C#\\PROJECT\\SpendLess\\SpendLess\\UnitTests\\bin\\Debug\\net7.0\\fine-code-coverage\\build-output\\Tests.dll","CodeFilePath":null,"LineNumber":0,"Properties":[{"Key":{"Id":"NUnit.Seed","Label":"Seed","Category":"","Description":"","Attributes":0,"ValueType":"System.String"},"Value":"305210466"}]},"Attachments":[],"Outcome":1,"ErrorMessage":null,"ErrorStackTrace":null,"DisplayName":"ProvidingPasswordWithoutCapitalLettersReturnsMessage","Messages":[],"ComputerName":"DESKTOP-4Q7MK15","Duration":"00:00:00.0006849","StartTime":"2022-11-18T14:36:42.6067048+00:00","EndTime":"2022-11-18T14:36:42.6073895+00:00","Properties":[{"Key":{"Id":"NUnit.Seed","Label":"Seed","Category":"","Description":"","Attributes":0,"ValueType":"System.String"},"Value":"305210466"}]},{"TestCase":{"Id":"34eb0fb8-772e-5dc2-9810-5905fa099219","FullyQualifiedName":"SpendLess.UnitTests.Tests.ProvidingPasswordWithoutDigitsReturnsMessage","DisplayName":"ProvidingPasswordWithoutDigitsReturnsMessage","ExecutorUri":"executor://NUnit3TestExecutor","Source":"D:\\C#\\PROJECT\\SpendLess\\SpendLess\\UnitTests\\bin\\Debug\\net7.0\\fine-code-coverage\\build-output\\Tests.dll","CodeFilePath":null,"LineNumber":0,"Properties":[{"Key":{"Id":"NUnit.Seed","Label":"Seed","Category":"","Description":"","Attributes":0,"ValueType":"System.String"},"Value":"365986633"}]},"Attachments":[],"Outcome":1,"ErrorMessage":null,"ErrorStackTrace":null,"DisplayName":"ProvidingPasswordWithoutDigitsReturnsMessage","Messages":[],"ComputerName":"DESKTOP-4Q7MK15","Duration":"00:00:00.0000970","StartTime":"2022-11-18T14:36:42.6073983+00:00","EndTime":"2022-11-18T14:36:42.6074956+00:00","Properties":[{"Key":{"Id":"NUnit.Seed","Label":"Seed","Category":"","Description":"","Attributes":0,"ValueType":"System.String"},"Value":"365986633"}]}],"TestRunStatistics":{"ExecutedTests":18,"Stats":{"Passed":18}},"ActiveTests":[{"Id":"c4b92e1f-a83a-8a41-a151-f7e2af7e6825","FullyQualifiedName":"SpendLess.UnitTests.Tests.ProvidingPasswordWithoutLowercaseLettersReturnsMessage","DisplayName":"ProvidingPasswordWithoutLowercaseLettersReturnsMessage","ExecutorUri":"executor://NUnit3TestExecutor","Source":"D:\\C#\\PROJECT\\SpendLess\\SpendLess\\UnitTests\\bin\\Debug\\net7.0\\fine-code-coverage\\build-output\\Tests.dll","CodeFilePath":null,"LineNumber":0,"Properties":[{"Key":{"Id":"NUnit.Seed","Label":"Seed","Category":"","Description":"","Attributes":0,"ValueType":"System.String"},"Value":"1459021836"}]}]}}
TpTrace Verbose: 0 : 6112, 13, 2022/11/18, 16:36:42.644, 66844313326, vstest.console.dll, TestRunRequest:SendTestRunStatsChange: Starting.
TpTrace Verbose: 0 : 6112, 13, 2022/11/18, 16:36:42.644, 66844313910, vstest.console.dll, InProgress is ProvidingPasswordWithoutLowercaseLettersReturnsMessage
TpTrace Verbose: 0 : 6112, 13, 2022/11/18, 16:36:42.644, 66844314555, vstest.console.dll, MulticastDelegateUtilities.SafeInvoke: TestRun.RunStatsChanged: Invoking callbacks was skipped because there are no subscribers.
TpTrace Information: 0 : 6112, 13, 2022/11/18, 16:36:42.644, 66844314886, vstest.console.dll, TestRunRequest:SendTestRunStatsChange: Completed.
TpTrace Verbose: 0 : 6112, 13, 2022/11/18, 16:36:42.644, 66844315055, vstest.console.dll, MulticastDelegateUtilities.SafeInvoke: LengthPrefixCommunicationChannel: MessageReceived: Invoking callback 1/1 for Microsoft.VisualStudio.TestPlatform.CommunicationUtilities.TestRequestSender+<>c__DisplayClass31_0., took 1 ms.
TpTrace Verbose: 0 : 6112, 13, 2022/11/18, 16:36:42.644, 66844315260, vstest.console.dll, TcpClientExtensions.MessageLoopAsync: Polling on remoteEndPoint: 127.0.0.1:61362 localEndPoint: 127.0.0.1:61360
TpTrace Verbose: 0 : 6112, 4, 2022/11/18, 16:36:42.644, 66844315798, vstest.console.dll, MulticastDelegateUtilities.SafeInvoke: InternalTestLoggerEvents.SendTestResult: Invoking callback 1/1 for Microsoft.VisualStudio.TestPlatform.CommandLine.Internal.ConsoleLogger., took 0 ms.
TpTrace Verbose: 0 : 6112, 4, 2022/11/18, 16:36:42.644, 66844316335, vstest.console.dll, MulticastDelegateUtilities.SafeInvoke: InternalTestLoggerEvents.SendTestResult: Invoking callback 1/1 for Microsoft.VisualStudio.TestPlatform.CommandLine.Internal.ConsoleLogger., took 0 ms.
TpTrace Verbose: 0 : 6112, 4, 2022/11/18, 16:36:42.644, 66844316597, vstest.console.dll, MulticastDelegateUtilities.SafeInvoke: InternalTestLoggerEvents.SendTestResult: Invoking callback 1/1 for Microsoft.VisualStudio.TestPlatform.CommandLine.Internal.ConsoleLogger., took 0 ms.
TpTrace Verbose: 0 : 6112, 4, 2022/11/18, 16:36:42.644, 66844316803, vstest.console.dll, MulticastDelegateUtilities.SafeInvoke: InternalTestLoggerEvents.SendTestResult: Invoking callback 1/1 for Microsoft.VisualStudio.TestPlatform.CommandLine.Internal.ConsoleLogger., took 0 ms.
TpTrace Verbose: 0 : 6112, 4, 2022/11/18, 16:36:42.644, 66844317033, vstest.console.dll, MulticastDelegateUtilities.SafeInvoke: InternalTestLoggerEvents.SendTestResult: Invoking callback 1/1 for Microsoft.VisualStudio.TestPlatform.CommandLine.Internal.ConsoleLogger., took 0 ms.
TpTrace Verbose: 0 : 6112, 4, 2022/11/18, 16:36:42.644, 66844317254, vstest.console.dll, MulticastDelegateUtilities.SafeInvoke: InternalTestLoggerEvents.SendTestResult: Invoking callback 1/1 for Microsoft.VisualStudio.TestPlatform.CommandLine.Internal.ConsoleLogger., took 0 ms.
TpTrace Verbose: 0 : 6112, 4, 2022/11/18, 16:36:42.644, 66844317443, vstest.console.dll, MulticastDelegateUtilities.SafeInvoke: InternalTestLoggerEvents.SendTestResult: Invoking callback 1/1 for Microsoft.VisualStudio.TestPlatform.CommandLine.Internal.ConsoleLogger., took 0 ms.
TpTrace Verbose: 0 : 6112, 4, 2022/11/18, 16:36:42.644, 66844317627, vstest.console.dll, MulticastDelegateUtilities.SafeInvoke: InternalTestLoggerEvents.SendTestResult: Invoking callback 1/1 for Microsoft.VisualStudio.TestPlatform.CommandLine.Internal.ConsoleLogger., took 0 ms.
TpTrace Verbose: 0 : 6112, 4, 2022/11/18, 16:36:42.645, 66844324287, vstest.console.dll, MulticastDelegateUtilities.SafeInvoke: InternalTestLoggerEvents.SendTestResult: Invoking callback 1/1 for Microsoft.VisualStudio.TestPlatform.CommandLine.Internal.ConsoleLogger., took 0 ms.
TpTrace Verbose: 0 : 6112, 13, 2022/11/18, 16:36:42.658, 66844451059, vstest.console.dll, TcpClientExtensions.MessageLoopAsync: NotifyDataAvailable remoteEndPoint: 127.0.0.1:61362 localEndPoint: 127.0.0.1:61360
TpTrace Verbose: 0 : 6112, 13, 2022/11/18, 16:36:42.658, 66844452263, vstest.console.dll, TestRequestSender.OnExecutionMessageReceived: Received message: {"Version":7,"MessageType":"TestSession.Message","Payload":{"MessageLevel":0,"Message":"NUnit Adapter 4.2.0.0: Test execution complete"}}
TpTrace Verbose: 0 : 6112, 13, 2022/11/18, 16:36:42.658, 66844453091, vstest.console.dll, TestRunRequest:SendTestRunMessage: Starting.
TpTrace Verbose: 0 : 6112, 13, 2022/11/18, 16:36:42.658, 66844453424, vstest.console.dll, MulticastDelegateUtilities.SafeInvoke: TestRun.LogMessages: Invoking callback 1/1 for Microsoft.VisualStudio.TestPlatform.CommandLine.TestRunResultAggregator., took 0 ms.
TpTrace Information: 0 : 6112, 13, 2022/11/18, 16:36:42.658, 66844453727, vstest.console.dll, TestRunRequest:SendTestRunMessage: Completed.
TpTrace Verbose: 0 : 6112, 13, 2022/11/18, 16:36:42.658, 66844453878, vstest.console.dll, MulticastDelegateUtilities.SafeInvoke: LengthPrefixCommunicationChannel: MessageReceived: Invoking callback 1/1 for Microsoft.VisualStudio.TestPlatform.CommunicationUtilities.TestRequestSender+<>c__DisplayClass31_0., took 0 ms.
TpTrace Verbose: 0 : 6112, 13, 2022/11/18, 16:36:42.658, 66844454077, vstest.console.dll, TcpClientExtensions.MessageLoopAsync: Polling on remoteEndPoint: 127.0.0.1:61362 localEndPoint: 127.0.0.1:61360
TpTrace Verbose: 0 : 6112, 4, 2022/11/18, 16:36:42.658, 66844454582, vstest.console.dll, MulticastDelegateUtilities.SafeInvoke: InternalTestLoggerEvents.SendTestRunMessage: Invoking callback 1/1 for Microsoft.VisualStudio.TestPlatform.CommandLine.Internal.ConsoleLogger., took 0 ms.
TpTrace Verbose: 0 : 6112, 13, 2022/11/18, 16:36:42.670, 66844568731, vstest.console.dll, TcpClientExtensions.MessageLoopAsync: NotifyDataAvailable remoteEndPoint: 127.0.0.1:61362 localEndPoint: 127.0.0.1:61360
TpTrace Verbose: 0 : 6112, 13, 2022/11/18, 16:36:42.670, 66844570184, vstest.console.dll, TestRequestSender.OnExecutionMessageReceived: Received message: {"Version":7,"MessageType":"TestExecution.Completed","Payload":{"TestRunCompleteArgs":{"TestRunStatistics":{"ExecutedTests":22,"Stats":{"Passed":22}},"IsCanceled":false,"IsAborted":false,"Error":null,"AttachmentSets":[],"InvokedDataCollectors":[],"ElapsedTimeInRunningTests":"00:00:00.3636497","Metrics":{},"DiscoveredExtensions":{"TestDiscoverers":["NUnit.VisualStudio.TestAdapter.NUnit3TestDiscoverer, NUnit3.TestAdapter, Version=4.2.0.0, Culture=neutral, PublicKeyToken=4cb40d35494691ac"],"TestExecutors":["executor://NUnit3TestExecutor"],"TestExecutors2":[],"TestSettingsProviders":[]}},"LastRunTests":{"NewTestResults":[{"TestCase":{"Id":"c4b92e1f-a83a-8a41-a151-f7e2af7e6825","FullyQualifiedName":"SpendLess.UnitTests.Tests.ProvidingPasswordWithoutLowercaseLettersReturnsMessage","DisplayName":"ProvidingPasswordWithoutLowercaseLettersReturnsMessage","ExecutorUri":"executor://NUnit3TestExecutor","Source":"D:\\C#\\PROJECT\\SpendLess\\SpendLess\\UnitTests\\bin\\Debug\\net7.0\\fine-code-coverage\\build-output\\Tests.dll","CodeFilePath":null,"LineNumber":0,"Properties":[{"Key":{"Id":"NUnit.Seed","Label":"Seed","Category":"","Description":"","Attributes":0,"ValueType":"System.String"},"Value":"1459021836"}]},"Attachments":[],"Outcome":1,"ErrorMessage":null,"ErrorStackTrace":null,"DisplayName":"ProvidingPasswordWithoutLowercaseLettersReturnsMessage","Messages":[],"ComputerName":"DESKTOP-4Q7MK15","Duration":"00:00:00.0001080","StartTime":"2022-11-18T14:36:42.6075016+00:00","EndTime":"2022-11-18T14:36:42.6076095+00:00","Properties":[{"Key":{"Id":"NUnit.Seed","Label":"Seed","Category":"","Description":"","Attributes":0,"ValueType":"System.String"},"Value":"1459021836"}]},{"TestCase":{"Id":"01356e1c-675e-627a-bfad-03b437dcd75d","FullyQualifiedName":"SpendLess.UnitTests.Tests.ProvidingTooShortPasswordReturnsMessage","DisplayName":"ProvidingTooShortPasswordReturnsMessage","ExecutorUri":"executor://NUnit3TestExecutor","Source":"D:\\C#\\PROJECT\\SpendLess\\SpendLess\\UnitTests\\bin\\Debug\\net7.0\\fine-code-coverage\\build-output\\Tests.dll","CodeFilePath":null,"LineNumber":0,"Properties":[{"Key":{"Id":"NUnit.Seed","Label":"Seed","Category":"","Description":"","Attributes":0,"ValueType":"System.String"},"Value":"144471208"}]},"Attachments":[],"Outcome":1,"ErrorMessage":null,"ErrorStackTrace":null,"DisplayName":"ProvidingTooShortPasswordReturnsMessage","Messages":[],"ComputerName":"DESKTOP-4Q7MK15","Duration":"00:00:00.0000660","StartTime":"2022-11-18T14:36:42.6076158+00:00","EndTime":"2022-11-18T14:36:42.6076819+00:00","Properties":[{"Key":{"Id":"NUnit.Seed","Label":"Seed","Category":"","Description":"","Attributes":0,"ValueType":"System.String"},"Value":"144471208"}]},{"TestCase":{"Id":"82a148f0-a71e-adeb-0fcb-02898b8785e9","FullyQualifiedName":"SpendLess.UnitTests.Tests.SuccessfulyCreatingAccountAddsTokenToLocalStorage","DisplayName":"SuccessfulyCreatingAccountAddsTokenToLocalStorage","ExecutorUri":"executor://NUnit3TestExecutor","Source":"D:\\C#\\PROJECT\\SpendLess\\SpendLess\\UnitTests\\bin\\Debug\\net7.0\\fine-code-coverage\\build-output\\Tests.dll","CodeFilePath":null,"LineNumber":0,"Properties":[{"Key":{"Id":"NUnit.Seed","Label":"Seed","Category":"","Description":"","Attributes":0,"ValueType":"System.String"},"Value":"856336034"}]},"Attachments":[],"Outcome":1,"ErrorMessage":null,"ErrorStackTrace":null,"DisplayName":"SuccessfulyCreatingAccountAddsTokenToLocalStorage","Messages":[],"ComputerName":"DESKTOP-4Q7MK15","Duration":"00:00:00.0040749","StartTime":"2022-11-18T14:36:42.6076871+00:00","EndTime":"2022-11-18T14:36:42.611762+00:00","Properties":[{"Key":{"Id":"NUnit.Seed","Label":"Seed","Category":"","Description":"","Attributes":0,"ValueType":"System.String"},"Value":"856336034"}]},{"TestCase":{"Id":"d1990de6-dc57-7384-1476-6dc71ba9c3ed","FullyQualifiedName":"SpendLess.UnitTests.Tests.SuccessfulyCreatingAccountReturnsTrue","DisplayName":"SuccessfulyCreatingAccountReturnsTrue","ExecutorUri":"executor://NUnit3TestExecutor","Source":"D:\\C#\\PROJECT\\SpendLess\\SpendLess\\UnitTests\\bin\\Debug\\net7.0\\fine-code-coverage\\build-output\\Tests.dll","CodeFilePath":null,"LineNumber":0,"Properties":[{"Key":{"Id":"NUnit.Seed","Label":"Seed","Category":"","Description":"","Attributes":0,"ValueType":"System.String"},"Value":"915842377"}]},"Attachments":[],"Outcome":1,"ErrorMessage":null,"ErrorStackTrace":null,"DisplayName":"SuccessfulyCreatingAccountReturnsTrue","Messages":[],"ComputerName":"DESKTOP-4Q7MK15","Duration":"00:00:00.0004590","StartTime":"2022-11-18T14:36:42.6117777+00:00","EndTime":"2022-11-18T14:36:42.6122359+00:00","Properties":[{"Key":{"Id":"NUnit.Seed","Label":"Seed","Category":"","Description":"","Attributes":0,"ValueType":"System.String"},"Value":"915842377"}]}],"TestRunStatistics":{"ExecutedTests":22,"Stats":{"Passed":22}},"ActiveTests":[]},"RunAttachments":[],"ExecutorUris":["executor://nunit3testexecutor/"]}}
TpTrace Verbose: 0 : 6112, 13, 2022/11/18, 16:36:42.670, 66844570961, vstest.console.dll, TestRequestSender.EndSession: Sending end session.
TpTrace Verbose: 0 : 6112, 13, 2022/11/18, 16:36:42.670, 66844572363, vstest.console.dll, ProxyOperationManager.Close: waiting for test host to exit for 100 ms
TpTrace Warning: 0 : 6112, 11, 2022/11/18, 16:36:42.708, 66844950587, vstest.console.dll, TestHostManagerCallbacks.ErrorReceivedCallback Test host standard error line: 
TpTrace Verbose: 0 : 6112, 11, 2022/11/18, 16:36:42.715, 66845023856, vstest.console.dll, TestHostProvider.ExitCallBack: Host exited starting callback.
TpTrace Information: 0 : 6112, 11, 2022/11/18, 16:36:42.715, 66845025893, vstest.console.dll, TestHostManagerCallbacks.ExitCallBack: Testhost processId: 4304 exited with exitcode: 0 error: ''
TpTrace Verbose: 0 : 6112, 11, 2022/11/18, 16:36:42.715, 66845026252, vstest.console.dll, DotnetTestHostManager.OnHostExited: invoking OnHostExited callback
TpTrace Verbose: 0 : 6112, 11, 2022/11/18, 16:36:42.715, 66845026660, vstest.console.dll, CrossPlatEngine.TestHostManagerHostExited: calling on client process exit callback.
TpTrace Information: 0 : 6112, 11, 2022/11/18, 16:36:42.715, 66845027012, vstest.console.dll, TestRequestSender.OnClientProcessExit: Test host process exited. Standard error: 
TpTrace Information: 0 : 6112, 11, 2022/11/18, 16:36:42.715, 66845027328, vstest.console.dll, SocketServer.Stop: Stop server endPoint: 127.0.0.1:61360
TpTrace Information: 0 : 6112, 11, 2022/11/18, 16:36:42.715, 66845027516, vstest.console.dll, SocketServer.Stop: Cancellation requested. Stopping message loop.
TpTrace Information: 0 : 6112, 13, 2022/11/18, 16:36:42.715, 66845028136, vstest.console.dll, SocketServer.Stop: Stop server endPoint: 127.0.0.1:61360
TpTrace Verbose: 0 : 6112, 11, 2022/11/18, 16:36:42.715, 66845028222, vstest.console.dll, MulticastDelegateUtilities.SafeInvoke: HostProviderEvents.OnHostExited: Invoking callback 1/1 for Microsoft.VisualStudio.TestPlatform.CrossPlatEngine.Client.ProxyOperationManager., took 0 ms.
TpTrace Information: 0 : 6112, 13, 2022/11/18, 16:36:42.716, 66845028692, vstest.console.dll, SocketServer.Stop: Cancellation requested. Stopping message loop.
TpTrace Information: 0 : 6112, 13, 2022/11/18, 16:36:42.716, 66845029456, vstest.console.dll, Closing the connection
TpTrace Verbose: 0 : 6112, 13, 2022/11/18, 16:36:42.716, 66845031215, vstest.console.dll, ProxyDataCollectionManager.InvokeDataCollectionServiceAction: Starting.
TpTrace Information: 0 : 6112, 13, 2022/11/18, 16:36:42.716, 66845031559, vstest.console.dll, ProxyDataCollectionManager.AfterTestRunEnd: Get attachment set and invoked data collectors processId: 7816 port: 61357
TpTrace Verbose: 0 : 6112, 13, 2022/11/18, 16:36:42.716, 66845031876, vstest.console.dll, DataCollectionRequestSender.SendAfterTestRunStartAndGetResult: Send AfterTestRunEnd message with isCancelled: False
TpTrace Verbose: 0 : 6112, 13, 2022/11/18, 16:36:42.722, 66845090833, vstest.console.dll, DataCollectionRequestSender.SendAfterTestRunStartAndGetResult: Received message: (DataCollection.AfterTestRunEndResult) -> {"MessageType":"DataCollection.AfterTestRunEndResult","Payload":{"AttachmentSets":[],"InvokedDataCollectors":[{"Uri":"datacollector://Microsoft/TestPlatform/Extensions/Blame/v1","FriendlyName":"Blame","AssemblyQualifiedName":"Microsoft.TestPlatform.Extensions.BlameDataCollector.BlameCollector, Microsoft.TestPlatform.Extensions.BlameDataCollector, Version=15.0.0.0, Culture=neutral, PublicKeyToken=b03f5f7f11d50a3a","FilePath":"C:\\Program Files\\dotnet\\sdk\\7.0.100\\Extensions\\Microsoft.TestPlatform.Extensions.BlameDataCollector.dll","HasAttachmentProcessor":false}],"Metrics":{}}}
TpTrace Information: 0 : 6112, 13, 2022/11/18, 16:36:42.726, 66845133330, vstest.console.dll, ProxyDataCollectionManager.InvokeDataCollectionServiceAction: Completed.
TpTrace Warning: 0 : 6112, 9, 2022/11/18, 16:36:42.748, 66845349385, vstest.console.dll, DataCollectionLauncher.ErrorReceivedCallback datacollector standard error line: 
TpTrace Information: 0 : 6112, 9, 2022/11/18, 16:36:42.754, 66845409063, vstest.console.dll, DataCollectionLauncher.ExitCallBack: Data collector exited with exitcode: 0 error: ''
TpTrace Verbose: 0 : 6112, 13, 2022/11/18, 16:36:42.758, 66845456444, vstest.console.dll, TestRunRequest:SendTestRunStatsChange: Starting.
TpTrace Verbose: 0 : 6112, 13, 2022/11/18, 16:36:42.758, 66845457203, vstest.console.dll, MulticastDelegateUtilities.SafeInvoke: TestRun.RunStatsChanged: Invoking callbacks was skipped because there are no subscribers.
TpTrace Information: 0 : 6112, 13, 2022/11/18, 16:36:42.758, 66845457377, vstest.console.dll, TestRunRequest:SendTestRunStatsChange: Completed.
TpTrace Verbose: 0 : 6112, 4, 2022/11/18, 16:36:42.758, 66845457755, vstest.console.dll, MulticastDelegateUtilities.SafeInvoke: InternalTestLoggerEvents.SendTestResult: Invoking callback 1/1 for Microsoft.VisualStudio.TestPlatform.CommandLine.Internal.ConsoleLogger., took 0 ms.
TpTrace Verbose: 0 : 6112, 4, 2022/11/18, 16:36:42.758, 66845458324, vstest.console.dll, MulticastDelegateUtilities.SafeInvoke: InternalTestLoggerEvents.SendTestResult: Invoking callback 1/1 for Microsoft.VisualStudio.TestPlatform.CommandLine.Internal.ConsoleLogger., took 0 ms.
TpTrace Verbose: 0 : 6112, 4, 2022/11/18, 16:36:42.759, 66845458591, vstest.console.dll, MulticastDelegateUtilities.SafeInvoke: InternalTestLoggerEvents.SendTestResult: Invoking callback 1/1 for Microsoft.VisualStudio.TestPlatform.CommandLine.Internal.ConsoleLogger., took 0 ms.
TpTrace Verbose: 0 : 6112, 4, 2022/11/18, 16:36:42.759, 66845458818, vstest.console.dll, MulticastDelegateUtilities.SafeInvoke: InternalTestLoggerEvents.SendTestResult: Invoking callback 1/1 for Microsoft.VisualStudio.TestPlatform.CommandLine.Internal.ConsoleLogger., took 0 ms.
TpTrace Verbose: 0 : 6112, 13, 2022/11/18, 16:36:42.759, 66845462547, vstest.console.dll, ParallelProxyExecutionManager: HandlePartialRunComplete: Total completed clients = 1, Run complete = True, Run canceled: False.
TpTrace Verbose: 0 : 6112, 4, 2022/11/18, 16:36:42.767, 66845541899, vstest.console.dll, MulticastDelegateUtilities.SafeInvoke: InternalTestLoggerEvents.SendTestRunComplete: Invoking callback 1/2 for Microsoft.TestPlatform.Extensions.BlameDataCollector.BlameLogger., took 0 ms.
TpTrace Verbose: 0 : 6112, 4, 2022/11/18, 16:36:42.772, 66845588522, vstest.console.dll, MulticastDelegateUtilities.SafeInvoke: InternalTestLoggerEvents.SendTestRunComplete: Invoking callback 2/2 for Microsoft.VisualStudio.TestPlatform.CommandLine.Internal.ConsoleLogger., took 4 ms.
TpTrace Verbose: 0 : 6112, 13, 2022/11/18, 16:36:42.772, 66845591151, vstest.console.dll, TestRunRequest:TestRunComplete: Starting. IsAborted:False IsCanceled:False.
TpTrace Verbose: 0 : 6112, 13, 2022/11/18, 16:36:42.773, 66845604800, vstest.console.dll, TestLoggerManager.HandleTestRunComplete: Ignoring as the object is disposed.
TpTrace Verbose: 0 : 6112, 13, 2022/11/18, 16:36:42.773, 66845607236, vstest.console.dll, MulticastDelegateUtilities.SafeInvoke: TestRun.TestRunComplete: Invoking callback 1/2 for Microsoft.VisualStudio.TestPlatform.CommandLine.TestRunResultAggregator., took 0 ms.
TpTrace Verbose: 0 : 6112, 13, 2022/11/18, 16:36:42.774, 66845608721, vstest.console.dll, MulticastDelegateUtilities.SafeInvoke: TestRun.TestRunComplete: Invoking callback 2/2 for Microsoft.VisualStudio.TestPlatform.CommandLine.Processors.RunTestsArgumentExecutor+TestRunRequestEventsRegistrar., took 0 ms.
TpTrace Information: 0 : 6112, 13, 2022/11/18, 16:36:42.774, 66845609466, vstest.console.dll, TestRunRequest:TestRunComplete: Completed.
TpTrace Verbose: 0 : 6112, 13, 2022/11/18, 16:36:42.774, 66845609704, vstest.console.dll, TestRequestSender.SetOperationComplete: Setting operation complete.
TpTrace Information: 0 : 6112, 13, 2022/11/18, 16:36:42.774, 66845609860, vstest.console.dll, SocketServer.Stop: Stop server endPoint: 127.0.0.1:61360
TpTrace Information: 0 : 6112, 13, 2022/11/18, 16:36:42.774, 66845610013, vstest.console.dll, SocketServer.Stop: Cancellation requested. Stopping message loop.
TpTrace Verbose: 0 : 6112, 13, 2022/11/18, 16:36:42.774, 66845610225, vstest.console.dll, MulticastDelegateUtilities.SafeInvoke: LengthPrefixCommunicationChannel: MessageReceived: Invoking callback 1/1 for Microsoft.VisualStudio.TestPlatform.CommunicationUtilities.TestRequestSender+<>c__DisplayClass31_0., took 104 ms.
TpTrace Verbose: 0 : 6112, 1, 2022/11/18, 16:36:42.774, 66845610211, vstest.console.dll, TestRunRequest.Dispose: Starting.
TpTrace Information: 0 : 6112, 1, 2022/11/18, 16:36:42.774, 66845610862, vstest.console.dll, TestRunRequest.Dispose: Completed.
TpTrace Information: 0 : 6112, 13, 2022/11/18, 16:36:42.774, 66845610886, vstest.console.dll, SocketServer.PrivateStop: Stopping server endPoint: 127.0.0.1:61360 error: 
TpTrace Information: 0 : 6112, 1, 2022/11/18, 16:36:42.774, 66845611177, vstest.console.dll, TestRequestManager.RunTests: run tests completed.
TpTrace Information: 0 : 6112, 1, 2022/11/18, 16:36:42.774, 66845612511, vstest.console.dll, RunTestsArgumentProcessor:Execute: Test run is completed.
TpTrace Verbose: 0 : 6112, 1, 2022/11/18, 16:36:42.774, 66845614369, vstest.console.dll, Executor.Execute: Exiting with exit code of 0
TpTrace Verbose: 0 : 6112, 13, 2022/11/18, 16:36:42.774, 66845614488, vstest.console.dll, LengthPrefixCommunicationChannel.Dispose: Dispose reader and writer.
TpTrace Information: 0 : 6112, 13, 2022/11/18, 16:36:42.774, 66845615135, vstest.console.dll, SocketServer.Stop: Raise disconnected event endPoint: 127.0.0.1:61360 error: 
TpTrace Verbose: 0 : 6112, 13, 2022/11/18, 16:36:42.774, 66845615774, vstest.console.dll, TestRequestSender: OnTestRunAbort: Operation is already complete. Skip error message.
TpTrace Verbose: 0 : 6112, 13, 2022/11/18, 16:36:42.774, 66845616025, vstest.console.dll, MulticastDelegateUtilities.SafeInvoke: SocketServer: ClientDisconnected: Invoking callback 1/1 for Microsoft.VisualStudio.TestPlatform.CommunicationUtilities.TestRequestSender., took 0 ms.
TpTrace Verbose: 0 : 6112, 13, 2022/11/18, 16:36:42.774, 66845616312, vstest.console.dll, TcpClientExtensions.MessageLoopAsync: exiting MessageLoopAsync remoteEndPoint: 127.0.0.1:61362 localEndPoint: 127.0.0.1:61360
